#
# There is insufficient memory for the Java Runtime Environment to continue.
# Native memory allocation (mmap) failed to map 652214272 bytes for committing reserved memory.
# Possible reasons:
#   The system is out of physical RAM or swap space
#   The process is running with CompressedOops enabled, and the Java Heap may be blocking the growth of the native heap
# Possible solutions:
#   Reduce memory load on the system
#   Increase physical memory or swap space
#   Check if swap backing store is full
#   Decrease Java heap size (-Xmx/-Xms)
#   Decrease number of Java threads
#   Decrease Java thread stack sizes (-Xss)
#   Set larger code cache with -XX:ReservedCodeCacheSize=
#   JVM is running with Unscaled Compressed Oops mode in which the Java heap is
#     placed in the first 4GB address space. The Java Heap base address is the
#     maximum limit for the native heap growth. Please use -XX:HeapBaseMinAddress
#     to set the Java Heap base and to place the Java Heap above 4GB virtual address.
# This output file may be truncated or incomplete.
#
#  Out of Memory Error (os_linux.cpp:2908), pid=20737, tid=20744
#
# JRE version: OpenJDK Runtime Environment (14.0.1+7) (build 14.0.1+7)
# Java VM: OpenJDK 64-Bit Server VM (14.0.1+7, mixed mode, sharing, tiered, compressed oops, g1 gc, linux-amd64)
# No core dump will be written. Core dumps have been disabled. To enable core dumping, try "ulimit -c unlimited" before starting Java again
#

---------------  S U M M A R Y ------------

Command Line: -javaagent:/home/benedikt/IntelliJ/lib/idea_rt.jar=43475:/home/benedikt/IntelliJ/bin -Dfile.encoding=UTF-8 muehle.AppKt

Host: AMD A10-9600P RADEON R5, 10 COMPUTE CORES 4C+6G, 4 cores, 7G, MX 19.2 patito feo
Time: Sun Jul 26 21:38:47 2020 CEST elapsed time: 13 seconds (0d 0h 0m 13s)

---------------  T H R E A D  ---------------

Current thread (0x00007f57e0165800):  VMThread "VM Thread" [stack: 0x00007f57c42fd000,0x00007f57c43fd000] [id=20744]

Stack: [0x00007f57c42fd000,0x00007f57c43fd000],  sp=0x00007f57c43fad50,  free space=1015k
Native frames: (J=compiled Java code, A=aot compiled Java code, j=interpreted, Vv=VM code, C=native code)
V  [libjvm.so+0xd30997]  VMError::report_and_die(int, char const*, char const*, __va_list_tag*, Thread*, unsigned char*, void*, void*, char const*, int, unsigned long)+0x377
V  [libjvm.so+0xd3159b]  VMError::report_and_die(Thread*, char const*, int, unsigned long, VMErrorType, char const*, __va_list_tag*)+0x2b
V  [libjvm.so+0x581795]  report_vm_out_of_memory(char const*, int, unsigned long, VMErrorType, char const*, ...)+0xc5
V  [libjvm.so+0xb202f8]  os::pd_commit_memory_or_exit(char*, unsigned long, unsigned long, bool, char const*)+0xd8
V  [libjvm.so+0xb1785d]  os::commit_memory_or_exit(char*, unsigned long, unsigned long, bool, char const*)+0x1d
V  [libjvm.so+0x6b27fc]  G1PageBasedVirtualSpace::commit_preferred_pages(unsigned long, unsigned long)+0x6c
V  [libjvm.so+0x6b2bf4]  G1PageBasedVirtualSpace::commit(unsigned long, unsigned long)+0x164
V  [libjvm.so+0x6c07c7]  G1RegionsLargerThanCommitSizeMapper::commit_regions(unsigned int, unsigned long, WorkGang*)+0x57
V  [libjvm.so+0x7425ee]  HeapRegionManager::commit_regions(unsigned int, unsigned long, WorkGang*)+0x4e
V  [libjvm.so+0x743a32]  HeapRegionManager::make_regions_available(unsigned int, unsigned int, WorkGang*)+0x32
V  [libjvm.so+0x743f87]  HeapRegionManager::expand_at(unsigned int, unsigned int, WorkGang*)+0xf7
V  [libjvm.so+0x669ca0]  G1CollectedHeap::expand(unsigned long, WorkGang*, double*)+0xe0
V  [libjvm.so+0x66f263]  G1CollectedHeap::do_collection_pause_at_safepoint(double)+0xfe3
V  [libjvm.so+0x6df87c]  VM_G1CollectForAllocation::doit()+0x7c
V  [libjvm.so+0xd32016]  VM_Operation::evaluate()+0xe6
V  [libjvm.so+0xd37853]  VMThread::evaluate_operation(VM_Operation*) [clone .constprop.78]+0xc3
V  [libjvm.so+0xd37dd3]  VMThread::loop()+0x503
V  [libjvm.so+0xd380e7]  VMThread::run()+0x77
V  [libjvm.so+0xcc750d]  Thread::call_run()+0x10d
V  [libjvm.so+0xb24ba7]  thread_native_entry(Thread*)+0xe7

VM_Operation (0x00007f57e54e1a60): G1CollectForAllocation, mode: safepoint, requested by thread 0x00007f57e002b800


---------------  P R O C E S S  ---------------

Threads class SMR info:
_java_thread_list=0x00007f57e05734a0, length=23, elements={
0x00007f57e002b800, 0x00007f57e0168800, 0x00007f57e016a800, 0x00007f57e0170800,
0x00007f57e0172800, 0x00007f57e0174800, 0x00007f57e0176800, 0x00007f57e0178800,
0x00007f57e0186800, 0x00007f57e02e8800, 0x00007f57e02e9800, 0x00007f57e04cf000,
0x00007f5794001000, 0x00007f57e0550800, 0x00007f57e0552000, 0x00007f57e0553800,
0x00007f57e0555800, 0x00007f57e0557000, 0x00007f57e0559000, 0x00007f57e055a800,
0x00007f57e055c800, 0x00007f57e0561800, 0x00007f57e0573800
}

Java Threads: ( => current thread )
  0x00007f57e002b800 JavaThread "main" [_thread_blocked, id=20738, stack(0x00007f57e53e3000,0x00007f57e54e4000)]
  0x00007f57e0168800 JavaThread "Reference Handler" daemon [_thread_blocked, id=20745, stack(0x00007f57c41fa000,0x00007f57c42fb000)]
  0x00007f57e016a800 JavaThread "Finalizer" daemon [_thread_blocked, id=20746, stack(0x00007f57c40f9000,0x00007f57c41fa000)]
  0x00007f57e0170800 JavaThread "Signal Dispatcher" daemon [_thread_blocked, id=20747, stack(0x00007f57b56ff000,0x00007f57b5800000)]
  0x00007f57e0172800 JavaThread "Service Thread" daemon [_thread_blocked, id=20748, stack(0x00007f57b55fe000,0x00007f57b56ff000)]
  0x00007f57e0174800 JavaThread "C2 CompilerThread0" daemon [_thread_blocked, id=20749, stack(0x00007f57b54fd000,0x00007f57b55fe000)]
  0x00007f57e0176800 JavaThread "C1 CompilerThread0" daemon [_thread_blocked, id=20750, stack(0x00007f57b53fc000,0x00007f57b54fd000)]
  0x00007f57e0178800 JavaThread "Sweeper thread" daemon [_thread_blocked, id=20751, stack(0x00007f57b52fb000,0x00007f57b53fc000)]
  0x00007f57e0186800 JavaThread "Common-Cleaner" daemon [_thread_blocked, id=20752, stack(0x00007f57b51fa000,0x00007f57b52fb000)]
  0x00007f57e02e8800 JavaThread "Monitor Ctrl-Break" daemon [_thread_in_native, id=20753, stack(0x00007f57b50f9000,0x00007f57b51fa000)]
  0x00007f57e02e9800 JavaThread "Notification Thread" daemon [_thread_blocked, id=20754, stack(0x00007f57b4ff8000,0x00007f57b50f9000)]
  0x00007f57e04cf000 JavaThread "Thread-0" [_thread_blocked, id=20756, stack(0x00007f57b4df5000,0x00007f57b4ef6000)]
  0x00007f5794001000 JavaThread "Attach Listener" daemon [_thread_blocked, id=20757, stack(0x00007f57b4cf4000,0x00007f57b4df5000)]
  0x00007f57e0550800 JavaThread "qtp94345706-15" [_thread_in_native, id=20761, stack(0x00007f57b48ed000,0x00007f57b49ee000)]
  0x00007f57e0552000 JavaThread "qtp94345706-16" [_thread_in_native, id=20762, stack(0x00007f57b47ec000,0x00007f57b48ed000)]
  0x00007f57e0553800 JavaThread "qtp94345706-17-acceptor-0@327da385-ServerConnector@185d8b6{HTTP/1.1,[http/1.1]}{0.0.0.0:7070}" [_thread_in_native, id=20763, stack(0x00007f57b46eb000,0x00007f57b47ec000)]
  0x00007f57e0555800 JavaThread "qtp94345706-18" [_thread_blocked, id=20764, stack(0x00007f57b45ea000,0x00007f57b46eb000)]
  0x00007f57e0557000 JavaThread "qtp94345706-19" [_thread_blocked, id=20765, stack(0x00007f57b44e9000,0x00007f57b45ea000)]
  0x00007f57e0559000 JavaThread "qtp94345706-20" [_thread_blocked, id=20766, stack(0x00007f57b43e8000,0x00007f57b44e9000)]
  0x00007f57e055a800 JavaThread "qtp94345706-21" [_thread_blocked, id=20767, stack(0x00007f57b42e7000,0x00007f57b43e8000)]
  0x00007f57e055c800 JavaThread "qtp94345706-22" [_thread_blocked, id=20768, stack(0x00007f57b41e6000,0x00007f57b42e7000)]
  0x00007f57e0561800 JavaThread "Scheduler-1301664418-1" [_thread_blocked, id=20769, stack(0x00007f57b40e5000,0x00007f57b41e6000)]
  0x00007f57e0573800 JavaThread "Session-HouseKeeper-3aeaafa6-1" [_thread_blocked, id=20770, stack(0x00007f579bacb000,0x00007f579bbcc000)]

Other Threads:
=>0x00007f57e0165800 VMThread "VM Thread" [stack: 0x00007f57c42fd000,0x00007f57c43fd000] [id=20744]
  0x00007f57e02eb000 WatcherThread [stack: 0x00007f57b4ef8000,0x00007f57b4ff8000] [id=20755]
  0x00007f57e0069800 GCTaskThread "GC Thread#0" [stack: 0x00007f57e413a000,0x00007f57e423a000] [id=20739]
  0x00007f57ac001000 GCTaskThread "GC Thread#1" [stack: 0x00007f57b4bf4000,0x00007f57b4cf4000] [id=20758]
  0x00007f57ac002800 GCTaskThread "GC Thread#2" [stack: 0x00007f57b4af2000,0x00007f57b4bf2000] [id=20759]
  0x00007f57ac003800 GCTaskThread "GC Thread#3" [stack: 0x00007f57b49f0000,0x00007f57b4af0000] [id=20760]
  0x00007f57e007a000 ConcurrentGCThread "G1 Main Marker" [stack: 0x00007f57e4038000,0x00007f57e4138000] [id=20740]
  0x00007f57e007c000 ConcurrentGCThread "G1 Conc#0" [stack: 0x00007f57c4b24000,0x00007f57c4c24000] [id=20741]
  0x00007f57e00ed800 ConcurrentGCThread "G1 Refine#0" [stack: 0x00007f57c461e000,0x00007f57c471e000] [id=20742]
  0x00007f57b0001800 ConcurrentGCThread "G1 Refine#1" [stack: 0x00007f579b9cb000,0x00007f579bacb000] [id=20771]
  0x00007f5748001800 ConcurrentGCThread "G1 Refine#2" [stack: 0x00007f579b8c9000,0x00007f579b9c9000] [id=20772]
  0x00007f5744001800 ConcurrentGCThread "G1 Refine#3" [stack: 0x00007f579b7c7000,0x00007f579b8c7000] [id=20773]
  0x00007f57e00ef000 ConcurrentGCThread "G1 Young RemSet Sampling" [stack: 0x00007f57c451c000,0x00007f57c461c000] [id=20743]

Threads with active compile tasks:

VM state:at safepoint (normal execution)

VM Mutex/Monitor currently owned by a thread:  ([mutex/lock_event])
[0x00007f57e0026d10] Threads_lock - owner thread: 0x00007f57e0165800
[0x00007f57e0027550] Heap_lock - owner thread: 0x00007f57e002b800

Heap address: 0x000000008aa00000, size: 1878 MB, Compressed Oops mode: 32-bit
Narrow klass base: 0x0000000800000000, Narrow klass shift: 3
Compressed class space size: 1073741824 Address: 0x0000000800b0f000

Heap:
 garbage-first heap   total 967680K, used 141081K [0x000000008aa00000, 0x0000000100000000)
  region size 1024K, 1 young (1024K), 1 survivors (1024K)
 Metaspace       used 6613K, capacity 8060K, committed 8448K, reserved 1056768K
  class space    used 743K, capacity 881K, committed 1024K, reserved 1048576K
Heap Regions: E=young(eden), S=young(survivor), O=old, HS=humongous(starts), HC=humongous(continues), CS=collection set, F=free, OA=open archive, CA=closed archive, TAMS=top-at-mark-start (previous, next)
|   0|0x000000008aa00000, 0x000000008ab00000, 0x000000008ab00000|100%| O|  |TAMS 0x000000008ab00000, 0x000000008aa00000| Untracked 
|   1|0x000000008ab00000, 0x000000008ac00000, 0x000000008ac00000|100%| O|  |TAMS 0x000000008ac00000, 0x000000008ab00000| Untracked 
|   2|0x000000008ac00000, 0x000000008ad00000, 0x000000008ad00000|100%| O|  |TAMS 0x000000008ad00000, 0x000000008ac00000| Untracked 
|   3|0x000000008ad00000, 0x000000008ad24200, 0x000000008ae00000| 14%| O|  |TAMS 0x000000008ad24200, 0x000000008ad00000| Untracked 
|   4|0x000000008ae00000, 0x000000008aecf200, 0x000000008af00000| 80%| O|  |TAMS 0x000000008aecf200, 0x000000008ae00000| Untracked 
|   5|0x000000008af00000, 0x000000008af00000, 0x000000008b000000|  0%| F|  |TAMS 0x000000008af00000, 0x000000008af00000| Untracked 
|   6|0x000000008b000000, 0x000000008b000000, 0x000000008b100000|  0%| F|  |TAMS 0x000000008b000000, 0x000000008b000000| Untracked 
|   7|0x000000008b100000, 0x000000008b100000, 0x000000008b200000|  0%| F|  |TAMS 0x000000008b100000, 0x000000008b100000| Untracked 
|   8|0x000000008b200000, 0x000000008b200000, 0x000000008b300000|  0%| F|  |TAMS 0x000000008b200000, 0x000000008b200000| Untracked 
|   9|0x000000008b300000, 0x000000008b300000, 0x000000008b400000|  0%| F|  |TAMS 0x000000008b300000, 0x000000008b300000| Untracked 
|  10|0x000000008b400000, 0x000000008b400000, 0x000000008b500000|  0%| F|  |TAMS 0x000000008b400000, 0x000000008b400000| Untracked 
|  11|0x000000008b500000, 0x000000008b500000, 0x000000008b600000|  0%| F|  |TAMS 0x000000008b500000, 0x000000008b500000| Untracked 
|  12|0x000000008b600000, 0x000000008b600000, 0x000000008b700000|  0%| F|  |TAMS 0x000000008b600000, 0x000000008b600000| Untracked 
|  13|0x000000008b700000, 0x000000008b700000, 0x000000008b800000|  0%| F|  |TAMS 0x000000008b700000, 0x000000008b700000| Untracked 
|  14|0x000000008b800000, 0x000000008b800000, 0x000000008b900000|  0%| F|  |TAMS 0x000000008b800000, 0x000000008b800000| Untracked 
|  15|0x000000008b900000, 0x000000008b900000, 0x000000008ba00000|  0%| F|  |TAMS 0x000000008b900000, 0x000000008b900000| Untracked 
|  16|0x000000008ba00000, 0x000000008ba00000, 0x000000008bb00000|  0%| F|  |TAMS 0x000000008ba00000, 0x000000008ba00000| Untracked 
|  17|0x000000008bb00000, 0x000000008bb00000, 0x000000008bc00000|  0%| F|  |TAMS 0x000000008bb00000, 0x000000008bb00000| Untracked 
|  18|0x000000008bc00000, 0x000000008bc00000, 0x000000008bd00000|  0%| F|  |TAMS 0x000000008bc00000, 0x000000008bc00000| Untracked 
|  19|0x000000008bd00000, 0x000000008bd00000, 0x000000008be00000|  0%| F|  |TAMS 0x000000008bd00000, 0x000000008bd00000| Untracked 
|  20|0x000000008be00000, 0x000000008be00000, 0x000000008bf00000|  0%| F|  |TAMS 0x000000008be00000, 0x000000008be00000| Untracked 
|  21|0x000000008bf00000, 0x000000008bf00000, 0x000000008c000000|  0%| F|  |TAMS 0x000000008bf00000, 0x000000008bf00000| Untracked 
|  22|0x000000008c000000, 0x000000008c000000, 0x000000008c100000|  0%| F|  |TAMS 0x000000008c000000, 0x000000008c000000| Untracked 
|  23|0x000000008c100000, 0x000000008c100000, 0x000000008c200000|  0%| F|  |TAMS 0x000000008c100000, 0x000000008c100000| Untracked 
|  24|0x000000008c200000, 0x000000008c200000, 0x000000008c300000|  0%| F|  |TAMS 0x000000008c200000, 0x000000008c200000| Untracked 
|  25|0x000000008c300000, 0x000000008c300000, 0x000000008c400000|  0%| F|  |TAMS 0x000000008c300000, 0x000000008c300000| Untracked 
|  26|0x000000008c400000, 0x000000008c400000, 0x000000008c500000|  0%| F|  |TAMS 0x000000008c400000, 0x000000008c400000| Untracked 
|  27|0x000000008c500000, 0x000000008c500000, 0x000000008c600000|  0%| F|  |TAMS 0x000000008c500000, 0x000000008c500000| Untracked 
|  28|0x000000008c600000, 0x000000008c600000, 0x000000008c700000|  0%| F|  |TAMS 0x000000008c600000, 0x000000008c600000| Untracked 
|  29|0x000000008c700000, 0x000000008c700000, 0x000000008c800000|  0%| F|  |TAMS 0x000000008c700000, 0x000000008c700000| Untracked 
|  30|0x000000008c800000, 0x000000008c800000, 0x000000008c900000|  0%| F|  |TAMS 0x000000008c800000, 0x000000008c800000| Untracked 
|  31|0x000000008c900000, 0x000000008c900000, 0x000000008ca00000|  0%| F|  |TAMS 0x000000008c900000, 0x000000008c900000| Untracked 
|  32|0x000000008ca00000, 0x000000008ca00000, 0x000000008cb00000|  0%| F|  |TAMS 0x000000008ca00000, 0x000000008ca00000| Untracked 
|  33|0x000000008cb00000, 0x000000008cb00000, 0x000000008cc00000|  0%| F|  |TAMS 0x000000008cb00000, 0x000000008cb00000| Untracked 
|  34|0x000000008cc00000, 0x000000008cc00000, 0x000000008cd00000|  0%| F|  |TAMS 0x000000008cc00000, 0x000000008cc00000| Untracked 
|  35|0x000000008cd00000, 0x000000008cd00000, 0x000000008ce00000|  0%| F|  |TAMS 0x000000008cd00000, 0x000000008cd00000| Untracked 
|  36|0x000000008ce00000, 0x000000008ce00000, 0x000000008cf00000|  0%| F|  |TAMS 0x000000008ce00000, 0x000000008ce00000| Untracked 
|  37|0x000000008cf00000, 0x000000008cf00000, 0x000000008d000000|  0%| F|  |TAMS 0x000000008cf00000, 0x000000008cf00000| Untracked 
|  38|0x000000008d000000, 0x000000008d000000, 0x000000008d100000|  0%| F|  |TAMS 0x000000008d000000, 0x000000008d000000| Untracked 
|  39|0x000000008d100000, 0x000000008d100000, 0x000000008d200000|  0%| F|  |TAMS 0x000000008d100000, 0x000000008d100000| Untracked 
|  40|0x000000008d200000, 0x000000008d200000, 0x000000008d300000|  0%| F|  |TAMS 0x000000008d200000, 0x000000008d200000| Untracked 
|  41|0x000000008d300000, 0x000000008d300000, 0x000000008d400000|  0%| F|  |TAMS 0x000000008d300000, 0x000000008d300000| Untracked 
|  42|0x000000008d400000, 0x000000008d400000, 0x000000008d500000|  0%| F|  |TAMS 0x000000008d400000, 0x000000008d400000| Untracked 
|  43|0x000000008d500000, 0x000000008d500000, 0x000000008d600000|  0%| F|  |TAMS 0x000000008d500000, 0x000000008d500000| Untracked 
|  44|0x000000008d600000, 0x000000008d600000, 0x000000008d700000|  0%| F|  |TAMS 0x000000008d600000, 0x000000008d600000| Untracked 
|  45|0x000000008d700000, 0x000000008d700000, 0x000000008d800000|  0%| F|  |TAMS 0x000000008d700000, 0x000000008d700000| Untracked 
|  46|0x000000008d800000, 0x000000008d800000, 0x000000008d900000|  0%| F|  |TAMS 0x000000008d800000, 0x000000008d800000| Untracked 
|  47|0x000000008d900000, 0x000000008d900000, 0x000000008da00000|  0%| F|  |TAMS 0x000000008d900000, 0x000000008d900000| Untracked 
|  48|0x000000008da00000, 0x000000008da00000, 0x000000008db00000|  0%| F|  |TAMS 0x000000008da00000, 0x000000008da00000| Untracked 
|  49|0x000000008db00000, 0x000000008db00000, 0x000000008dc00000|  0%| F|  |TAMS 0x000000008db00000, 0x000000008db00000| Untracked 
|  50|0x000000008dc00000, 0x000000008dc00000, 0x000000008dd00000|  0%| F|  |TAMS 0x000000008dc00000, 0x000000008dc00000| Untracked 
|  51|0x000000008dd00000, 0x000000008dd00000, 0x000000008de00000|  0%| F|  |TAMS 0x000000008dd00000, 0x000000008dd00000| Untracked 
|  52|0x000000008de00000, 0x000000008de00000, 0x000000008df00000|  0%| F|  |TAMS 0x000000008de00000, 0x000000008de00000| Untracked 
|  53|0x000000008df00000, 0x000000008df00000, 0x000000008e000000|  0%| F|  |TAMS 0x000000008df00000, 0x000000008df00000| Untracked 
|  54|0x000000008e000000, 0x000000008e000000, 0x000000008e100000|  0%| F|  |TAMS 0x000000008e000000, 0x000000008e000000| Untracked 
|  55|0x000000008e100000, 0x000000008e100000, 0x000000008e200000|  0%| F|  |TAMS 0x000000008e100000, 0x000000008e100000| Untracked 
|  56|0x000000008e200000, 0x000000008e200000, 0x000000008e300000|  0%| F|  |TAMS 0x000000008e200000, 0x000000008e200000| Untracked 
|  57|0x000000008e300000, 0x000000008e300000, 0x000000008e400000|  0%| F|  |TAMS 0x000000008e300000, 0x000000008e300000| Untracked 
|  58|0x000000008e400000, 0x000000008e400000, 0x000000008e500000|  0%| F|  |TAMS 0x000000008e400000, 0x000000008e400000| Untracked 
|  59|0x000000008e500000, 0x000000008e500000, 0x000000008e600000|  0%| F|  |TAMS 0x000000008e500000, 0x000000008e500000| Untracked 
|  60|0x000000008e600000, 0x000000008e600000, 0x000000008e700000|  0%| F|  |TAMS 0x000000008e600000, 0x000000008e600000| Untracked 
|  61|0x000000008e700000, 0x000000008e700000, 0x000000008e800000|  0%| F|  |TAMS 0x000000008e700000, 0x000000008e700000| Untracked 
|  62|0x000000008e800000, 0x000000008e800000, 0x000000008e900000|  0%| F|  |TAMS 0x000000008e800000, 0x000000008e800000| Untracked 
|  63|0x000000008e900000, 0x000000008e900000, 0x000000008ea00000|  0%| F|  |TAMS 0x000000008e900000, 0x000000008e900000| Untracked 
|  64|0x000000008ea00000, 0x000000008ea00000, 0x000000008eb00000|  0%| F|  |TAMS 0x000000008ea00000, 0x000000008ea00000| Untracked 
|  65|0x000000008eb00000, 0x000000008eb00000, 0x000000008ec00000|  0%| F|  |TAMS 0x000000008eb00000, 0x000000008eb00000| Untracked 
|  66|0x000000008ec00000, 0x000000008ec00000, 0x000000008ed00000|  0%| F|  |TAMS 0x000000008ec00000, 0x000000008ec00000| Untracked 
|  67|0x000000008ed00000, 0x000000008ed00000, 0x000000008ee00000|  0%| F|  |TAMS 0x000000008ed00000, 0x000000008ed00000| Untracked 
|  68|0x000000008ee00000, 0x000000008ee00000, 0x000000008ef00000|  0%| F|  |TAMS 0x000000008ee00000, 0x000000008ee00000| Untracked 
|  69|0x000000008ef00000, 0x000000008ef00000, 0x000000008f000000|  0%| F|  |TAMS 0x000000008ef00000, 0x000000008ef00000| Untracked 
|  70|0x000000008f000000, 0x000000008f000000, 0x000000008f100000|  0%| F|  |TAMS 0x000000008f000000, 0x000000008f000000| Untracked 
|  71|0x000000008f100000, 0x000000008f100000, 0x000000008f200000|  0%| F|  |TAMS 0x000000008f100000, 0x000000008f100000| Untracked 
|  72|0x000000008f200000, 0x000000008f200000, 0x000000008f300000|  0%| F|  |TAMS 0x000000008f200000, 0x000000008f200000| Untracked 
|  73|0x000000008f300000, 0x000000008f300000, 0x000000008f400000|  0%| F|  |TAMS 0x000000008f300000, 0x000000008f300000| Untracked 
|  74|0x000000008f400000, 0x000000008f400000, 0x000000008f500000|  0%| F|  |TAMS 0x000000008f400000, 0x000000008f400000| Untracked 
|  75|0x000000008f500000, 0x000000008f500000, 0x000000008f600000|  0%| F|  |TAMS 0x000000008f500000, 0x000000008f500000| Untracked 
|  76|0x000000008f600000, 0x000000008f600000, 0x000000008f700000|  0%| F|  |TAMS 0x000000008f600000, 0x000000008f600000| Untracked 
|  77|0x000000008f700000, 0x000000008f700000, 0x000000008f800000|  0%| F|  |TAMS 0x000000008f700000, 0x000000008f700000| Untracked 
|  78|0x000000008f800000, 0x000000008f800000, 0x000000008f900000|  0%| F|  |TAMS 0x000000008f800000, 0x000000008f800000| Untracked 
|  79|0x000000008f900000, 0x000000008f900000, 0x000000008fa00000|  0%| F|  |TAMS 0x000000008f900000, 0x000000008f900000| Untracked 
|  80|0x000000008fa00000, 0x000000008fa00000, 0x000000008fb00000|  0%| F|  |TAMS 0x000000008fa00000, 0x000000008fa00000| Untracked 
|  81|0x000000008fb00000, 0x000000008fb00000, 0x000000008fc00000|  0%| F|  |TAMS 0x000000008fb00000, 0x000000008fb00000| Untracked 
|  82|0x000000008fc00000, 0x000000008fc00000, 0x000000008fd00000|  0%| F|  |TAMS 0x000000008fc00000, 0x000000008fc00000| Untracked 
|  83|0x000000008fd00000, 0x000000008fd00000, 0x000000008fe00000|  0%| F|  |TAMS 0x000000008fd00000, 0x000000008fd00000| Untracked 
|  84|0x000000008fe00000, 0x000000008fe00000, 0x000000008ff00000|  0%| F|  |TAMS 0x000000008fe00000, 0x000000008fe00000| Untracked 
|  85|0x000000008ff00000, 0x000000008ff00000, 0x0000000090000000|  0%| F|  |TAMS 0x000000008ff00000, 0x000000008ff00000| Untracked 
|  86|0x0000000090000000, 0x0000000090000000, 0x0000000090100000|  0%| F|  |TAMS 0x0000000090000000, 0x0000000090000000| Untracked 
|  87|0x0000000090100000, 0x0000000090100000, 0x0000000090200000|  0%| F|  |TAMS 0x0000000090100000, 0x0000000090100000| Untracked 
|  88|0x0000000090200000, 0x0000000090200000, 0x0000000090300000|  0%| F|  |TAMS 0x0000000090200000, 0x0000000090200000| Untracked 
|  89|0x0000000090300000, 0x0000000090300000, 0x0000000090400000|  0%| F|  |TAMS 0x0000000090300000, 0x0000000090300000| Untracked 
|  90|0x0000000090400000, 0x0000000090400000, 0x0000000090500000|  0%| F|  |TAMS 0x0000000090400000, 0x0000000090400000| Untracked 
|  91|0x0000000090500000, 0x0000000090500000, 0x0000000090600000|  0%| F|  |TAMS 0x0000000090500000, 0x0000000090500000| Untracked 
|  92|0x0000000090600000, 0x0000000090600000, 0x0000000090700000|  0%| F|  |TAMS 0x0000000090600000, 0x0000000090600000| Untracked 
|  93|0x0000000090700000, 0x0000000090700000, 0x0000000090800000|  0%| F|  |TAMS 0x0000000090700000, 0x0000000090700000| Untracked 
|  94|0x0000000090800000, 0x0000000090800000, 0x0000000090900000|  0%| F|  |TAMS 0x0000000090800000, 0x0000000090800000| Untracked 
|  95|0x0000000090900000, 0x0000000090900000, 0x0000000090a00000|  0%| F|  |TAMS 0x0000000090900000, 0x0000000090900000| Untracked 
|  96|0x0000000090a00000, 0x0000000090a00000, 0x0000000090b00000|  0%| F|  |TAMS 0x0000000090a00000, 0x0000000090a00000| Untracked 
|  97|0x0000000090b00000, 0x0000000090b00000, 0x0000000090c00000|  0%| F|  |TAMS 0x0000000090b00000, 0x0000000090b00000| Untracked 
|  98|0x0000000090c00000, 0x0000000090c00000, 0x0000000090d00000|  0%| F|  |TAMS 0x0000000090c00000, 0x0000000090c00000| Untracked 
|  99|0x0000000090d00000, 0x0000000090d00000, 0x0000000090e00000|  0%| F|  |TAMS 0x0000000090d00000, 0x0000000090d00000| Untracked 
| 100|0x0000000090e00000, 0x0000000090e00000, 0x0000000090f00000|  0%| F|  |TAMS 0x0000000090e00000, 0x0000000090e00000| Untracked 
| 101|0x0000000090f00000, 0x0000000090f00000, 0x0000000091000000|  0%| F|  |TAMS 0x0000000090f00000, 0x0000000090f00000| Untracked 
| 102|0x0000000091000000, 0x0000000091000000, 0x0000000091100000|  0%| F|  |TAMS 0x0000000091000000, 0x0000000091000000| Untracked 
| 103|0x0000000091100000, 0x0000000091100000, 0x0000000091200000|  0%| F|  |TAMS 0x0000000091100000, 0x0000000091100000| Untracked 
| 104|0x0000000091200000, 0x0000000091200000, 0x0000000091300000|  0%| F|  |TAMS 0x0000000091200000, 0x0000000091200000| Untracked 
| 105|0x0000000091300000, 0x0000000091300000, 0x0000000091400000|  0%| F|  |TAMS 0x0000000091300000, 0x0000000091300000| Untracked 
| 106|0x0000000091400000, 0x0000000091400000, 0x0000000091500000|  0%| F|  |TAMS 0x0000000091400000, 0x0000000091400000| Untracked 
| 107|0x0000000091500000, 0x0000000091500000, 0x0000000091600000|  0%| F|  |TAMS 0x0000000091500000, 0x0000000091500000| Untracked 
| 108|0x0000000091600000, 0x0000000091600000, 0x0000000091700000|  0%| F|  |TAMS 0x0000000091600000, 0x0000000091600000| Untracked 
| 109|0x0000000091700000, 0x0000000091700000, 0x0000000091800000|  0%| F|  |TAMS 0x0000000091700000, 0x0000000091700000| Untracked 
| 110|0x0000000091800000, 0x0000000091800000, 0x0000000091900000|  0%| F|  |TAMS 0x0000000091800000, 0x0000000091800000| Untracked 
| 111|0x0000000091900000, 0x0000000091900000, 0x0000000091a00000|  0%| F|  |TAMS 0x0000000091900000, 0x0000000091900000| Untracked 
| 112|0x0000000091a00000, 0x0000000091a00000, 0x0000000091b00000|  0%| F|  |TAMS 0x0000000091a00000, 0x0000000091a00000| Untracked 
| 113|0x0000000091b00000, 0x0000000091b00000, 0x0000000091c00000|  0%| F|  |TAMS 0x0000000091b00000, 0x0000000091b00000| Untracked 
| 114|0x0000000091c00000, 0x0000000091c00000, 0x0000000091d00000|  0%| F|  |TAMS 0x0000000091c00000, 0x0000000091c00000| Untracked 
| 115|0x0000000091d00000, 0x0000000091d00000, 0x0000000091e00000|  0%| F|  |TAMS 0x0000000091d00000, 0x0000000091d00000| Untracked 
| 116|0x0000000091e00000, 0x0000000091e00000, 0x0000000091f00000|  0%| F|  |TAMS 0x0000000091e00000, 0x0000000091e00000| Untracked 
| 117|0x0000000091f00000, 0x0000000091f00000, 0x0000000092000000|  0%| F|  |TAMS 0x0000000091f00000, 0x0000000091f00000| Untracked 
| 118|0x0000000092000000, 0x0000000092000000, 0x0000000092100000|  0%| F|  |TAMS 0x0000000092000000, 0x0000000092000000| Untracked 
| 119|0x0000000092100000, 0x0000000092100000, 0x0000000092200000|  0%| F|  |TAMS 0x0000000092100000, 0x0000000092100000| Untracked 
| 120|0x0000000092200000, 0x0000000092200000, 0x0000000092300000|  0%| F|  |TAMS 0x0000000092200000, 0x0000000092200000| Untracked 
| 121|0x0000000092300000, 0x0000000092300000, 0x0000000092400000|  0%| F|  |TAMS 0x0000000092300000, 0x0000000092300000| Untracked 
| 122|0x0000000092400000, 0x0000000092400000, 0x0000000092500000|  0%| F|  |TAMS 0x0000000092400000, 0x0000000092400000| Untracked 
| 123|0x0000000092500000, 0x0000000092500000, 0x0000000092600000|  0%| F|  |TAMS 0x0000000092500000, 0x0000000092500000| Untracked 
| 124|0x0000000092600000, 0x0000000092600000, 0x0000000092700000|  0%| F|  |TAMS 0x0000000092600000, 0x0000000092600000| Untracked 
| 125|0x0000000092700000, 0x0000000092700000, 0x0000000092800000|  0%| F|  |TAMS 0x0000000092700000, 0x0000000092700000| Untracked 
| 126|0x0000000092800000, 0x0000000092800000, 0x0000000092900000|  0%| F|  |TAMS 0x0000000092800000, 0x0000000092800000| Untracked 
| 127|0x0000000092900000, 0x0000000092900000, 0x0000000092a00000|  0%| F|  |TAMS 0x0000000092900000, 0x0000000092900000| Untracked 
| 128|0x0000000092a00000, 0x0000000092a00000, 0x0000000092b00000|  0%| F|  |TAMS 0x0000000092a00000, 0x0000000092a00000| Untracked 
| 129|0x0000000092b00000, 0x0000000092b00000, 0x0000000092c00000|  0%| F|  |TAMS 0x0000000092b00000, 0x0000000092b00000| Untracked 
| 130|0x0000000092c00000, 0x0000000092c00000, 0x0000000092d00000|  0%| F|  |TAMS 0x0000000092c00000, 0x0000000092c00000| Untracked 
| 131|0x0000000092d00000, 0x0000000092d00000, 0x0000000092e00000|  0%| F|  |TAMS 0x0000000092d00000, 0x0000000092d00000| Untracked 
| 132|0x0000000092e00000, 0x0000000092e00000, 0x0000000092f00000|  0%| F|  |TAMS 0x0000000092e00000, 0x0000000092e00000| Untracked 
| 133|0x0000000092f00000, 0x0000000092f00000, 0x0000000093000000|  0%| F|  |TAMS 0x0000000092f00000, 0x0000000092f00000| Untracked 
| 134|0x0000000093000000, 0x0000000093000000, 0x0000000093100000|  0%| F|  |TAMS 0x0000000093000000, 0x0000000093000000| Untracked 
| 135|0x0000000093100000, 0x0000000093100000, 0x0000000093200000|  0%| F|  |TAMS 0x0000000093100000, 0x0000000093100000| Untracked 
| 136|0x0000000093200000, 0x0000000093200000, 0x0000000093300000|  0%| F|  |TAMS 0x0000000093200000, 0x0000000093200000| Untracked 
| 137|0x0000000093300000, 0x0000000093300000, 0x0000000093400000|  0%| F|  |TAMS 0x0000000093300000, 0x0000000093300000| Untracked 
| 138|0x0000000093400000, 0x0000000093400000, 0x0000000093500000|  0%| F|  |TAMS 0x0000000093400000, 0x0000000093400000| Untracked 
| 139|0x0000000093500000, 0x0000000093500000, 0x0000000093600000|  0%| F|  |TAMS 0x0000000093500000, 0x0000000093500000| Untracked 
| 140|0x0000000093600000, 0x0000000093600000, 0x0000000093700000|  0%| F|  |TAMS 0x0000000093600000, 0x0000000093600000| Untracked 
| 141|0x0000000093700000, 0x0000000093700000, 0x0000000093800000|  0%| F|  |TAMS 0x0000000093700000, 0x0000000093700000| Untracked 
| 142|0x0000000093800000, 0x0000000093800000, 0x0000000093900000|  0%| F|  |TAMS 0x0000000093800000, 0x0000000093800000| Untracked 
| 143|0x0000000093900000, 0x0000000093900000, 0x0000000093a00000|  0%| F|  |TAMS 0x0000000093900000, 0x0000000093900000| Untracked 
| 144|0x0000000093a00000, 0x0000000093a00000, 0x0000000093b00000|  0%| F|  |TAMS 0x0000000093a00000, 0x0000000093a00000| Untracked 
| 145|0x0000000093b00000, 0x0000000093b00000, 0x0000000093c00000|  0%| F|  |TAMS 0x0000000093b00000, 0x0000000093b00000| Untracked 
| 146|0x0000000093c00000, 0x0000000093c00000, 0x0000000093d00000|  0%| F|  |TAMS 0x0000000093c00000, 0x0000000093c00000| Untracked 
| 147|0x0000000093d00000, 0x0000000093d00000, 0x0000000093e00000|  0%| F|  |TAMS 0x0000000093d00000, 0x0000000093d00000| Untracked 
| 148|0x0000000093e00000, 0x0000000093e00000, 0x0000000093f00000|  0%| F|  |TAMS 0x0000000093e00000, 0x0000000093e00000| Untracked 
| 149|0x0000000093f00000, 0x0000000093f00000, 0x0000000094000000|  0%| F|  |TAMS 0x0000000093f00000, 0x0000000093f00000| Untracked 
| 150|0x0000000094000000, 0x0000000094000000, 0x0000000094100000|  0%| F|  |TAMS 0x0000000094000000, 0x0000000094000000| Untracked 
| 151|0x0000000094100000, 0x0000000094100000, 0x0000000094200000|  0%| F|  |TAMS 0x0000000094100000, 0x0000000094100000| Untracked 
| 152|0x0000000094200000, 0x0000000094200000, 0x0000000094300000|  0%| F|  |TAMS 0x0000000094200000, 0x0000000094200000| Untracked 
| 153|0x0000000094300000, 0x0000000094300000, 0x0000000094400000|  0%| F|  |TAMS 0x0000000094300000, 0x0000000094300000| Untracked 
| 154|0x0000000094400000, 0x0000000094400000, 0x0000000094500000|  0%| F|  |TAMS 0x0000000094400000, 0x0000000094400000| Untracked 
| 155|0x0000000094500000, 0x0000000094500000, 0x0000000094600000|  0%| F|  |TAMS 0x0000000094500000, 0x0000000094500000| Untracked 
| 156|0x0000000094600000, 0x0000000094600000, 0x0000000094700000|  0%| F|  |TAMS 0x0000000094600000, 0x0000000094600000| Untracked 
| 157|0x0000000094700000, 0x0000000094700000, 0x0000000094800000|  0%| F|  |TAMS 0x0000000094700000, 0x0000000094700000| Untracked 
| 158|0x0000000094800000, 0x0000000094900000, 0x0000000094900000|100%|HS|  |TAMS 0x0000000094900000, 0x0000000094800000| Complete 
| 159|0x0000000094900000, 0x0000000094a00000, 0x0000000094a00000|100%|HC|  |TAMS 0x0000000094a00000, 0x0000000094900000| Complete 
| 160|0x0000000094a00000, 0x0000000094b00000, 0x0000000094b00000|100%|HC|  |TAMS 0x0000000094b00000, 0x0000000094a00000| Complete 
| 161|0x0000000094b00000, 0x0000000094c00000, 0x0000000094c00000|100%|HC|  |TAMS 0x0000000094c00000, 0x0000000094b00000| Complete 
| 162|0x0000000094c00000, 0x0000000094d00000, 0x0000000094d00000|100%|HC|  |TAMS 0x0000000094d00000, 0x0000000094c00000| Complete 
| 163|0x0000000094d00000, 0x0000000094e00000, 0x0000000094e00000|100%|HC|  |TAMS 0x0000000094e00000, 0x0000000094d00000| Complete 
| 164|0x0000000094e00000, 0x0000000094f00000, 0x0000000094f00000|100%|HC|  |TAMS 0x0000000094f00000, 0x0000000094e00000| Complete 
| 165|0x0000000094f00000, 0x0000000095000000, 0x0000000095000000|100%|HC|  |TAMS 0x0000000095000000, 0x0000000094f00000| Complete 
| 166|0x0000000095000000, 0x0000000095100000, 0x0000000095100000|100%|HC|  |TAMS 0x0000000095100000, 0x0000000095000000| Complete 
| 167|0x0000000095100000, 0x0000000095200000, 0x0000000095200000|100%|HC|  |TAMS 0x0000000095200000, 0x0000000095100000| Complete 
| 168|0x0000000095200000, 0x0000000095300000, 0x0000000095300000|100%|HC|  |TAMS 0x0000000095300000, 0x0000000095200000| Complete 
| 169|0x0000000095300000, 0x0000000095400000, 0x0000000095400000|100%|HC|  |TAMS 0x0000000095400000, 0x0000000095300000| Complete 
| 170|0x0000000095400000, 0x0000000095500000, 0x0000000095500000|100%|HC|  |TAMS 0x0000000095500000, 0x0000000095400000| Complete 
| 171|0x0000000095500000, 0x0000000095600000, 0x0000000095600000|100%|HC|  |TAMS 0x0000000095600000, 0x0000000095500000| Complete 
| 172|0x0000000095600000, 0x0000000095700000, 0x0000000095700000|100%|HC|  |TAMS 0x0000000095700000, 0x0000000095600000| Complete 
| 173|0x0000000095700000, 0x0000000095800000, 0x0000000095800000|100%|HC|  |TAMS 0x0000000095800000, 0x0000000095700000| Complete 
| 174|0x0000000095800000, 0x0000000095900000, 0x0000000095900000|100%|HC|  |TAMS 0x0000000095900000, 0x0000000095800000| Complete 
| 175|0x0000000095900000, 0x0000000095a00000, 0x0000000095a00000|100%|HC|  |TAMS 0x0000000095a00000, 0x0000000095900000| Complete 
| 176|0x0000000095a00000, 0x0000000095b00000, 0x0000000095b00000|100%|HC|  |TAMS 0x0000000095b00000, 0x0000000095a00000| Complete 
| 177|0x0000000095b00000, 0x0000000095c00000, 0x0000000095c00000|100%|HC|  |TAMS 0x0000000095c00000, 0x0000000095b00000| Complete 
| 178|0x0000000095c00000, 0x0000000095d00000, 0x0000000095d00000|100%|HC|  |TAMS 0x0000000095d00000, 0x0000000095c00000| Complete 
| 179|0x0000000095d00000, 0x0000000095e00000, 0x0000000095e00000|100%|HC|  |TAMS 0x0000000095e00000, 0x0000000095d00000| Complete 
| 180|0x0000000095e00000, 0x0000000095f00000, 0x0000000095f00000|100%|HC|  |TAMS 0x0000000095f00000, 0x0000000095e00000| Complete 
| 181|0x0000000095f00000, 0x0000000096000000, 0x0000000096000000|100%|HC|  |TAMS 0x0000000096000000, 0x0000000095f00000| Complete 
| 182|0x0000000096000000, 0x0000000096100000, 0x0000000096100000|100%|HC|  |TAMS 0x0000000096100000, 0x0000000096000000| Complete 
| 183|0x0000000096100000, 0x0000000096200000, 0x0000000096200000|100%|HC|  |TAMS 0x0000000096200000, 0x0000000096100000| Complete 
| 184|0x0000000096200000, 0x0000000096300000, 0x0000000096300000|100%|HC|  |TAMS 0x0000000096300000, 0x0000000096200000| Complete 
| 185|0x0000000096300000, 0x0000000096400000, 0x0000000096400000|100%|HC|  |TAMS 0x0000000096400000, 0x0000000096300000| Complete 
| 186|0x0000000096400000, 0x0000000096500000, 0x0000000096500000|100%|HC|  |TAMS 0x0000000096500000, 0x0000000096400000| Complete 
| 187|0x0000000096500000, 0x0000000096600000, 0x0000000096600000|100%|HC|  |TAMS 0x0000000096600000, 0x0000000096500000| Complete 
| 188|0x0000000096600000, 0x0000000096700000, 0x0000000096700000|100%|HC|  |TAMS 0x0000000096700000, 0x0000000096600000| Complete 
| 189|0x0000000096700000, 0x0000000096800000, 0x0000000096800000|100%|HC|  |TAMS 0x0000000096800000, 0x0000000096700000| Complete 
| 190|0x0000000096800000, 0x0000000096900000, 0x0000000096900000|100%|HC|  |TAMS 0x0000000096900000, 0x0000000096800000| Complete 
| 191|0x0000000096900000, 0x0000000096a00000, 0x0000000096a00000|100%|HC|  |TAMS 0x0000000096a00000, 0x0000000096900000| Complete 
| 192|0x0000000096a00000, 0x0000000096b00000, 0x0000000096b00000|100%|HC|  |TAMS 0x0000000096b00000, 0x0000000096a00000| Complete 
| 193|0x0000000096b00000, 0x0000000096c00000, 0x0000000096c00000|100%|HC|  |TAMS 0x0000000096c00000, 0x0000000096b00000| Complete 
| 194|0x0000000096c00000, 0x0000000096d00000, 0x0000000096d00000|100%|HC|  |TAMS 0x0000000096d00000, 0x0000000096c00000| Complete 
| 195|0x0000000096d00000, 0x0000000096e00000, 0x0000000096e00000|100%|HC|  |TAMS 0x0000000096e00000, 0x0000000096d00000| Complete 
| 196|0x0000000096e00000, 0x0000000096f00000, 0x0000000096f00000|100%|HC|  |TAMS 0x0000000096f00000, 0x0000000096e00000| Complete 
| 197|0x0000000096f00000, 0x0000000097000000, 0x0000000097000000|100%|HC|  |TAMS 0x0000000097000000, 0x0000000096f00000| Complete 
| 198|0x0000000097000000, 0x0000000097100000, 0x0000000097100000|100%|HC|  |TAMS 0x0000000097100000, 0x0000000097000000| Complete 
| 199|0x0000000097100000, 0x0000000097200000, 0x0000000097200000|100%|HC|  |TAMS 0x0000000097200000, 0x0000000097100000| Complete 
| 200|0x0000000097200000, 0x0000000097300000, 0x0000000097300000|100%|HC|  |TAMS 0x0000000097300000, 0x0000000097200000| Complete 
| 201|0x0000000097300000, 0x0000000097400000, 0x0000000097400000|100%|HC|  |TAMS 0x0000000097400000, 0x0000000097300000| Complete 
| 202|0x0000000097400000, 0x0000000097500000, 0x0000000097500000|100%|HC|  |TAMS 0x0000000097500000, 0x0000000097400000| Complete 
| 203|0x0000000097500000, 0x0000000097600000, 0x0000000097600000|100%|HC|  |TAMS 0x0000000097600000, 0x0000000097500000| Complete 
| 204|0x0000000097600000, 0x0000000097700000, 0x0000000097700000|100%|HC|  |TAMS 0x0000000097700000, 0x0000000097600000| Complete 
| 205|0x0000000097700000, 0x0000000097800000, 0x0000000097800000|100%|HC|  |TAMS 0x0000000097800000, 0x0000000097700000| Complete 
| 206|0x0000000097800000, 0x0000000097900000, 0x0000000097900000|100%|HC|  |TAMS 0x0000000097900000, 0x0000000097800000| Complete 
| 207|0x0000000097900000, 0x0000000097a00000, 0x0000000097a00000|100%|HC|  |TAMS 0x0000000097a00000, 0x0000000097900000| Complete 
| 208|0x0000000097a00000, 0x0000000097b00000, 0x0000000097b00000|100%|HC|  |TAMS 0x0000000097b00000, 0x0000000097a00000| Complete 
| 209|0x0000000097b00000, 0x0000000097c00000, 0x0000000097c00000|100%|HC|  |TAMS 0x0000000097c00000, 0x0000000097b00000| Complete 
| 210|0x0000000097c00000, 0x0000000097d00000, 0x0000000097d00000|100%|HC|  |TAMS 0x0000000097d00000, 0x0000000097c00000| Complete 
| 211|0x0000000097d00000, 0x0000000097e00000, 0x0000000097e00000|100%|HS|  |TAMS 0x0000000097d00000, 0x0000000097d00000| Complete 
| 212|0x0000000097e00000, 0x0000000097f00000, 0x0000000097f00000|100%|HC|  |TAMS 0x0000000097e00000, 0x0000000097e00000| Complete 
| 213|0x0000000097f00000, 0x0000000098000000, 0x0000000098000000|100%|HC|  |TAMS 0x0000000097f00000, 0x0000000097f00000| Complete 
| 214|0x0000000098000000, 0x0000000098100000, 0x0000000098100000|100%|HC|  |TAMS 0x0000000098000000, 0x0000000098000000| Complete 
| 215|0x0000000098100000, 0x0000000098200000, 0x0000000098200000|100%|HC|  |TAMS 0x0000000098100000, 0x0000000098100000| Complete 
| 216|0x0000000098200000, 0x0000000098300000, 0x0000000098300000|100%|HC|  |TAMS 0x0000000098200000, 0x0000000098200000| Complete 
| 217|0x0000000098300000, 0x0000000098400000, 0x0000000098400000|100%|HC|  |TAMS 0x0000000098300000, 0x0000000098300000| Complete 
| 218|0x0000000098400000, 0x0000000098500000, 0x0000000098500000|100%|HC|  |TAMS 0x0000000098400000, 0x0000000098400000| Complete 
| 219|0x0000000098500000, 0x0000000098600000, 0x0000000098600000|100%|HC|  |TAMS 0x0000000098500000, 0x0000000098500000| Complete 
| 220|0x0000000098600000, 0x0000000098700000, 0x0000000098700000|100%|HC|  |TAMS 0x0000000098600000, 0x0000000098600000| Complete 
| 221|0x0000000098700000, 0x0000000098800000, 0x0000000098800000|100%|HC|  |TAMS 0x0000000098700000, 0x0000000098700000| Complete 
| 222|0x0000000098800000, 0x0000000098900000, 0x0000000098900000|100%|HC|  |TAMS 0x0000000098800000, 0x0000000098800000| Complete 
| 223|0x0000000098900000, 0x0000000098a00000, 0x0000000098a00000|100%|HC|  |TAMS 0x0000000098900000, 0x0000000098900000| Complete 
| 224|0x0000000098a00000, 0x0000000098b00000, 0x0000000098b00000|100%|HC|  |TAMS 0x0000000098a00000, 0x0000000098a00000| Complete 
| 225|0x0000000098b00000, 0x0000000098c00000, 0x0000000098c00000|100%|HC|  |TAMS 0x0000000098b00000, 0x0000000098b00000| Complete 
| 226|0x0000000098c00000, 0x0000000098d00000, 0x0000000098d00000|100%|HC|  |TAMS 0x0000000098c00000, 0x0000000098c00000| Complete 
| 227|0x0000000098d00000, 0x0000000098e00000, 0x0000000098e00000|100%|HC|  |TAMS 0x0000000098d00000, 0x0000000098d00000| Complete 
| 228|0x0000000098e00000, 0x0000000098f00000, 0x0000000098f00000|100%|HC|  |TAMS 0x0000000098e00000, 0x0000000098e00000| Complete 
| 229|0x0000000098f00000, 0x0000000099000000, 0x0000000099000000|100%|HC|  |TAMS 0x0000000098f00000, 0x0000000098f00000| Complete 
| 230|0x0000000099000000, 0x0000000099100000, 0x0000000099100000|100%|HC|  |TAMS 0x0000000099000000, 0x0000000099000000| Complete 
| 231|0x0000000099100000, 0x0000000099200000, 0x0000000099200000|100%|HC|  |TAMS 0x0000000099100000, 0x0000000099100000| Complete 
| 232|0x0000000099200000, 0x0000000099300000, 0x0000000099300000|100%|HC|  |TAMS 0x0000000099200000, 0x0000000099200000| Complete 
| 233|0x0000000099300000, 0x0000000099400000, 0x0000000099400000|100%|HC|  |TAMS 0x0000000099300000, 0x0000000099300000| Complete 
| 234|0x0000000099400000, 0x0000000099500000, 0x0000000099500000|100%|HC|  |TAMS 0x0000000099400000, 0x0000000099400000| Complete 
| 235|0x0000000099500000, 0x0000000099600000, 0x0000000099600000|100%|HC|  |TAMS 0x0000000099500000, 0x0000000099500000| Complete 
| 236|0x0000000099600000, 0x0000000099700000, 0x0000000099700000|100%|HC|  |TAMS 0x0000000099600000, 0x0000000099600000| Complete 
| 237|0x0000000099700000, 0x0000000099800000, 0x0000000099800000|100%|HC|  |TAMS 0x0000000099700000, 0x0000000099700000| Complete 
| 238|0x0000000099800000, 0x0000000099900000, 0x0000000099900000|100%|HC|  |TAMS 0x0000000099800000, 0x0000000099800000| Complete 
| 239|0x0000000099900000, 0x0000000099a00000, 0x0000000099a00000|100%|HC|  |TAMS 0x0000000099900000, 0x0000000099900000| Complete 
| 240|0x0000000099a00000, 0x0000000099b00000, 0x0000000099b00000|100%|HC|  |TAMS 0x0000000099a00000, 0x0000000099a00000| Complete 
| 241|0x0000000099b00000, 0x0000000099c00000, 0x0000000099c00000|100%|HC|  |TAMS 0x0000000099b00000, 0x0000000099b00000| Complete 
| 242|0x0000000099c00000, 0x0000000099d00000, 0x0000000099d00000|100%|HC|  |TAMS 0x0000000099c00000, 0x0000000099c00000| Complete 
| 243|0x0000000099d00000, 0x0000000099e00000, 0x0000000099e00000|100%|HC|  |TAMS 0x0000000099d00000, 0x0000000099d00000| Complete 
| 244|0x0000000099e00000, 0x0000000099f00000, 0x0000000099f00000|100%|HC|  |TAMS 0x0000000099e00000, 0x0000000099e00000| Complete 
| 245|0x0000000099f00000, 0x000000009a000000, 0x000000009a000000|100%|HC|  |TAMS 0x0000000099f00000, 0x0000000099f00000| Complete 
| 246|0x000000009a000000, 0x000000009a100000, 0x000000009a100000|100%|HC|  |TAMS 0x000000009a000000, 0x000000009a000000| Complete 
| 247|0x000000009a100000, 0x000000009a200000, 0x000000009a200000|100%|HC|  |TAMS 0x000000009a100000, 0x000000009a100000| Complete 
| 248|0x000000009a200000, 0x000000009a300000, 0x000000009a300000|100%|HC|  |TAMS 0x000000009a200000, 0x000000009a200000| Complete 
| 249|0x000000009a300000, 0x000000009a400000, 0x000000009a400000|100%|HC|  |TAMS 0x000000009a300000, 0x000000009a300000| Complete 
| 250|0x000000009a400000, 0x000000009a500000, 0x000000009a500000|100%|HC|  |TAMS 0x000000009a400000, 0x000000009a400000| Complete 
| 251|0x000000009a500000, 0x000000009a600000, 0x000000009a600000|100%|HC|  |TAMS 0x000000009a500000, 0x000000009a500000| Complete 
| 252|0x000000009a600000, 0x000000009a700000, 0x000000009a700000|100%|HC|  |TAMS 0x000000009a600000, 0x000000009a600000| Complete 
| 253|0x000000009a700000, 0x000000009a800000, 0x000000009a800000|100%|HC|  |TAMS 0x000000009a700000, 0x000000009a700000| Complete 
| 254|0x000000009a800000, 0x000000009a900000, 0x000000009a900000|100%|HC|  |TAMS 0x000000009a800000, 0x000000009a800000| Complete 
| 255|0x000000009a900000, 0x000000009aa00000, 0x000000009aa00000|100%|HC|  |TAMS 0x000000009a900000, 0x000000009a900000| Complete 
| 256|0x000000009aa00000, 0x000000009ab00000, 0x000000009ab00000|100%|HC|  |TAMS 0x000000009aa00000, 0x000000009aa00000| Complete 
| 257|0x000000009ab00000, 0x000000009ac00000, 0x000000009ac00000|100%|HC|  |TAMS 0x000000009ab00000, 0x000000009ab00000| Complete 
| 258|0x000000009ac00000, 0x000000009ad00000, 0x000000009ad00000|100%|HC|  |TAMS 0x000000009ac00000, 0x000000009ac00000| Complete 
| 259|0x000000009ad00000, 0x000000009ae00000, 0x000000009ae00000|100%|HC|  |TAMS 0x000000009ad00000, 0x000000009ad00000| Complete 
| 260|0x000000009ae00000, 0x000000009af00000, 0x000000009af00000|100%|HC|  |TAMS 0x000000009ae00000, 0x000000009ae00000| Complete 
| 261|0x000000009af00000, 0x000000009b000000, 0x000000009b000000|100%|HC|  |TAMS 0x000000009af00000, 0x000000009af00000| Complete 
| 262|0x000000009b000000, 0x000000009b100000, 0x000000009b100000|100%|HC|  |TAMS 0x000000009b000000, 0x000000009b000000| Complete 
| 263|0x000000009b100000, 0x000000009b200000, 0x000000009b200000|100%|HC|  |TAMS 0x000000009b100000, 0x000000009b100000| Complete 
| 264|0x000000009b200000, 0x000000009b300000, 0x000000009b300000|100%|HC|  |TAMS 0x000000009b200000, 0x000000009b200000| Complete 
| 265|0x000000009b300000, 0x000000009b400000, 0x000000009b400000|100%|HC|  |TAMS 0x000000009b300000, 0x000000009b300000| Complete 
| 266|0x000000009b400000, 0x000000009b500000, 0x000000009b500000|100%|HC|  |TAMS 0x000000009b400000, 0x000000009b400000| Complete 
| 267|0x000000009b500000, 0x000000009b600000, 0x000000009b600000|100%|HC|  |TAMS 0x000000009b500000, 0x000000009b500000| Complete 
| 268|0x000000009b600000, 0x000000009b700000, 0x000000009b700000|100%|HC|  |TAMS 0x000000009b600000, 0x000000009b600000| Complete 
| 269|0x000000009b700000, 0x000000009b800000, 0x000000009b800000|100%|HC|  |TAMS 0x000000009b700000, 0x000000009b700000| Complete 
| 270|0x000000009b800000, 0x000000009b900000, 0x000000009b900000|100%|HC|  |TAMS 0x000000009b800000, 0x000000009b800000| Complete 
| 271|0x000000009b900000, 0x000000009ba00000, 0x000000009ba00000|100%|HC|  |TAMS 0x000000009b900000, 0x000000009b900000| Complete 
| 272|0x000000009ba00000, 0x000000009bb00000, 0x000000009bb00000|100%|HC|  |TAMS 0x000000009ba00000, 0x000000009ba00000| Complete 
| 273|0x000000009bb00000, 0x000000009bc00000, 0x000000009bc00000|100%|HC|  |TAMS 0x000000009bb00000, 0x000000009bb00000| Complete 
| 274|0x000000009bc00000, 0x000000009bd00000, 0x000000009bd00000|100%|HC|  |TAMS 0x000000009bc00000, 0x000000009bc00000| Complete 
| 275|0x000000009bd00000, 0x000000009be00000, 0x000000009be00000|100%|HC|  |TAMS 0x000000009bd00000, 0x000000009bd00000| Complete 
| 276|0x000000009be00000, 0x000000009bf00000, 0x000000009bf00000|100%|HC|  |TAMS 0x000000009be00000, 0x000000009be00000| Complete 
| 277|0x000000009bf00000, 0x000000009c000000, 0x000000009c000000|100%|HC|  |TAMS 0x000000009bf00000, 0x000000009bf00000| Complete 
| 278|0x000000009c000000, 0x000000009c100000, 0x000000009c100000|100%|HC|  |TAMS 0x000000009c000000, 0x000000009c000000| Complete 
| 279|0x000000009c100000, 0x000000009c200000, 0x000000009c200000|100%|HC|  |TAMS 0x000000009c100000, 0x000000009c100000| Complete 
| 280|0x000000009c200000, 0x000000009c300000, 0x000000009c300000|100%|HC|  |TAMS 0x000000009c200000, 0x000000009c200000| Complete 
| 281|0x000000009c300000, 0x000000009c400000, 0x000000009c400000|100%|HC|  |TAMS 0x000000009c300000, 0x000000009c300000| Complete 
| 282|0x000000009c400000, 0x000000009c500000, 0x000000009c500000|100%|HC|  |TAMS 0x000000009c400000, 0x000000009c400000| Complete 
| 283|0x000000009c500000, 0x000000009c600000, 0x000000009c600000|100%|HC|  |TAMS 0x000000009c500000, 0x000000009c500000| Complete 
| 284|0x000000009c600000, 0x000000009c700000, 0x000000009c700000|100%|HC|  |TAMS 0x000000009c600000, 0x000000009c600000| Complete 
| 285|0x000000009c700000, 0x000000009c800000, 0x000000009c800000|100%|HC|  |TAMS 0x000000009c700000, 0x000000009c700000| Complete 
| 286|0x000000009c800000, 0x000000009c900000, 0x000000009c900000|100%|HC|  |TAMS 0x000000009c800000, 0x000000009c800000| Complete 
| 287|0x000000009c900000, 0x000000009ca00000, 0x000000009ca00000|100%|HC|  |TAMS 0x000000009c900000, 0x000000009c900000| Complete 
| 288|0x000000009ca00000, 0x000000009cb00000, 0x000000009cb00000|100%|HC|  |TAMS 0x000000009ca00000, 0x000000009ca00000| Complete 
| 289|0x000000009cb00000, 0x000000009cc00000, 0x000000009cc00000|100%|HC|  |TAMS 0x000000009cb00000, 0x000000009cb00000| Complete 
| 290|0x000000009cc00000, 0x000000009cd00000, 0x000000009cd00000|100%|HC|  |TAMS 0x000000009cc00000, 0x000000009cc00000| Complete 
| 291|0x000000009cd00000, 0x000000009cd00000, 0x000000009ce00000|  0%| F|  |TAMS 0x000000009cd00000, 0x000000009cd00000| Untracked 
| 292|0x000000009ce00000, 0x000000009ce00000, 0x000000009cf00000|  0%| F|  |TAMS 0x000000009ce00000, 0x000000009ce00000| Untracked 
| 293|0x000000009cf00000, 0x000000009cf00000, 0x000000009d000000|  0%| F|  |TAMS 0x000000009cf00000, 0x000000009cf00000| Untracked 
| 294|0x000000009d000000, 0x000000009d000000, 0x000000009d100000|  0%| F|  |TAMS 0x000000009d000000, 0x000000009d000000| Untracked 
| 295|0x000000009d100000, 0x000000009d100000, 0x000000009d200000|  0%| F|  |TAMS 0x000000009d100000, 0x000000009d100000| Untracked 
| 296|0x000000009d200000, 0x000000009d200000, 0x000000009d300000|  0%| F|  |TAMS 0x000000009d200000, 0x000000009d200000| Untracked 
| 297|0x000000009d300000, 0x000000009d300000, 0x000000009d400000|  0%| F|  |TAMS 0x000000009d300000, 0x000000009d300000| Untracked 
| 298|0x000000009d400000, 0x000000009d400000, 0x000000009d500000|  0%| F|  |TAMS 0x000000009d400000, 0x000000009d400000| Untracked 
| 299|0x000000009d500000, 0x000000009d500000, 0x000000009d600000|  0%| F|  |TAMS 0x000000009d500000, 0x000000009d500000| Untracked 
| 300|0x000000009d600000, 0x000000009d600000, 0x000000009d700000|  0%| F|  |TAMS 0x000000009d600000, 0x000000009d600000| Untracked 
| 301|0x000000009d700000, 0x000000009d700000, 0x000000009d800000|  0%| F|  |TAMS 0x000000009d700000, 0x000000009d700000| Untracked 
| 302|0x000000009d800000, 0x000000009d800000, 0x000000009d900000|  0%| F|  |TAMS 0x000000009d800000, 0x000000009d800000| Untracked 
| 303|0x000000009d900000, 0x000000009d900000, 0x000000009da00000|  0%| F|  |TAMS 0x000000009d900000, 0x000000009d900000| Untracked 
| 304|0x000000009da00000, 0x000000009da00000, 0x000000009db00000|  0%| F|  |TAMS 0x000000009da00000, 0x000000009da00000| Untracked 
| 305|0x000000009db00000, 0x000000009db02040, 0x000000009dc00000|  0%| S|CS|TAMS 0x000000009db00000, 0x000000009db00000| Complete 
| 306|0x000000009dc00000, 0x000000009dc00000, 0x000000009dd00000|  0%| F|  |TAMS 0x000000009dc00000, 0x000000009dc00000| Untracked 
| 307|0x000000009dd00000, 0x000000009dd00000, 0x000000009de00000|  0%| F|  |TAMS 0x000000009dd00000, 0x000000009dd00000| Untracked 
| 308|0x000000009de00000, 0x000000009de00000, 0x000000009df00000|  0%| F|  |TAMS 0x000000009de00000, 0x000000009de00000| Untracked 
| 309|0x000000009df00000, 0x000000009df00000, 0x000000009e000000|  0%| F|  |TAMS 0x000000009df00000, 0x000000009df00000| Untracked 
| 310|0x000000009e000000, 0x000000009e000000, 0x000000009e100000|  0%| F|  |TAMS 0x000000009e000000, 0x000000009e000000| Untracked 
| 311|0x000000009e100000, 0x000000009e100000, 0x000000009e200000|  0%| F|  |TAMS 0x000000009e100000, 0x000000009e100000| Untracked 
| 312|0x000000009e200000, 0x000000009e200000, 0x000000009e300000|  0%| F|  |TAMS 0x000000009e200000, 0x000000009e200000| Untracked 
| 313|0x000000009e300000, 0x000000009e300000, 0x000000009e400000|  0%| F|  |TAMS 0x000000009e300000, 0x000000009e300000| Untracked 
| 314|0x000000009e400000, 0x000000009e400000, 0x000000009e500000|  0%| F|  |TAMS 0x000000009e400000, 0x000000009e400000| Untracked 
| 315|0x000000009e500000, 0x000000009e500000, 0x000000009e600000|  0%| F|  |TAMS 0x000000009e500000, 0x000000009e500000| Untracked 
| 316|0x000000009e600000, 0x000000009e600000, 0x000000009e700000|  0%| F|  |TAMS 0x000000009e600000, 0x000000009e600000| Untracked 
| 317|0x000000009e700000, 0x000000009e700000, 0x000000009e800000|  0%| F|  |TAMS 0x000000009e700000, 0x000000009e700000| Untracked 
| 318|0x000000009e800000, 0x000000009e800000, 0x000000009e900000|  0%| F|  |TAMS 0x000000009e800000, 0x000000009e800000| Untracked 
| 319|0x000000009e900000, 0x000000009e900000, 0x000000009ea00000|  0%| F|  |TAMS 0x000000009e900000, 0x000000009e900000| Untracked 
| 320|0x000000009ea00000, 0x000000009ea00000, 0x000000009eb00000|  0%| F|  |TAMS 0x000000009ea00000, 0x000000009ea00000| Untracked 
|1876|0x00000000ffe00000, 0x00000000ffe52000, 0x00000000fff00000| 32%|OA|  |TAMS 0x00000000ffe52000, 0x00000000ffe00000| Untracked 
|1877|0x00000000fff00000, 0x00000000fff7f000, 0x0000000100000000| 49%|CA|  |TAMS 0x00000000fff7f000, 0x00000000fff00000| Untracked 

Card table byte_map: [0x00007f57e4624000,0x00007f57e49cf000] _byte_map_base: 0x00007f57e41cf000

Marking Bits (Prev, Next): (CMBitMap*) 0x00007f57e006a898, (CMBitMap*) 0x00007f57e006a858
 Prev Bits: [0x00007f57c4c24000, 0x00007f57c697c000)
 Next Bits: [0x00007f57c697c000, 0x00007f57c86d4000)

Polling page: 0x00007f57e6c56000

Metaspace:

Usage:
  Non-class:      7.01 MB capacity,     5.73 MB ( 82%) used,     1.26 MB ( 18%) free+waste,    14.44 KB ( <1%) overhead. 
      Class:    881.00 KB capacity,   743.70 KB ( 84%) used,   129.74 KB ( 15%) free+waste,     7.56 KB ( <1%) overhead. 
       Both:      7.87 MB capacity,     6.46 MB ( 82%) used,     1.39 MB ( 18%) free+waste,    22.00 KB ( <1%) overhead. 

Virtual space:
  Non-class space:        8.00 MB reserved,       7.25 MB ( 91%) committed 
      Class space:        1.00 GB reserved,       1.00 MB ( <1%) committed 
             Both:        1.01 GB reserved,       8.25 MB ( <1%) committed 

Chunk freelists:
   Non-Class:  53.00 KB
       Class:  19.00 KB
        Both:  72.00 KB

MaxMetaspaceSize: unlimited
CompressedClassSpaceSize: 1.00 GB

CodeHeap 'non-profiled nmethods': size=120032Kb used=292Kb max_used=292Kb free=119739Kb
 bounds [0x00007f57d019c000, 0x00007f57d040c000, 0x00007f57d76d4000]
CodeHeap 'profiled nmethods': size=120028Kb used=1713Kb max_used=1713Kb free=118314Kb
 bounds [0x00007f57c8c65000, 0x00007f57c8ed5000, 0x00007f57d019c000]
CodeHeap 'non-nmethods': size=5700Kb used=1178Kb max_used=1200Kb free=4521Kb
 bounds [0x00007f57c86d4000, 0x00007f57c8944000, 0x00007f57c8c65000]
 total_blobs=1497 nmethods=846 adapters=355
 compilation: enabled
              stopped_count=0, restarted_count=0
 full_count=0

Compilation events (20 events):
Event: 1.854 Thread 0x00007f57e0174800  804       4       java.lang.Character::digit (6 bytes)
Event: 1.854 Thread 0x00007f57e0176800  854       3       kotlin.jvm.internal.Intrinsics::checkExpressionValueIsNotNull (38 bytes)
Event: 1.854 Thread 0x00007f57e0176800 nmethod 854 0x00007f57c8e0ec10 code [0x00007f57c8e0ee20, 0x00007f57c8e0f320]
Event: 1.854 Thread 0x00007f57e0176800  855       3       muehle.Muehle::buildEndgame (185 bytes)
Event: 1.855 Thread 0x00007f57e0174800 nmethod 804 0x00007f57d01dfe90 code [0x00007f57d01e0040, 0x00007f57d01e0178]
Event: 1.855 Thread 0x00007f57e0174800  856       4       kotlin.jvm.internal.Intrinsics::checkExpressionValueIsNotNull (38 bytes)
Event: 1.856 Thread 0x00007f57e0174800 nmethod 856 0x00007f57d01e0310 code [0x00007f57d01e0480, 0x00007f57d01e04f8]
Event: 1.856 Thread 0x00007f57e0174800  805       4       java.lang.CharacterDataLatin1::digit (32 bytes)
Event: 1.857 Thread 0x00007f57e0174800 nmethod 805 0x00007f57d01e0610 code [0x00007f57d01e07c0, 0x00007f57d01e08f8]
Event: 1.857 Thread 0x00007f57e0174800  850       4       kotlin.jvm.internal.Intrinsics::checkParameterIsNotNull (9 bytes)
Event: 1.858 Thread 0x00007f57e0174800 nmethod 850 0x00007f57d01e0a10 code [0x00007f57d01e0b80, 0x00007f57d01e0bf8]
Event: 1.861 Thread 0x00007f57e0176800 nmethod 855 0x00007f57c8e0f590 code [0x00007f57c8e0f8a0, 0x00007f57c8e10980]
Event: 1.861 Thread 0x00007f57e0176800  853       3       muehle.Muehle::nodesAppend (48 bytes)
Event: 1.862 Thread 0x00007f57e0176800 nmethod 853 0x00007f57c8e11090 code [0x00007f57c8e11240, 0x00007f57c8e11540]
Event: 1.862 Thread 0x00007f57e0174800  857       4       muehle.Muehle::buildEndgame (185 bytes)
Event: 1.935 Thread 0x00007f57e0174800 nmethod 857 0x00007f57d01e0d10 code [0x00007f57d01e1120, 0x00007f57d01e34b8]
Event: 1.936 Thread 0x00007f57e0174800  858       4       muehle.Muehle::nodesAppend (48 bytes)
Event: 1.937 Thread 0x00007f57e0174800 nmethod 858 0x00007f57d01e4310 code [0x00007f57d01e44a0, 0x00007f57d01e4578]
Event: 2.435 Thread 0x00007f57e0174800  860       4       java.lang.invoke.MethodType::parameterCount (6 bytes)
Event: 2.436 Thread 0x00007f57e0174800 nmethod 860 0x00007f57d01e4c90 code [0x00007f57d01e4e00, 0x00007f57d01e4e98]

GC Heap History (20 events):
Event: 1.796 GC heap after
{Heap after GC invocations=2 (full 0):
 garbage-first heap   total 122880K, used 6067K [0x000000008aa00000, 0x0000000100000000)
  region size 1024K, 2 young (2048K), 2 survivors (2048K)
 Metaspace       used 6610K, capacity 8060K, committed 8448K, reserved 1056768K
  class space    used 743K, capacity 881K, committed 1024K, reserved 1048576K
}
Event: 1.996 GC heap before
{Heap before GC invocations=2 (full 0):
 garbage-first heap   total 122880K, used 98227K [0x000000008aa00000, 0x0000000100000000)
  region size 1024K, 70 young (71680K), 2 survivors (2048K)
 Metaspace       used 6610K, capacity 8060K, committed 8448K, reserved 1056768K
  class space    used 743K, capacity 881K, committed 1024K, reserved 1048576K
}
Event: 2.100 GC heap after
{Heap after GC invocations=3 (full 0):
 garbage-first heap   total 122880K, used 28571K [0x000000008aa00000, 0x0000000100000000)
  region size 1024K, 2 young (2048K), 2 survivors (2048K)
 Metaspace       used 6610K, capacity 8060K, committed 8448K, reserved 1056768K
  class space    used 743K, capacity 881K, committed 1024K, reserved 1048576K
}
Event: 2.236 GC heap before
{Heap before GC invocations=3 (full 0):
 garbage-first heap   total 122880K, used 91035K [0x000000008aa00000, 0x0000000100000000)
  region size 1024K, 53 young (54272K), 2 survivors (2048K)
 Metaspace       used 6610K, capacity 8060K, committed 8448K, reserved 1056768K
  class space    used 743K, capacity 881K, committed 1024K, reserved 1048576K
}
Event: 2.389 GC heap after
{Heap after GC invocations=4 (full 0):
 garbage-first heap   total 122880K, used 39874K [0x000000008aa00000, 0x0000000100000000)
  region size 1024K, 2 young (2048K), 2 survivors (2048K)
 Metaspace       used 6610K, capacity 8060K, committed 8448K, reserved 1056768K
  class space    used 743K, capacity 881K, committed 1024K, reserved 1048576K
}
Event: 2.523 GC heap before
{Heap before GC invocations=4 (full 0):
 garbage-first heap   total 119808K, used 96194K [0x000000008aa00000, 0x0000000100000000)
  region size 1024K, 64 young (65536K), 2 survivors (2048K)
 Metaspace       used 6613K, capacity 8060K, committed 8448K, reserved 1056768K
  class space    used 743K, capacity 881K, committed 1024K, reserved 1048576K
}
Event: 2.642 GC heap after
{Heap after GC invocations=5 (full 0):
 garbage-first heap   total 248832K, used 32631K [0x000000008aa00000, 0x0000000100000000)
  region size 1024K, 2 young (2048K), 2 survivors (2048K)
 Metaspace       used 6613K, capacity 8060K, committed 8448K, reserved 1056768K
  class space    used 743K, capacity 881K, committed 1024K, reserved 1048576K
}
Event: 2.984 GC heap before
{Heap before GC invocations=6 (full 0):
 garbage-first heap   total 248832K, used 240503K [0x000000008aa00000, 0x0000000100000000)
  region size 1024K, 145 young (148480K), 2 survivors (2048K)
 Metaspace       used 6613K, capacity 8060K, committed 8448K, reserved 1056768K
  class space    used 743K, capacity 881K, committed 1024K, reserved 1048576K
}
Event: 3.278 GC heap after
{Heap after GC invocations=7 (full 0):
 garbage-first heap   total 248832K, used 94158K [0x000000008aa00000, 0x0000000100000000)
  region size 1024K, 2 young (2048K), 2 survivors (2048K)
 Metaspace       used 6613K, capacity 8060K, committed 8448K, reserved 1056768K
  class space    used 743K, capacity 881K, committed 1024K, reserved 1048576K
}
Event: 3.305 GC heap before
{Heap before GC invocations=7 (full 0):
 garbage-first heap   total 248832K, used 104398K [0x000000008aa00000, 0x0000000100000000)
  region size 1024K, 12 young (12288K), 2 survivors (2048K)
 Metaspace       used 6613K, capacity 8060K, committed 8448K, reserved 1056768K
  class space    used 743K, capacity 881K, committed 1024K, reserved 1048576K
}
Event: 3.524 GC heap after
{Heap after GC invocations=8 (full 0):
 garbage-first heap   total 248832K, used 94138K [0x000000008aa00000, 0x0000000100000000)
  region size 1024K, 1 young (1024K), 1 survivors (1024K)
 Metaspace       used 6613K, capacity 8060K, committed 8448K, reserved 1056768K
  class space    used 743K, capacity 881K, committed 1024K, reserved 1048576K
}
Event: 3.632 GC heap before
{Heap before GC invocations=8 (full 0):
 garbage-first heap   total 248832K, used 177082K [0x000000008aa00000, 0x0000000100000000)
  region size 1024K, 83 young (84992K), 1 survivors (1024K)
 Metaspace       used 6613K, capacity 8060K, committed 8448K, reserved 1056768K
  class space    used 743K, capacity 881K, committed 1024K, reserved 1048576K
}
Event: 3.634 GC heap after
{Heap after GC invocations=9 (full 0):
 garbage-first heap   total 248832K, used 94011K [0x000000008aa00000, 0x0000000100000000)
  region size 1024K, 1 young (1024K), 1 survivors (1024K)
 Metaspace       used 6613K, capacity 8060K, committed 8448K, reserved 1056768K
  class space    used 743K, capacity 881K, committed 1024K, reserved 1048576K
}
Event: 3.876 GC heap before
{Heap before GC invocations=9 (full 0):
 garbage-first heap   total 248832K, used 219963K [0x000000008aa00000, 0x0000000100000000)
  region size 1024K, 122 young (124928K), 1 survivors (1024K)
 Metaspace       used 6613K, capacity 8060K, committed 8448K, reserved 1056768K
  class space    used 743K, capacity 881K, committed 1024K, reserved 1048576K
}
Event: 3.878 GC heap after
{Heap after GC invocations=10 (full 0):
 garbage-first heap   total 248832K, used 96033K [0x000000008aa00000, 0x0000000100000000)
  region size 1024K, 1 young (1024K), 1 survivors (1024K)
 Metaspace       used 6613K, capacity 8060K, committed 8448K, reserved 1056768K
  class space    used 743K, capacity 881K, committed 1024K, reserved 1048576K
}
Event: 4.001 GC heap before
{Heap before GC invocations=11 (full 0):
 garbage-first heap   total 248832K, used 187169K [0x000000008aa00000, 0x0000000100000000)
  region size 1024K, 91 young (93184K), 1 survivors (1024K)
 Metaspace       used 6613K, capacity 8060K, committed 8448K, reserved 1056768K
  class space    used 743K, capacity 881K, committed 1024K, reserved 1048576K
}
Event: 4.003 GC heap after
{Heap after GC invocations=12 (full 0):
 garbage-first heap   total 248832K, used 96021K [0x000000008aa00000, 0x0000000100000000)
  region size 1024K, 1 young (1024K), 1 survivors (1024K)
 Metaspace       used 6613K, capacity 8060K, committed 8448K, reserved 1056768K
  class space    used 743K, capacity 881K, committed 1024K, reserved 1048576K
}
Event: 4.553 GC heap before
{Heap before GC invocations=12 (full 0):
 garbage-first heap   total 330752K, used 263957K [0x000000008aa00000, 0x0000000100000000)
  region size 1024K, 121 young (123904K), 1 survivors (1024K)
 Metaspace       used 6613K, capacity 8060K, committed 8448K, reserved 1056768K
  class space    used 743K, capacity 881K, committed 1024K, reserved 1048576K
}
Event: 8.228 GC heap after
{Heap after GC invocations=13 (full 0):
 garbage-first heap   total 330752K, used 141081K [0x000000008aa00000, 0x0000000100000000)
  region size 1024K, 1 young (1024K), 1 survivors (1024K)
 Metaspace       used 6613K, capacity 8060K, committed 8448K, reserved 1056768K
  class space    used 743K, capacity 881K, committed 1024K, reserved 1048576K
}
Event: 9.479 GC heap before
{Heap before GC invocations=14 (full 0):
 garbage-first heap   total 330752K, used 156441K [0x000000008aa00000, 0x0000000100000000)
  region size 1024K, 16 young (16384K), 1 survivors (1024K)
 Metaspace       used 6613K, capacity 8060K, committed 8448K, reserved 1056768K
  class space    used 743K, capacity 881K, committed 1024K, reserved 1048576K
}

Deoptimization events (20 events):
Event: 1.754 Thread 0x00007f57e002b800 DEOPT PACKING pc=0x00007f57c8e0928f sp=0x00007f57e54e1c60
Event: 1.754 Thread 0x00007f57e002b800 DEOPT UNPACKING pc=0x00007f57c871d63a sp=0x00007f57e54e1220 mode 0
Event: 1.755 Thread 0x00007f57e002b800 DEOPT PACKING pc=0x00007f57c8e0928f sp=0x00007f57e54e1c60
Event: 1.755 Thread 0x00007f57e002b800 DEOPT UNPACKING pc=0x00007f57c871d63a sp=0x00007f57e54e1220 mode 0
Event: 1.756 Thread 0x00007f57e002b800 DEOPT PACKING pc=0x00007f57c8e0928f sp=0x00007f57e54e1c60
Event: 1.756 Thread 0x00007f57e002b800 DEOPT UNPACKING pc=0x00007f57c871d63a sp=0x00007f57e54e1220 mode 0
Event: 1.758 Thread 0x00007f57e002b800 DEOPT PACKING pc=0x00007f57c8e0928f sp=0x00007f57e54e1c60
Event: 1.758 Thread 0x00007f57e002b800 DEOPT UNPACKING pc=0x00007f57c871d63a sp=0x00007f57e54e1220 mode 0
Event: 1.759 Thread 0x00007f57e002b800 DEOPT PACKING pc=0x00007f57c8e0928f sp=0x00007f57e54e1c60
Event: 1.759 Thread 0x00007f57e002b800 DEOPT UNPACKING pc=0x00007f57c871d63a sp=0x00007f57e54e1220 mode 0
Event: 1.760 Thread 0x00007f57e002b800 DEOPT PACKING pc=0x00007f57c8e0928f sp=0x00007f57e54e1c60
Event: 1.760 Thread 0x00007f57e002b800 DEOPT UNPACKING pc=0x00007f57c871d63a sp=0x00007f57e54e1220 mode 0
Event: 1.761 Thread 0x00007f57e002b800 DEOPT PACKING pc=0x00007f57c8e0928f sp=0x00007f57e54e1c60
Event: 1.761 Thread 0x00007f57e002b800 DEOPT UNPACKING pc=0x00007f57c871d63a sp=0x00007f57e54e1220 mode 0
Event: 1.762 Thread 0x00007f57e002b800 DEOPT PACKING pc=0x00007f57c8e0928f sp=0x00007f57e54e1c60
Event: 1.763 Thread 0x00007f57e002b800 DEOPT UNPACKING pc=0x00007f57c871d63a sp=0x00007f57e54e1220 mode 0
Event: 1.764 Thread 0x00007f57e002b800 DEOPT PACKING pc=0x00007f57c8e0928f sp=0x00007f57e54e1c60
Event: 1.764 Thread 0x00007f57e002b800 DEOPT UNPACKING pc=0x00007f57c871d63a sp=0x00007f57e54e1220 mode 0
Event: 1.765 Thread 0x00007f57e002b800 DEOPT PACKING pc=0x00007f57c8e0928f sp=0x00007f57e54e1c60
Event: 1.765 Thread 0x00007f57e002b800 DEOPT UNPACKING pc=0x00007f57c871d63a sp=0x00007f57e54e1220 mode 0

Classes unloaded (0 events):
No events

Classes redefined (0 events):
No events

Internal exceptions (10 events):
Event: 0.414 Thread 0x00007f57e002b800 Exception <a 'java/lang/NoSuchMethodError'{0x0000000091dd6268}: 'void java.lang.invoke.DirectMethodHandle$Holder.invokeStaticInit(java.lang.Object, java.lang.Object)'> (0x0000000091dd6268) 
thrown [open/src/hotspot/share/interpreter/linkResolver.cpp, line 766]
Event: 0.419 Thread 0x00007f57e002b800 Exception <a 'java/lang/NoSuchMethodError'{0x0000000091dff758}: 'void java.lang.invoke.DirectMethodHandle$Holder.invokeStatic(java.lang.Object, java.lang.Object, java.lang.Object, java.lang.Object)'> (0x0000000091dff758) 
thrown [open/src/hotspot/share/interpreter/linkResolver.cpp, line 766]
Event: 0.420 Thread 0x00007f57e002b800 Exception <a 'java/lang/NoSuchMethodError'{0x0000000091c0b240}: 'void java.lang.invoke.DirectMethodHandle$Holder.invokeStaticInit(java.lang.Object, java.lang.Object, java.lang.Object, java.lang.Object)'> (0x0000000091c0b240) 
thrown [open/src/hotspot/share/interpreter/linkResolver.cpp, line 766]
Event: 0.525 Thread 0x00007f57e002b800 Exception <a 'java/lang/NoSuchMethodError'{0x0000000091bce830}: 'java.lang.Object java.lang.invoke.DirectMethodHandle$Holder.invokeStaticInit(java.lang.Object, java.lang.Object, java.lang.Object)'> (0x0000000091bce830) 
thrown [open/src/hotspot/share/interpreter/linkResolver.cpp, line 766]
Event: 0.573 Thread 0x00007f57e002b800 Exception <a 'java/lang/NoSuchMethodError'{0x0000000091ad5b20}: 'void java.lang.invoke.DirectMethodHandle$Holder.invokeStaticInit(java.lang.Object)'> (0x0000000091ad5b20) 
thrown [open/src/hotspot/share/interpreter/linkResolver.cpp, line 766]
Event: 0.906 Thread 0x00007f57e002b800 Exception <a 'java/lang/NoSuchMethodError'{0x000000009171c370}: 'int java.lang.invoke.DirectMethodHandle$Holder.invokeStaticInit(java.lang.Object, java.lang.Object)'> (0x000000009171c370) 
thrown [open/src/hotspot/share/interpreter/linkResolver.cpp, line 766]
Event: 0.908 Thread 0x00007f57e002b800 Exception <a 'java/lang/NoSuchMethodError'{0x0000000091721550}: 'void java.lang.invoke.DirectMethodHandle$Holder.invokeStaticInit(java.lang.Object, java.lang.Object, java.lang.Object)'> (0x0000000091721550) 
thrown [open/src/hotspot/share/interpreter/linkResolver.cpp, line 766]
Event: 1.388 Thread 0x00007f57e002b800 Exception <a 'java/lang/NoSuchMethodError'{0x0000000091f13530}: 'int java.lang.invoke.DirectMethodHandle$Holder.invokeInterface(java.lang.Object, java.lang.Object)'> (0x0000000091f13530) 
thrown [open/src/hotspot/share/interpreter/linkResolver.cpp, line 766]
Event: 1.410 Thread 0x00007f57e002b800 Exception <a 'java/lang/NoSuchMethodError'{0x0000000091f2af08}: 'int java.lang.invoke.DirectMethodHandle$Holder.invokeSpecialIFC(java.lang.Object, java.lang.Object, int)'> (0x0000000091f2af08) 
thrown [open/src/hotspot/share/interpreter/linkResolver.cpp, line 766]
Event: 1.582 Thread 0x00007f57e002b800 Exception <a 'java/lang/NoSuchMethodError'{0x0000000091b0e3d8}: 'void java.lang.invoke.DirectMethodHandle$Holder.invokeInterface(java.lang.Object, java.lang.Object)'> (0x0000000091b0e3d8) 
thrown [open/src/hotspot/share/interpreter/linkResolver.cpp, line 766]

Events (20 events):
Event: 3.524 Executing VM operation: G1CollectForAllocation done
Event: 3.632 Executing VM operation: G1TryInitiateConcMark
Event: 3.634 Executing VM operation: G1TryInitiateConcMark done
Event: 3.745 Executing VM operation: G1Concurrent
Event: 3.748 Executing VM operation: G1Concurrent done
Event: 3.876 Executing VM operation: G1CollectForAllocation
Event: 3.878 Executing VM operation: G1CollectForAllocation done
Event: 3.961 Executing VM operation: G1Concurrent
Event: 3.961 Executing VM operation: G1Concurrent done
Event: 4.001 Executing VM operation: G1TryInitiateConcMark
Event: 4.003 Executing VM operation: G1TryInitiateConcMark done
Event: 4.128 Executing VM operation: G1Concurrent
Event: 4.131 Executing VM operation: G1Concurrent done
Event: 4.347 Executing VM operation: G1CollectForAllocation
Event: 8.277 Executing VM operation: G1CollectForAllocation done
Event: 8.363 Executing VM operation: HandshakeOneThread
Event: 8.389 Executing VM operation: HandshakeOneThread done
Event: 8.391 Executing VM operation: G1Concurrent
Event: 8.463 Executing VM operation: G1Concurrent done
Event: 8.487 Executing VM operation: G1CollectForAllocation


Dynamic libraries:
8aa00000-9eb00000 rw-p 00000000 00:00 0 
c5900000-ffe00000 ---p 00000000 00:00 0 
ffe00000-ffe52000 rw-p 00bbc000 08:06 930343                             /home/benedikt/openjdk/lib/server/classes.jsa
ffe52000-fff00000 rw-p 00000000 00:00 0 
fff00000-fff7f000 rw-p 00b3d000 08:06 930343                             /home/benedikt/openjdk/lib/server/classes.jsa
fff7f000-100000000 rw-p 00000000 00:00 0 
800000000-800003000 rwxp 00001000 08:06 930343                           /home/benedikt/openjdk/lib/server/classes.jsa
800003000-8003e3000 rw-p 00004000 08:06 930343                           /home/benedikt/openjdk/lib/server/classes.jsa
8003e3000-800b0e000 r--p 003e4000 08:06 930343                           /home/benedikt/openjdk/lib/server/classes.jsa
800b0e000-800b0f000 rw-p 00b0f000 08:06 930343                           /home/benedikt/openjdk/lib/server/classes.jsa
800b0f000-800c0f000 rw-p 00000000 00:00 0 
800c0f000-840b0f000 ---p 00000000 00:00 0 
5627aeec7000-5627aeec8000 r-xp 00000000 08:06 788593                     /home/benedikt/openjdk/bin/java
5627aeec9000-5627aeeca000 r--p 00001000 08:06 788593                     /home/benedikt/openjdk/bin/java
5627aeeca000-5627aeecb000 rw-p 00002000 08:06 788593                     /home/benedikt/openjdk/bin/java
5627af410000-5627af431000 rw-p 00000000 00:00 0                          [heap]
7f573c000000-7f573c021000 rw-p 00000000 00:00 0 
7f573c021000-7f5740000000 ---p 00000000 00:00 0 
7f5744000000-7f5744021000 rw-p 00000000 00:00 0 
7f5744021000-7f5748000000 ---p 00000000 00:00 0 
7f5748000000-7f5748021000 rw-p 00000000 00:00 0 
7f5748021000-7f574c000000 ---p 00000000 00:00 0 
7f574c000000-7f574c021000 rw-p 00000000 00:00 0 
7f574c021000-7f5750000000 ---p 00000000 00:00 0 
7f5750000000-7f5750021000 rw-p 00000000 00:00 0 
7f5750021000-7f5754000000 ---p 00000000 00:00 0 
7f5754000000-7f5754021000 rw-p 00000000 00:00 0 
7f5754021000-7f5758000000 ---p 00000000 00:00 0 
7f5758000000-7f5758021000 rw-p 00000000 00:00 0 
7f5758021000-7f575c000000 ---p 00000000 00:00 0 
7f575c000000-7f575c052000 rw-p 00000000 00:00 0 
7f575c052000-7f5760000000 ---p 00000000 00:00 0 
7f5760000000-7f5760021000 rw-p 00000000 00:00 0 
7f5760021000-7f5764000000 ---p 00000000 00:00 0 
7f5764000000-7f5764052000 rw-p 00000000 00:00 0 
7f5764052000-7f5768000000 ---p 00000000 00:00 0 
7f5768000000-7f576804c000 rw-p 00000000 00:00 0 
7f576804c000-7f576c000000 ---p 00000000 00:00 0 
7f576c000000-7f576c021000 rw-p 00000000 00:00 0 
7f576c021000-7f5770000000 ---p 00000000 00:00 0 
7f5770000000-7f5770024000 rw-p 00000000 00:00 0 
7f5770024000-7f5774000000 ---p 00000000 00:00 0 
7f5774000000-7f5774021000 rw-p 00000000 00:00 0 
7f5774021000-7f5778000000 ---p 00000000 00:00 0 
7f5778000000-7f5778021000 rw-p 00000000 00:00 0 
7f5778021000-7f577c000000 ---p 00000000 00:00 0 
7f577c000000-7f577c021000 rw-p 00000000 00:00 0 
7f577c021000-7f5780000000 ---p 00000000 00:00 0 
7f5780000000-7f5780021000 rw-p 00000000 00:00 0 
7f5780021000-7f5784000000 ---p 00000000 00:00 0 
7f5784000000-7f57842ca000 rw-p 00000000 00:00 0 
7f57842ca000-7f5788000000 ---p 00000000 00:00 0 
7f5788000000-7f5788021000 rw-p 00000000 00:00 0 
7f5788021000-7f578c000000 ---p 00000000 00:00 0 
7f578c000000-7f578c021000 rw-p 00000000 00:00 0 
7f578c021000-7f5790000000 ---p 00000000 00:00 0 
7f5790000000-7f579040d000 rw-p 00000000 00:00 0 
7f579040d000-7f5794000000 ---p 00000000 00:00 0 
7f5794000000-7f5794021000 rw-p 00000000 00:00 0 
7f5794021000-7f5798000000 ---p 00000000 00:00 0 
7f579b448000-7f579b7c5000 rw-p 00000000 00:00 0 
7f579b7c5000-7f579b7c6000 ---p 00000000 00:00 0 
7f579b7c6000-7f579b8c7000 rw-p 00000000 00:00 0 
7f579b8c7000-7f579b8c8000 ---p 00000000 00:00 0 
7f579b8c8000-7f579b9c9000 rw-p 00000000 00:00 0 
7f579b9c9000-7f579b9ca000 ---p 00000000 00:00 0 
7f579b9ca000-7f579bacb000 rw-p 00000000 00:00 0 
7f579bacb000-7f579bacf000 ---p 00000000 00:00 0 
7f579bacf000-7f579bbcc000 rw-p 00000000 00:00 0 
7f579bbcc000-7f57a0000000 r--p 00000000 08:06 663093                     /usr/lib/locale/locale-archive
7f57a0000000-7f57a0021000 rw-p 00000000 00:00 0 
7f57a0021000-7f57a4000000 ---p 00000000 00:00 0 
7f57a4000000-7f57a4021000 rw-p 00000000 00:00 0 
7f57a4021000-7f57a8000000 ---p 00000000 00:00 0 
7f57a8000000-7f57a8021000 rw-p 00000000 00:00 0 
7f57a8021000-7f57ac000000 ---p 00000000 00:00 0 
7f57ac000000-7f57ac078000 rw-p 00000000 00:00 0 
7f57ac078000-7f57b0000000 ---p 00000000 00:00 0 
7f57b0000000-7f57b0021000 rw-p 00000000 00:00 0 
7f57b0021000-7f57b4000000 ---p 00000000 00:00 0 
7f57b40e5000-7f57b40e9000 ---p 00000000 00:00 0 
7f57b40e9000-7f57b41e6000 rw-p 00000000 00:00 0 
7f57b41e6000-7f57b41ea000 ---p 00000000 00:00 0 
7f57b41ea000-7f57b42e7000 rw-p 00000000 00:00 0 
7f57b42e7000-7f57b42eb000 ---p 00000000 00:00 0 
7f57b42eb000-7f57b43e8000 rw-p 00000000 00:00 0 
7f57b43e8000-7f57b43ec000 ---p 00000000 00:00 0 
7f57b43ec000-7f57b44e9000 rw-p 00000000 00:00 0 
7f57b44e9000-7f57b44ed000 ---p 00000000 00:00 0 
7f57b44ed000-7f57b45ea000 rw-p 00000000 00:00 0 
7f57b45ea000-7f57b45ee000 ---p 00000000 00:00 0 
7f57b45ee000-7f57b46eb000 rw-p 00000000 00:00 0 
7f57b46eb000-7f57b46ef000 ---p 00000000 00:00 0 
7f57b46ef000-7f57b47ec000 rw-p 00000000 00:00 0 
7f57b47ec000-7f57b47f0000 ---p 00000000 00:00 0 
7f57b47f0000-7f57b48ed000 rw-p 00000000 00:00 0 
7f57b48ed000-7f57b48f1000 ---p 00000000 00:00 0 
7f57b48f1000-7f57b49ee000 rw-p 00000000 00:00 0 
7f57b49ee000-7f57b49ef000 ---p 00000000 00:00 0 
7f57b49ef000-7f57b4af0000 rw-p 00000000 00:00 0 
7f57b4af0000-7f57b4af1000 ---p 00000000 00:00 0 
7f57b4af1000-7f57b4bf2000 rw-p 00000000 00:00 0 
7f57b4bf2000-7f57b4bf3000 ---p 00000000 00:00 0 
7f57b4bf3000-7f57b4cf4000 rw-p 00000000 00:00 0 
7f57b4cf4000-7f57b4cf8000 ---p 00000000 00:00 0 
7f57b4cf8000-7f57b4df5000 rw-p 00000000 00:00 0 
7f57b4df5000-7f57b4df9000 ---p 00000000 00:00 0 
7f57b4df9000-7f57b4ef6000 rw-p 00000000 00:00 0 
7f57b4ef6000-7f57b4ef7000 ---p 00000000 00:00 0 
7f57b4ef7000-7f57b4ff8000 rw-p 00000000 00:00 0 
7f57b4ff8000-7f57b4ffc000 ---p 00000000 00:00 0 
7f57b4ffc000-7f57b50f9000 rw-p 00000000 00:00 0 
7f57b50f9000-7f57b50fd000 ---p 00000000 00:00 0 
7f57b50fd000-7f57b51fa000 rw-p 00000000 00:00 0 
7f57b51fa000-7f57b51fe000 ---p 00000000 00:00 0 
7f57b51fe000-7f57b52fb000 rw-p 00000000 00:00 0 
7f57b52fb000-7f57b52ff000 ---p 00000000 00:00 0 
7f57b52ff000-7f57b53fc000 rw-p 00000000 00:00 0 
7f57b53fc000-7f57b5400000 ---p 00000000 00:00 0 
7f57b5400000-7f57b54fd000 rw-p 00000000 00:00 0 
7f57b54fd000-7f57b5501000 ---p 00000000 00:00 0 
7f57b5501000-7f57b55fe000 rw-p 00000000 00:00 0 
7f57b55fe000-7f57b5602000 ---p 00000000 00:00 0 
7f57b5602000-7f57b56ff000 rw-p 00000000 00:00 0 
7f57b56ff000-7f57b5703000 ---p 00000000 00:00 0 
7f57b5703000-7f57b5f40000 rw-p 00000000 00:00 0 
7f57b5f40000-7f57b6000000 ---p 00000000 00:00 0 
7f57b6000000-7f57b8000000 rw-p 00000000 00:00 0 
7f57b8000000-7f57b8021000 rw-p 00000000 00:00 0 
7f57b8021000-7f57bc000000 ---p 00000000 00:00 0 
7f57bc000000-7f57bc021000 rw-p 00000000 00:00 0 
7f57bc021000-7f57c0000000 ---p 00000000 00:00 0 
7f57c0000000-7f57c0054000 rw-p 00000000 00:00 0 
7f57c0054000-7f57c4000000 ---p 00000000 00:00 0 
7f57c40cc000-7f57c40d1000 r-xp 00000000 08:06 930322                     /home/benedikt/openjdk/lib/libmanagement_ext.so
7f57c40d1000-7f57c40d2000 r--p 00004000 08:06 930322                     /home/benedikt/openjdk/lib/libmanagement_ext.so
7f57c40d2000-7f57c40d3000 rw-p 00005000 08:06 930322                     /home/benedikt/openjdk/lib/libmanagement_ext.so
7f57c40d4000-7f57c40d8000 r-xp 00000000 08:06 930320                     /home/benedikt/openjdk/lib/libmanagement.so
7f57c40d8000-7f57c40d9000 r--p 00003000 08:06 930320                     /home/benedikt/openjdk/lib/libmanagement.so
7f57c40d9000-7f57c40da000 rw-p 00004000 08:06 930320                     /home/benedikt/openjdk/lib/libmanagement.so
7f57c40dc000-7f57c40f1000 r-xp 00000000 08:06 930324                     /home/benedikt/openjdk/lib/libnet.so
7f57c40f1000-7f57c40f2000 r--p 00014000 08:06 930324                     /home/benedikt/openjdk/lib/libnet.so
7f57c40f2000-7f57c40f3000 rw-p 00015000 08:06 930324                     /home/benedikt/openjdk/lib/libnet.so
7f57c40f9000-7f57c40fd000 ---p 00000000 00:00 0 
7f57c40fd000-7f57c41fa000 rw-p 00000000 00:00 0 
7f57c41fa000-7f57c41fe000 ---p 00000000 00:00 0 
7f57c41fe000-7f57c42fb000 rw-p 00000000 00:00 0 
7f57c42fb000-7f57c42fc000 ---p 00000000 00:00 0 
7f57c42fc000-7f57c451a000 rw-p 00000000 00:00 0 
7f57c451a000-7f57c451b000 ---p 00000000 00:00 0 
7f57c451b000-7f57c461c000 rw-p 00000000 00:00 0 
7f57c461c000-7f57c461d000 ---p 00000000 00:00 0 
7f57c461d000-7f57c4b22000 rw-p 00000000 00:00 0 
7f57c4b22000-7f57c4b23000 ---p 00000000 00:00 0 
7f57c4b23000-7f57c5128000 rw-p 00000000 00:00 0 
7f57c5128000-7f57c6974000 ---p 00000000 00:00 0 
7f57c6974000-7f57c6e80000 rw-p 00000000 00:00 0 
7f57c6e80000-7f57c86cc000 ---p 00000000 00:00 0 
7f57c86cc000-7f57c86d4000 rw-p 00000000 00:00 0 
7f57c86d4000-7f57c8944000 rwxp 00000000 00:00 0 
7f57c8944000-7f57c8c65000 ---p 00000000 00:00 0 
7f57c8c65000-7f57c8ed5000 rwxp 00000000 00:00 0 
7f57c8ed5000-7f57d019c000 ---p 00000000 00:00 0 
7f57d019c000-7f57d040c000 rwxp 00000000 00:00 0 
7f57d040c000-7f57d76d4000 ---p 00000000 00:00 0 
7f57d76d4000-7f57dfff9000 r--s 00000000 08:06 930334                     /home/benedikt/openjdk/lib/modules
7f57e0000000-7f57e0655000 rw-p 00000000 00:00 0 
7f57e0655000-7f57e4000000 ---p 00000000 00:00 0 
7f57e4004000-7f57e4006000 r-xp 00000000 08:06 930304                     /home/benedikt/openjdk/lib/libextnet.so
7f57e4006000-7f57e4007000 r--p 00001000 08:06 930304                     /home/benedikt/openjdk/lib/libextnet.so
7f57e4007000-7f57e4008000 rw-p 00002000 08:06 930304                     /home/benedikt/openjdk/lib/libextnet.so
7f57e400c000-7f57e4019000 r-xp 00000000 08:06 930332                     /home/benedikt/openjdk/lib/libverify.so
7f57e4019000-7f57e401b000 r--p 0000c000 08:06 930332                     /home/benedikt/openjdk/lib/libverify.so
7f57e401b000-7f57e401c000 rw-p 0000e000 08:06 930332                     /home/benedikt/openjdk/lib/libverify.so
7f57e401c000-7f57e402d000 r-xp 00000000 08:06 930325                     /home/benedikt/openjdk/lib/libnio.so
7f57e402d000-7f57e402e000 ---p 00011000 08:06 930325                     /home/benedikt/openjdk/lib/libnio.so
7f57e402e000-7f57e402f000 r--p 00011000 08:06 930325                     /home/benedikt/openjdk/lib/libnio.so
7f57e402f000-7f57e4030000 rw-p 00012000 08:06 930325                     /home/benedikt/openjdk/lib/libnio.so
7f57e4036000-7f57e4037000 ---p 00000000 00:00 0 
7f57e4037000-7f57e4138000 rw-p 00000000 00:00 0 
7f57e4138000-7f57e4139000 ---p 00000000 00:00 0 
7f57e4139000-7f57e431a000 rw-p 00000000 00:00 0 
7f57e431a000-7f57e4623000 ---p 00000000 00:00 0 
7f57e4623000-7f57e46c5000 rw-p 00000000 00:00 0 
7f57e46c5000-7f57e49ce000 ---p 00000000 00:00 0 
7f57e49ce000-7f57e4a70000 rw-p 00000000 00:00 0 
7f57e4a70000-7f57e4d79000 ---p 00000000 00:00 0 
7f57e4d79000-7f57e5183000 rw-p 00000000 00:00 0 
7f57e5183000-7f57e5269000 ---p 00000000 00:00 0 
7f57e5269000-7f57e526e000 rw-p 00000000 00:00 0 
7f57e526e000-7f57e5354000 ---p 00000000 00:00 0 
7f57e5354000-7f57e5357000 r--p 00000000 08:06 1053683                    /usr/lib/x86_64-linux-gnu/libnss_files-2.28.so
7f57e5357000-7f57e535e000 r-xp 00003000 08:06 1053683                    /usr/lib/x86_64-linux-gnu/libnss_files-2.28.so
7f57e535e000-7f57e5360000 r--p 0000a000 08:06 1053683                    /usr/lib/x86_64-linux-gnu/libnss_files-2.28.so
7f57e5360000-7f57e5361000 ---p 0000c000 08:06 1053683                    /usr/lib/x86_64-linux-gnu/libnss_files-2.28.so
7f57e5361000-7f57e5362000 r--p 0000c000 08:06 1053683                    /usr/lib/x86_64-linux-gnu/libnss_files-2.28.so
7f57e5362000-7f57e5363000 rw-p 0000d000 08:06 1053683                    /usr/lib/x86_64-linux-gnu/libnss_files-2.28.so
7f57e5363000-7f57e5369000 rw-p 00000000 00:00 0 
7f57e5370000-7f57e5375000 rw-p 00000000 00:00 0 
7f57e5375000-7f57e537c000 ---p 00000000 00:00 0 
7f57e537c000-7f57e5383000 r-xp 00000000 08:06 930333                     /home/benedikt/openjdk/lib/libzip.so
7f57e5383000-7f57e5384000 r--p 00006000 08:06 930333                     /home/benedikt/openjdk/lib/libzip.so
7f57e5384000-7f57e5385000 rw-p 00007000 08:06 930333                     /home/benedikt/openjdk/lib/libzip.so
7f57e538c000-7f57e53b0000 r-xp 00000000 08:06 930311                     /home/benedikt/openjdk/lib/libjava.so
7f57e53b0000-7f57e53b1000 r--p 00023000 08:06 930311                     /home/benedikt/openjdk/lib/libjava.so
7f57e53b1000-7f57e53b3000 rw-p 00024000 08:06 930311                     /home/benedikt/openjdk/lib/libjava.so
7f57e53b4000-7f57e53cf000 r-xp 00000000 08:06 930315                     /home/benedikt/openjdk/lib/libjimage.so
7f57e53cf000-7f57e53d1000 r--p 0001a000 08:06 930315                     /home/benedikt/openjdk/lib/libjimage.so
7f57e53d1000-7f57e53d2000 rw-p 0001c000 08:06 930315                     /home/benedikt/openjdk/lib/libjimage.so
7f57e53d4000-7f57e53d6000 r--p 00000000 08:06 1053956                    /usr/lib/x86_64-linux-gnu/librt-2.28.so
7f57e53d6000-7f57e53da000 r-xp 00002000 08:06 1053956                    /usr/lib/x86_64-linux-gnu/librt-2.28.so
7f57e53da000-7f57e53dc000 r--p 00006000 08:06 1053956                    /usr/lib/x86_64-linux-gnu/librt-2.28.so
7f57e53dc000-7f57e53dd000 r--p 00007000 08:06 1053956                    /usr/lib/x86_64-linux-gnu/librt-2.28.so
7f57e53dd000-7f57e53de000 rw-p 00008000 08:06 1053956                    /usr/lib/x86_64-linux-gnu/librt-2.28.so
7f57e53e3000-7f57e53e7000 ---p 00000000 00:00 0 
7f57e53e7000-7f57e54e4000 rw-p 00000000 00:00 0 
7f57e54e4000-7f57e54f1000 r--p 00000000 08:06 1053510                    /usr/lib/x86_64-linux-gnu/libm-2.28.so
7f57e54f1000-7f57e5590000 r-xp 0000d000 08:06 1053510                    /usr/lib/x86_64-linux-gnu/libm-2.28.so
7f57e5590000-7f57e5665000 r--p 000ac000 08:06 1053510                    /usr/lib/x86_64-linux-gnu/libm-2.28.so
7f57e5665000-7f57e5666000 r--p 00180000 08:06 1053510                    /usr/lib/x86_64-linux-gnu/libm-2.28.so
7f57e5666000-7f57e5667000 rw-p 00181000 08:06 1053510                    /usr/lib/x86_64-linux-gnu/libm-2.28.so
7f57e566c000-7f57e667b000 r-xp 00000000 08:06 930345                     /home/benedikt/openjdk/lib/server/libjvm.so
7f57e667b000-7f57e667c000 ---p 0100f000 08:06 930345                     /home/benedikt/openjdk/lib/server/libjvm.so
7f57e667c000-7f57e6720000 r--p 0100f000 08:06 930345                     /home/benedikt/openjdk/lib/server/libjvm.so
7f57e6720000-7f57e6758000 rw-p 010b3000 08:06 930345                     /home/benedikt/openjdk/lib/server/libjvm.so
7f57e6758000-7f57e67d9000 rw-p 00000000 00:00 0 
7f57e67dc000-7f57e67fe000 r--p 00000000 08:06 1052703                    /usr/lib/x86_64-linux-gnu/libc-2.28.so
7f57e67fe000-7f57e6946000 r-xp 00022000 08:06 1052703                    /usr/lib/x86_64-linux-gnu/libc-2.28.so
7f57e6946000-7f57e6992000 r--p 0016a000 08:06 1052703                    /usr/lib/x86_64-linux-gnu/libc-2.28.so
7f57e6992000-7f57e6993000 ---p 001b6000 08:06 1052703                    /usr/lib/x86_64-linux-gnu/libc-2.28.so
7f57e6993000-7f57e6997000 r--p 001b6000 08:06 1052703                    /usr/lib/x86_64-linux-gnu/libc-2.28.so
7f57e6997000-7f57e6999000 rw-p 001ba000 08:06 1052703                    /usr/lib/x86_64-linux-gnu/libc-2.28.so
7f57e6999000-7f57e699d000 rw-p 00000000 00:00 0 
7f57e69a4000-7f57e69a5000 r--p 00000000 08:06 1052852                    /usr/lib/x86_64-linux-gnu/libdl-2.28.so
7f57e69a5000-7f57e69a6000 r-xp 00001000 08:06 1052852                    /usr/lib/x86_64-linux-gnu/libdl-2.28.so
7f57e69a6000-7f57e69a7000 r--p 00002000 08:06 1052852                    /usr/lib/x86_64-linux-gnu/libdl-2.28.so
7f57e69a7000-7f57e69a8000 r--p 00002000 08:06 1052852                    /usr/lib/x86_64-linux-gnu/libdl-2.28.so
7f57e69a8000-7f57e69a9000 rw-p 00003000 08:06 1052852                    /usr/lib/x86_64-linux-gnu/libdl-2.28.so
7f57e69ac000-7f57e69b2000 r--p 00000000 08:06 1053880                    /usr/lib/x86_64-linux-gnu/libpthread-2.28.so
7f57e69b2000-7f57e69c1000 r-xp 00006000 08:06 1053880                    /usr/lib/x86_64-linux-gnu/libpthread-2.28.so
7f57e69c1000-7f57e69c7000 r--p 00015000 08:06 1053880                    /usr/lib/x86_64-linux-gnu/libpthread-2.28.so
7f57e69c7000-7f57e69c8000 r--p 0001a000 08:06 1053880                    /usr/lib/x86_64-linux-gnu/libpthread-2.28.so
7f57e69c8000-7f57e69c9000 rw-p 0001b000 08:06 1053880                    /usr/lib/x86_64-linux-gnu/libpthread-2.28.so
7f57e69c9000-7f57e69cd000 rw-p 00000000 00:00 0 
7f57e69d4000-7f57e69e2000 r-xp 00000000 08:06 930316                     /home/benedikt/openjdk/lib/libjli.so
7f57e69e2000-7f57e69e3000 ---p 0000e000 08:06 930316                     /home/benedikt/openjdk/lib/libjli.so
7f57e69e3000-7f57e69e4000 r--p 0000e000 08:06 930316                     /home/benedikt/openjdk/lib/libjli.so
7f57e69e4000-7f57e69e5000 rw-p 0000f000 08:06 930316                     /home/benedikt/openjdk/lib/libjli.so
7f57e69ec000-7f57e6a08000 r-xp 00000000 08:06 1054387                    /usr/lib/x86_64-linux-gnu/libz.so.1.2.11
7f57e6a08000-7f57e6c08000 ---p 0001c000 08:06 1054387                    /usr/lib/x86_64-linux-gnu/libz.so.1.2.11
7f57e6c08000-7f57e6c09000 r--p 0001c000 08:06 1054387                    /usr/lib/x86_64-linux-gnu/libz.so.1.2.11
7f57e6c09000-7f57e6c0a000 rw-p 0001d000 08:06 1054387                    /usr/lib/x86_64-linux-gnu/libz.so.1.2.11
7f57e6c14000-7f57e6c1c000 rw-s 00000000 08:06 1574566                    /tmp/hsperfdata_benedikt/20737
7f57e6c1c000-7f57e6c26000 r-xp 00000000 08:06 930306                     /home/benedikt/openjdk/lib/libinstrument.so
7f57e6c26000-7f57e6c27000 r--p 00009000 08:06 930306                     /home/benedikt/openjdk/lib/libinstrument.so
7f57e6c27000-7f57e6c28000 rw-p 0000a000 08:06 930306                     /home/benedikt/openjdk/lib/libinstrument.so
7f57e6c2c000-7f57e6c2d000 r--p 00000000 08:06 1052138                    /usr/lib/x86_64-linux-gnu/ld-2.28.so
7f57e6c2d000-7f57e6c4b000 r-xp 00001000 08:06 1052138                    /usr/lib/x86_64-linux-gnu/ld-2.28.so
7f57e6c4b000-7f57e6c53000 r--p 0001f000 08:06 1052138                    /usr/lib/x86_64-linux-gnu/ld-2.28.so
7f57e6c53000-7f57e6c54000 r--p 00026000 08:06 1052138                    /usr/lib/x86_64-linux-gnu/ld-2.28.so
7f57e6c54000-7f57e6c55000 rw-p 00027000 08:06 1052138                    /usr/lib/x86_64-linux-gnu/ld-2.28.so
7f57e6c55000-7f57e6c56000 rw-p 00000000 00:00 0 
7f57e6c56000-7f57e6c57000 ---p 00000000 00:00 0 
7f57e6c57000-7f57e6c58000 r--p 00000000 00:00 0 
7f57e6c58000-7f57e6c59000 ---p 00000000 00:00 0 
7f57e6c59000-7f57e6c5d000 rw-p 00000000 00:00 0 
7ffe745ad000-7ffe745cf000 rw-p 00000000 00:00 0                          [stack]
7ffe745e4000-7ffe745e7000 r--p 00000000 00:00 0                          [vvar]
7ffe745e7000-7ffe745e9000 r-xp 00000000 00:00 0                          [vdso]


VM Arguments:
jvm_args: -javaagent:/home/benedikt/IntelliJ/lib/idea_rt.jar=43475:/home/benedikt/IntelliJ/bin -Dfile.encoding=UTF-8 
java_command: muehle.AppKt
java_class_path (initial): /home/benedikt/Desktop/Uni/PiS/ProjektarbeitPiS2020/build/classes/kotlin/main:/home/benedikt/Desktop/Uni/PiS/ProjektarbeitPiS2020/build/resources/main:/home/benedikt/.gradle/caches/modules-2/files-2.1/io.javalin/javalin/3.7.0/a357d0953f52691f2a7d1b6037174ed6592c6de1/javalin-3.7.0.jar:/home/benedikt/.gradle/caches/modules-2/files-2.1/org.slf4j/slf4j-simple/1.7.28/cf5f2cf3c31e0e41b68d932d756398a1238d4456/slf4j-simple-1.7.28.jar:/home/benedikt/.gradle/caches/modules-2/files-2.1/org.jetbrains.kotlin/kotlin-stdlib-jdk8/1.3.72/916d54b9eb6442b615e6f1488978f551c0674720/kotlin-stdlib-jdk8-1.3.72.jar:/home/benedikt/.gradle/caches/modules-2/files-2.1/org.slf4j/slf4j-api/1.7.28/2cd9b264f76e3d087ee21bfc99305928e1bdb443/slf4j-api-1.7.28.jar:/home/benedikt/.gradle/caches/modules-2/files-2.1/org.eclipse.jetty/jetty-webapp/9.4.25.v20191220/d9f0c70493252c7cf9b2952b88051c999cf9f53c/jetty-webapp-9.4.25.v20191220.jar:/home/benedikt/.gradle/caches/modules-2/files-2.1/org.eclipse.jetty.websocket/websocket-server/9.4.25.v20191220/642fea5ce3946ba3654d27b516c2315a0d939f7c/websocket-server-9.4.25.v20191220.jar:/home/benedikt/.gradle/caches/modules-2/files-2.1/org.eclipse.jetty/jetty-server/9.4.25.v20191220/5b352c9f9135a1c20e4808e5cb1d84fbddfdc460/jetty-server-9.4.25.v20191220.jar:/home/benedikt/.gradle/caches/modules-2/files-2.1/org.jetbrains.kotlin/kotlin-stdlib-jdk7/1.3.72/3adfc2f4ea4243e01204be8081fe63bde6b12815/kotlin-stdlib-jdk7-1.3.72.jar:/home/benedikt/.gradle/caches/modules-2/files-2.1/org.jetbrains.kotlin/kotlin-stdlib/1.3.72/8032138f12c0180bc4e51fe139d4c52b46db6109/kotlin-stdlib-1.3.72.jar:/home/benedikt/.gradle/caches/modules-2/files-2.1/org.eclipse.jetty/jetty-servlet/9.4.25.v20191220/bee77d6a4f87dc90d5bc142cbd6cef470ec46aae/jetty-servlet-9.4.25.v20191220.jar:/home/benedikt/.gradle/caches/modules-2/files-2.1/org.eclipse.jetty/jetty-xml/9.4.25.v20191220/697a266475607faf3633cea196654feaf40a2ff8/jetty-xml-9.4.25.v20191220.jar:/home/benedikt/.gradle/caches
Launcher Type: SUN_STANDARD

[Global flags]
     intx CICompilerCount                          = 3                                         {product} {ergonomic}
     uint ConcGCThreads                            = 1                                         {product} {ergonomic}
     uint G1ConcRefinementThreads                  = 4                                         {product} {ergonomic}
   size_t G1HeapRegionSize                         = 1048576                                   {product} {ergonomic}
    uintx GCDrainStackTargetSize                   = 64                                        {product} {ergonomic}
   size_t InitialHeapSize                          = 123731968                                 {product} {ergonomic}
   size_t MarkStackSize                            = 4194304                                   {product} {ergonomic}
   size_t MaxHeapSize                              = 1969225728                                {product} {ergonomic}
   size_t MaxNewSize                               = 1180696576                                {product} {ergonomic}
   size_t MinHeapDeltaBytes                        = 1048576                                   {product} {ergonomic}
   size_t MinHeapSize                              = 8388608                                   {product} {ergonomic}
    uintx NonNMethodCodeHeapSize                   = 5832780                                {pd product} {ergonomic}
    uintx NonProfiledCodeHeapSize                  = 122912730                              {pd product} {ergonomic}
    uintx ProfiledCodeHeapSize                     = 122912730                              {pd product} {ergonomic}
    uintx ReservedCodeCacheSize                    = 251658240                              {pd product} {ergonomic}
     bool SegmentedCodeCache                       = true                                      {product} {ergonomic}
   size_t SoftMaxHeapSize                          = 1969225728                             {manageable} {ergonomic}
     bool UseCompressedClassPointers               = true                                 {lp64_product} {ergonomic}
     bool UseCompressedOops                        = true                                 {lp64_product} {ergonomic}
     bool UseG1GC                                  = true                                      {product} {ergonomic}

Logging:
Log output configuration:
 #0: stdout all=warning uptime,level,tags
 #1: stderr all=off uptime,level,tags

Environment Variables:
PATH=/usr/local/bin:/usr/bin:/bin:/usr/local/games:/usr/games
SHELL=/bin/bash
DISPLAY=:0.0

Signal Handlers:
SIGSEGV: [libjvm.so+0xd315c0], sa_mask[0]=11111111011111111101111111111110, sa_flags=SA_RESTART|SA_SIGINFO
SIGBUS: [libjvm.so+0xd315c0], sa_mask[0]=11111111011111111101111111111110, sa_flags=SA_RESTART|SA_SIGINFO
SIGFPE: [libjvm.so+0xd315c0], sa_mask[0]=11111111011111111101111111111110, sa_flags=SA_RESTART|SA_SIGINFO
SIGPIPE: [libjvm.so+0xb1c1d0], sa_mask[0]=11111111011111111101111111111110, sa_flags=SA_RESTART|SA_SIGINFO
SIGXFSZ: [libjvm.so+0xb1c1d0], sa_mask[0]=11111111011111111101111111111110, sa_flags=SA_RESTART|SA_SIGINFO
SIGILL: [libjvm.so+0xd315c0], sa_mask[0]=11111111011111111101111111111110, sa_flags=SA_RESTART|SA_SIGINFO
SIGUSR2: [libjvm.so+0xb1c060], sa_mask[0]=00100000000000000000000000000000, sa_flags=SA_RESTART|SA_SIGINFO
SIGHUP: [libjvm.so+0xb1c7d0], sa_mask[0]=11111111011111111101111111111110, sa_flags=SA_RESTART|SA_SIGINFO
SIGINT: [libjvm.so+0xb1c7d0], sa_mask[0]=11111111011111111101111111111110, sa_flags=SA_RESTART|SA_SIGINFO
SIGTERM: [libjvm.so+0xb1c7d0], sa_mask[0]=11111111011111111101111111111110, sa_flags=SA_RESTART|SA_SIGINFO
SIGQUIT: [libjvm.so+0xb1c7d0], sa_mask[0]=11111111011111111101111111111110, sa_flags=SA_RESTART|SA_SIGINFO


---------------  S Y S T E M  ---------------

OS:PRETTY_NAME="MX 19.2 patito feo"
DISTRIB_ID=MX
DISTRIB_RELEASE=19.2 
DISTRIB_CODENAME="patito feo"
DISTRIB_DESCRIPTION="MX 19.2 patito feo"
uname:Linux 4.19.0-6-amd64 #1 SMP Debian 4.19.67-2+deb10u2 (2019-11-11) x86_64
OS uptime: 1 days 7:46 hours
libc:glibc 2.28 NPTL 2.28 
rlimit: STACK 8192k, CORE 0k, NPROC 29275, NOFILE 1048576, AS infinity, DATA infinity, FSIZE infinity
load average:7.32 2.59 1.76

/proc/meminfo:
MemTotal:        7686448 kB
MemFree:          102948 kB
MemAvailable:      11384 kB
Buffers:             716 kB
Cached:           108396 kB
SwapCached:            0 kB
Active:          7140648 kB
Inactive:          92820 kB
Active(anon):    7126992 kB
Inactive(anon):    75244 kB
Active(file):      13656 kB
Inactive(file):    17576 kB
Unevictable:          96 kB
Mlocked:              96 kB
SwapTotal:             0 kB
SwapFree:              0 kB
Dirty:               684 kB
Writeback:            32 kB
AnonPages:       7123784 kB
Mapped:            96500 kB
Shmem:             77524 kB
Slab:             145596 kB
SReclaimable:      55296 kB
SUnreclaim:        90300 kB
KernelStack:       16752 kB
PageTables:        42084 kB
NFS_Unstable:          0 kB
Bounce:                0 kB
WritebackTmp:          0 kB
CommitLimit:     3843224 kB
Committed_AS:   11121988 kB
VmallocTotal:   34359738367 kB
VmallocUsed:           0 kB
VmallocChunk:          0 kB
Percpu:             2080 kB
HardwareCorrupted:     0 kB
AnonHugePages:   2889728 kB
ShmemHugePages:        0 kB
ShmemPmdMapped:        0 kB
HugePages_Total:       0
HugePages_Free:        0
HugePages_Rsvd:        0
HugePages_Surp:        0
Hugepagesize:       2048 kB
Hugetlb:               0 kB
DirectMap4k:      337408 kB
DirectMap2M:     6445056 kB
DirectMap1G:     2097152 kB


/proc/sys/kernel/threads-max (system-wide limit on the number of threads):
58550


/proc/sys/vm/max_map_count (maximum number of memory map areas a process may have):
65530


/proc/sys/kernel/pid_max (system-wide limit on number of process identifiers):
32768



container (cgroup) information:
container_type: cgroupv1
cpu_cpuset_cpus: 0-3
cpu_memory_nodes: 0
active_processor_count: 4
cpu_quota: no quota
cpu_period: 100000
cpu_shares: no shares
memory_limit_in_bytes: unlimited
memory_and_swap_limit_in_bytes: not supported
memory_soft_limit_in_bytes: unlimited
memory_usage_in_bytes: 7249989632
memory_max_usage_in_bytes: 7252127744

Steal ticks since vm start: 0
Steal ticks percentage since vm start:  0.000

CPU:total 4 (initial active 4) (4 cores per cpu, 1 threads per core) family 21 model 101 stepping 1, cmov, cx8, fxsr, mmx, sse, sse2, sse3, ssse3, sse4.1, sse4.2, popcnt, avx, avx2, aes, clmul, mmxext, 3dnowpref, lzcnt, sse4a, tsc, tscinvbit, tscinv, bmi1, bmi2, fma
CPU Model and flags from /proc/cpuinfo:
model name	: AMD A10-9600P RADEON R5, 10 COMPUTE CORES 4C+6G
flags		: fpu vme de pse tsc msr pae mce cx8 apic sep mtrr pge mca cmov pat pse36 clflush mmx fxsr sse sse2 ht syscall nx mmxext fxsr_opt pdpe1gb rdtscp lm constant_tsc rep_good acc_power nopl nonstop_tsc cpuid extd_apicid aperfmperf pni pclmulqdq monitor ssse3 fma cx16 sse4_1 sse4_2 movbe popcnt aes xsave avx f16c rdrand lahf_lm cmp_legacy svm extapic cr8_legacy abm sse4a misalignsse 3dnowprefetch osvw ibs xop skinit wdt lwp fma4 tce nodeid_msr tbm topoext perfctr_core perfctr_nb bpext ptsc mwaitx cpb hw_pstate ssbd vmmcall fsgsbase bmi1 avx2 smep bmi2 xsaveopt arat npt lbrv svm_lock nrip_save tsc_scale vmcb_clean flushbyasid decodeassists pausefilter pfthreshold avic v_vmsave_vmload vgif overflow_recov

Memory: 4k page, physical 7686448k(115668k free), swap 0k(0k free)

vm_info: OpenJDK 64-Bit Server VM (14.0.1+7) for linux-amd64 JRE (14.0.1+7), built on Mar  5 2020 10:33:03 by "mach5one" with gcc 8.3.0

END.
