#
# There is insufficient memory for the Java Runtime Environment to continue.
# Native memory allocation (mmap) failed to map 402653184 bytes for committing reserved memory.
# Possible reasons:
#   The system is out of physical RAM or swap space
#   The process is running with CompressedOops enabled, and the Java Heap may be blocking the growth of the native heap
# Possible solutions:
#   Reduce memory load on the system
#   Increase physical memory or swap space
#   Check if swap backing store is full
#   Decrease Java heap size (-Xmx/-Xms)
#   Decrease number of Java threads
#   Decrease Java thread stack sizes (-Xss)
#   Set larger code cache with -XX:ReservedCodeCacheSize=
#   JVM is running with Unscaled Compressed Oops mode in which the Java heap is
#     placed in the first 4GB address space. The Java Heap base address is the
#     maximum limit for the native heap growth. Please use -XX:HeapBaseMinAddress
#     to set the Java Heap base and to place the Java Heap above 4GB virtual address.
# This output file may be truncated or incomplete.
#
#  Out of Memory Error (os_linux.cpp:2908), pid=20882, tid=20891
#
# JRE version: OpenJDK Runtime Environment (14.0.1+7) (build 14.0.1+7)
# Java VM: OpenJDK 64-Bit Server VM (14.0.1+7, mixed mode, sharing, tiered, compressed oops, g1 gc, linux-amd64)
# No core dump will be written. Core dumps have been disabled. To enable core dumping, try "ulimit -c unlimited" before starting Java again
#

---------------  S U M M A R Y ------------

Command Line: -javaagent:/home/benedikt/IntelliJ/lib/idea_rt.jar=42247:/home/benedikt/IntelliJ/bin -Dfile.encoding=UTF-8 muehle.AppKt

Host: AMD A10-9600P RADEON R5, 10 COMPUTE CORES 4C+6G, 4 cores, 7G, MX 19.2 patito feo
Time: Sun Jul 26 21:40:12 2020 CEST elapsed time: 3 seconds (0d 0h 0m 3s)

---------------  T H R E A D  ---------------

Current thread (0x00007f1934165800):  VMThread "VM Thread" [stack: 0x00007f1918399000,0x00007f1918499000] [id=20891]

Stack: [0x00007f1918399000,0x00007f1918499000],  sp=0x00007f1918496d50,  free space=1015k
Native frames: (J=compiled Java code, A=aot compiled Java code, j=interpreted, Vv=VM code, C=native code)
V  [libjvm.so+0xd30997]  VMError::report_and_die(int, char const*, char const*, __va_list_tag*, Thread*, unsigned char*, void*, void*, char const*, int, unsigned long)+0x377
V  [libjvm.so+0xd3159b]  VMError::report_and_die(Thread*, char const*, int, unsigned long, VMErrorType, char const*, __va_list_tag*)+0x2b
V  [libjvm.so+0x581795]  report_vm_out_of_memory(char const*, int, unsigned long, VMErrorType, char const*, ...)+0xc5
V  [libjvm.so+0xb202f8]  os::pd_commit_memory_or_exit(char*, unsigned long, unsigned long, bool, char const*)+0xd8
V  [libjvm.so+0xb1785d]  os::commit_memory_or_exit(char*, unsigned long, unsigned long, bool, char const*)+0x1d
V  [libjvm.so+0x6b27fc]  G1PageBasedVirtualSpace::commit_preferred_pages(unsigned long, unsigned long)+0x6c
V  [libjvm.so+0x6b2bf4]  G1PageBasedVirtualSpace::commit(unsigned long, unsigned long)+0x164
V  [libjvm.so+0x6c07c7]  G1RegionsLargerThanCommitSizeMapper::commit_regions(unsigned int, unsigned long, WorkGang*)+0x57
V  [libjvm.so+0x7425ee]  HeapRegionManager::commit_regions(unsigned int, unsigned long, WorkGang*)+0x4e
V  [libjvm.so+0x743a32]  HeapRegionManager::make_regions_available(unsigned int, unsigned int, WorkGang*)+0x32
V  [libjvm.so+0x743f87]  HeapRegionManager::expand_at(unsigned int, unsigned int, WorkGang*)+0xf7
V  [libjvm.so+0x669ca0]  G1CollectedHeap::expand(unsigned long, WorkGang*, double*)+0xe0
V  [libjvm.so+0x66f263]  G1CollectedHeap::do_collection_pause_at_safepoint(double)+0xfe3
V  [libjvm.so+0x6df87c]  VM_G1CollectForAllocation::doit()+0x7c
V  [libjvm.so+0xd32016]  VM_Operation::evaluate()+0xe6
V  [libjvm.so+0xd37853]  VMThread::evaluate_operation(VM_Operation*) [clone .constprop.78]+0xc3
V  [libjvm.so+0xd37dd3]  VMThread::loop()+0x503
V  [libjvm.so+0xd380e7]  VMThread::run()+0x77
V  [libjvm.so+0xcc750d]  Thread::call_run()+0x10d
V  [libjvm.so+0xb24ba7]  thread_native_entry(Thread*)+0xe7

VM_Operation (0x00007f1939571b60): G1CollectForAllocation, mode: safepoint, requested by thread 0x00007f193402b800


---------------  P R O C E S S  ---------------

Threads class SMR info:
_java_thread_list=0x00007f18e8002830, length=23, elements={
0x00007f193402b800, 0x00007f1934168800, 0x00007f193416a800, 0x00007f1934170800,
0x00007f1934172800, 0x00007f1934174800, 0x00007f1934176800, 0x00007f1934178800,
0x00007f1934197000, 0x00007f1934309000, 0x00007f1934309800, 0x00007f19344b8000,
0x00007f1934539000, 0x00007f193453a800, 0x00007f193453c000, 0x00007f193453e000,
0x00007f193453f800, 0x00007f1934541000, 0x00007f1934542800, 0x00007f1934544800,
0x00007f1934549800, 0x00007f193455c000, 0x00007f18e8001000
}

Java Threads: ( => current thread )
  0x00007f193402b800 JavaThread "main" [_thread_blocked, id=20885, stack(0x00007f1939473000,0x00007f1939574000)]
  0x00007f1934168800 JavaThread "Reference Handler" daemon [_thread_blocked, id=20892, stack(0x00007f1918296000,0x00007f1918397000)]
  0x00007f193416a800 JavaThread "Finalizer" daemon [_thread_blocked, id=20893, stack(0x00007f1918195000,0x00007f1918296000)]
  0x00007f1934170800 JavaThread "Signal Dispatcher" daemon [_thread_blocked, id=20894, stack(0x00007f1918094000,0x00007f1918195000)]
  0x00007f1934172800 JavaThread "Service Thread" daemon [_thread_blocked, id=20895, stack(0x00007f19096ff000,0x00007f1909800000)]
  0x00007f1934174800 JavaThread "C2 CompilerThread0" daemon [_thread_blocked, id=20896, stack(0x00007f19095fe000,0x00007f19096ff000)]
  0x00007f1934176800 JavaThread "C1 CompilerThread0" daemon [_thread_blocked, id=20897, stack(0x00007f19094fd000,0x00007f19095fe000)]
  0x00007f1934178800 JavaThread "Sweeper thread" daemon [_thread_blocked, id=20898, stack(0x00007f19093fc000,0x00007f19094fd000)]
  0x00007f1934197000 JavaThread "Common-Cleaner" daemon [_thread_blocked, id=20899, stack(0x00007f19092fb000,0x00007f19093fc000)]
  0x00007f1934309000 JavaThread "Monitor Ctrl-Break" daemon [_thread_in_native, id=20900, stack(0x00007f19091fa000,0x00007f19092fb000)]
  0x00007f1934309800 JavaThread "Notification Thread" daemon [_thread_blocked, id=20901, stack(0x00007f19090f9000,0x00007f19091fa000)]
  0x00007f19344b8000 JavaThread "Thread-0" [_thread_blocked, id=20903, stack(0x00007f1908ef6000,0x00007f1908ff7000)]
  0x00007f1934539000 JavaThread "qtp94345706-14" [_thread_in_native, id=20904, stack(0x00007f1908df5000,0x00007f1908ef6000)]
  0x00007f193453a800 JavaThread "qtp94345706-15-acceptor-0@6a7260db-ServerConnector@185d8b6{HTTP/1.1,[http/1.1]}{0.0.0.0:7070}" [_thread_in_native, id=20905, stack(0x00007f1908cf4000,0x00007f1908df5000)]
  0x00007f193453c000 JavaThread "qtp94345706-16" [_thread_in_native, id=20906, stack(0x00007f1908bf3000,0x00007f1908cf4000)]
  0x00007f193453e000 JavaThread "qtp94345706-17" [_thread_blocked, id=20907, stack(0x00007f1908af2000,0x00007f1908bf3000)]
  0x00007f193453f800 JavaThread "qtp94345706-18" [_thread_blocked, id=20911, stack(0x00007f19086eb000,0x00007f19087ec000)]
  0x00007f1934541000 JavaThread "qtp94345706-19" [_thread_blocked, id=20912, stack(0x00007f19085ea000,0x00007f19086eb000)]
  0x00007f1934542800 JavaThread "qtp94345706-20" [_thread_blocked, id=20913, stack(0x00007f19084e9000,0x00007f19085ea000)]
  0x00007f1934544800 JavaThread "qtp94345706-21" [_thread_blocked, id=20914, stack(0x00007f19083e8000,0x00007f19084e9000)]
  0x00007f1934549800 JavaThread "Scheduler-1301664418-1" [_thread_blocked, id=20915, stack(0x00007f19082e7000,0x00007f19083e8000)]
  0x00007f193455c000 JavaThread "Session-HouseKeeper-3aeaafa6-1" [_thread_blocked, id=20916, stack(0x00007f19081e6000,0x00007f19082e7000)]
  0x00007f18e8001000 JavaThread "Attach Listener" daemon [_thread_blocked, id=20917, stack(0x00007f19080e5000,0x00007f19081e6000)]

Other Threads:
=>0x00007f1934165800 VMThread "VM Thread" [stack: 0x00007f1918399000,0x00007f1918499000] [id=20891]
  0x00007f193430b000 WatcherThread [stack: 0x00007f1908ff9000,0x00007f19090f9000] [id=20902]
  0x00007f1934069800 GCTaskThread "GC Thread#0" [stack: 0x00007f19381ca000,0x00007f19382ca000] [id=20886]
  0x00007f1900001000 GCTaskThread "GC Thread#1" [stack: 0x00007f19089f2000,0x00007f1908af2000] [id=20908]
  0x00007f1900002800 GCTaskThread "GC Thread#2" [stack: 0x00007f19088f0000,0x00007f19089f0000] [id=20909]
  0x00007f1900004000 GCTaskThread "GC Thread#3" [stack: 0x00007f19087ee000,0x00007f19088ee000] [id=20910]
  0x00007f193407a000 ConcurrentGCThread "G1 Main Marker" [stack: 0x00007f19380c8000,0x00007f19381c8000] [id=20887]
  0x00007f193407c000 ConcurrentGCThread "G1 Conc#0" [stack: 0x00007f1918b24000,0x00007f1918c24000] [id=20888]
  0x00007f19340ed800 ConcurrentGCThread "G1 Refine#0" [stack: 0x00007f191861e000,0x00007f191871e000] [id=20889]
  0x00007f1904001000 ConcurrentGCThread "G1 Refine#1" [stack: 0x00007f18efacc000,0x00007f18efbcc000] [id=20918]
  0x00007f189c001800 ConcurrentGCThread "G1 Refine#2" [stack: 0x00007f18ef9ca000,0x00007f18efaca000] [id=20919]
  0x00007f1898001800 ConcurrentGCThread "G1 Refine#3" [stack: 0x00007f18ef8c8000,0x00007f18ef9c8000] [id=20920]
  0x00007f19340ef000 ConcurrentGCThread "G1 Young RemSet Sampling" [stack: 0x00007f191851c000,0x00007f191861c000] [id=20890]

Threads with active compile tasks:

VM state:at safepoint (normal execution)

VM Mutex/Monitor currently owned by a thread:  ([mutex/lock_event])
[0x00007f1934026d10] Threads_lock - owner thread: 0x00007f1934165800
[0x00007f1934027550] Heap_lock - owner thread: 0x00007f193402b800

Heap address: 0x000000008aa00000, size: 1878 MB, Compressed Oops mode: 32-bit
Narrow klass base: 0x0000000800000000, Narrow klass shift: 3
Compressed class space size: 1073741824 Address: 0x0000000800b0f000

Heap:
 garbage-first heap   total 663552K, used 96258K [0x000000008aa00000, 0x0000000100000000)
  region size 1024K, 3 young (3072K), 3 survivors (3072K)
 Metaspace       used 6599K, capacity 8060K, committed 8448K, reserved 1056768K
  class space    used 743K, capacity 881K, committed 1024K, reserved 1048576K
Heap Regions: E=young(eden), S=young(survivor), O=old, HS=humongous(starts), HC=humongous(continues), CS=collection set, F=free, OA=open archive, CA=closed archive, TAMS=top-at-mark-start (previous, next)
|   0|0x000000008aa00000, 0x000000008aa00000, 0x000000008ab00000|  0%| F|  |TAMS 0x000000008aa00000, 0x000000008aa00000| Untracked 
|   1|0x000000008ab00000, 0x000000008ac00000, 0x000000008ac00000|100%| O|  |TAMS 0x000000008ac00000, 0x000000008ab00000| Updating 
|   2|0x000000008ac00000, 0x000000008acccc00, 0x000000008ad00000| 79%| O|  |TAMS 0x000000008acccc00, 0x000000008ac00000| Updating 
|   3|0x000000008ad00000, 0x000000008ad00000, 0x000000008ae00000|  0%| F|  |TAMS 0x000000008ad00000, 0x000000008ad00000| Untracked 
|   4|0x000000008ae00000, 0x000000008ae00000, 0x000000008af00000|  0%| F|  |TAMS 0x000000008ae00000, 0x000000008ae00000| Untracked 
|   5|0x000000008af00000, 0x000000008af00000, 0x000000008b000000|  0%| F|  |TAMS 0x000000008af00000, 0x000000008af00000| Untracked 
|   6|0x000000008b000000, 0x000000008b000000, 0x000000008b100000|  0%| F|  |TAMS 0x000000008b000000, 0x000000008b000000| Untracked 
|   7|0x000000008b100000, 0x000000008b100000, 0x000000008b200000|  0%| F|  |TAMS 0x000000008b100000, 0x000000008b100000| Untracked 
|   8|0x000000008b200000, 0x000000008b200000, 0x000000008b300000|  0%| F|  |TAMS 0x000000008b200000, 0x000000008b200000| Untracked 
|   9|0x000000008b300000, 0x000000008b300000, 0x000000008b400000|  0%| F|  |TAMS 0x000000008b300000, 0x000000008b300000| Untracked 
|  10|0x000000008b400000, 0x000000008b400000, 0x000000008b500000|  0%| F|  |TAMS 0x000000008b400000, 0x000000008b400000| Untracked 
|  11|0x000000008b500000, 0x000000008b500000, 0x000000008b600000|  0%| F|  |TAMS 0x000000008b500000, 0x000000008b500000| Untracked 
|  12|0x000000008b600000, 0x000000008b600000, 0x000000008b700000|  0%| F|  |TAMS 0x000000008b600000, 0x000000008b600000| Untracked 
|  13|0x000000008b700000, 0x000000008b700000, 0x000000008b800000|  0%| F|  |TAMS 0x000000008b700000, 0x000000008b700000| Untracked 
|  14|0x000000008b800000, 0x000000008b800000, 0x000000008b900000|  0%| F|  |TAMS 0x000000008b800000, 0x000000008b800000| Untracked 
|  15|0x000000008b900000, 0x000000008b900000, 0x000000008ba00000|  0%| F|  |TAMS 0x000000008b900000, 0x000000008b900000| Untracked 
|  16|0x000000008ba00000, 0x000000008ba00000, 0x000000008bb00000|  0%| F|  |TAMS 0x000000008ba00000, 0x000000008ba00000| Untracked 
|  17|0x000000008bb00000, 0x000000008bb00000, 0x000000008bc00000|  0%| F|  |TAMS 0x000000008bb00000, 0x000000008bb00000| Untracked 
|  18|0x000000008bc00000, 0x000000008bc00000, 0x000000008bd00000|  0%| F|  |TAMS 0x000000008bc00000, 0x000000008bc00000| Untracked 
|  19|0x000000008bd00000, 0x000000008bd00000, 0x000000008be00000|  0%| F|  |TAMS 0x000000008bd00000, 0x000000008bd00000| Untracked 
|  20|0x000000008be00000, 0x000000008be00000, 0x000000008bf00000|  0%| F|  |TAMS 0x000000008be00000, 0x000000008be00000| Untracked 
|  21|0x000000008bf00000, 0x000000008bf00000, 0x000000008c000000|  0%| F|  |TAMS 0x000000008bf00000, 0x000000008bf00000| Untracked 
|  22|0x000000008c000000, 0x000000008c000000, 0x000000008c100000|  0%| F|  |TAMS 0x000000008c000000, 0x000000008c000000| Untracked 
|  23|0x000000008c100000, 0x000000008c100000, 0x000000008c200000|  0%| F|  |TAMS 0x000000008c100000, 0x000000008c100000| Untracked 
|  24|0x000000008c200000, 0x000000008c200000, 0x000000008c300000|  0%| F|  |TAMS 0x000000008c200000, 0x000000008c200000| Untracked 
|  25|0x000000008c300000, 0x000000008c300000, 0x000000008c400000|  0%| F|  |TAMS 0x000000008c300000, 0x000000008c300000| Untracked 
|  26|0x000000008c400000, 0x000000008c400000, 0x000000008c500000|  0%| F|  |TAMS 0x000000008c400000, 0x000000008c400000| Untracked 
|  27|0x000000008c500000, 0x000000008c500000, 0x000000008c600000|  0%| F|  |TAMS 0x000000008c500000, 0x000000008c500000| Untracked 
|  28|0x000000008c600000, 0x000000008c600000, 0x000000008c700000|  0%| F|  |TAMS 0x000000008c600000, 0x000000008c600000| Untracked 
|  29|0x000000008c700000, 0x000000008c700000, 0x000000008c800000|  0%| F|  |TAMS 0x000000008c700000, 0x000000008c700000| Untracked 
|  30|0x000000008c800000, 0x000000008c800000, 0x000000008c900000|  0%| F|  |TAMS 0x000000008c800000, 0x000000008c800000| Untracked 
|  31|0x000000008c900000, 0x000000008c900000, 0x000000008ca00000|  0%| F|  |TAMS 0x000000008c900000, 0x000000008c900000| Untracked 
|  32|0x000000008ca00000, 0x000000008ca00000, 0x000000008cb00000|  0%| F|  |TAMS 0x000000008ca00000, 0x000000008ca00000| Untracked 
|  33|0x000000008cb00000, 0x000000008cb00000, 0x000000008cc00000|  0%| F|  |TAMS 0x000000008cb00000, 0x000000008cb00000| Untracked 
|  34|0x000000008cc00000, 0x000000008cc00000, 0x000000008cd00000|  0%| F|  |TAMS 0x000000008cc00000, 0x000000008cc00000| Untracked 
|  35|0x000000008cd00000, 0x000000008cd00000, 0x000000008ce00000|  0%| F|  |TAMS 0x000000008cd00000, 0x000000008cd00000| Untracked 
|  36|0x000000008ce00000, 0x000000008ce00000, 0x000000008cf00000|  0%| F|  |TAMS 0x000000008ce00000, 0x000000008ce00000| Untracked 
|  37|0x000000008cf00000, 0x000000008cf00000, 0x000000008d000000|  0%| F|  |TAMS 0x000000008cf00000, 0x000000008cf00000| Untracked 
|  38|0x000000008d000000, 0x000000008d000000, 0x000000008d100000|  0%| F|  |TAMS 0x000000008d000000, 0x000000008d000000| Untracked 
|  39|0x000000008d100000, 0x000000008d100000, 0x000000008d200000|  0%| F|  |TAMS 0x000000008d100000, 0x000000008d100000| Untracked 
|  40|0x000000008d200000, 0x000000008d200000, 0x000000008d300000|  0%| F|  |TAMS 0x000000008d200000, 0x000000008d200000| Untracked 
|  41|0x000000008d300000, 0x000000008d300000, 0x000000008d400000|  0%| F|  |TAMS 0x000000008d300000, 0x000000008d300000| Untracked 
|  42|0x000000008d400000, 0x000000008d400000, 0x000000008d500000|  0%| F|  |TAMS 0x000000008d400000, 0x000000008d400000| Untracked 
|  43|0x000000008d500000, 0x000000008d562f40, 0x000000008d600000| 38%| S|CS|TAMS 0x000000008d500000, 0x000000008d500000| Complete 
|  44|0x000000008d600000, 0x000000008d700000, 0x000000008d700000|100%| S|CS|TAMS 0x000000008d600000, 0x000000008d600000| Complete 
|  45|0x000000008d700000, 0x000000008d800000, 0x000000008d800000|100%| S|CS|TAMS 0x000000008d700000, 0x000000008d700000| Complete 
|  46|0x000000008d800000, 0x000000008d800000, 0x000000008d900000|  0%| F|  |TAMS 0x000000008d800000, 0x000000008d800000| Untracked 
|  47|0x000000008d900000, 0x000000008d900000, 0x000000008da00000|  0%| F|  |TAMS 0x000000008d900000, 0x000000008d900000| Untracked 
|  48|0x000000008da00000, 0x000000008da00000, 0x000000008db00000|  0%| F|  |TAMS 0x000000008da00000, 0x000000008da00000| Untracked 
|  49|0x000000008db00000, 0x000000008db00000, 0x000000008dc00000|  0%| F|  |TAMS 0x000000008db00000, 0x000000008db00000| Untracked 
|  50|0x000000008dc00000, 0x000000008dc00000, 0x000000008dd00000|  0%| F|  |TAMS 0x000000008dc00000, 0x000000008dc00000| Untracked 
|  51|0x000000008dd00000, 0x000000008dd00000, 0x000000008de00000|  0%| F|  |TAMS 0x000000008dd00000, 0x000000008dd00000| Untracked 
|  52|0x000000008de00000, 0x000000008de00000, 0x000000008df00000|  0%| F|  |TAMS 0x000000008de00000, 0x000000008de00000| Untracked 
|  53|0x000000008df00000, 0x000000008df00000, 0x000000008e000000|  0%| F|  |TAMS 0x000000008df00000, 0x000000008df00000| Untracked 
|  54|0x000000008e000000, 0x000000008e000000, 0x000000008e100000|  0%| F|  |TAMS 0x000000008e000000, 0x000000008e000000| Untracked 
|  55|0x000000008e100000, 0x000000008e100000, 0x000000008e200000|  0%| F|  |TAMS 0x000000008e100000, 0x000000008e100000| Untracked 
|  56|0x000000008e200000, 0x000000008e200000, 0x000000008e300000|  0%| F|  |TAMS 0x000000008e200000, 0x000000008e200000| Untracked 
|  57|0x000000008e300000, 0x000000008e300000, 0x000000008e400000|  0%| F|  |TAMS 0x000000008e300000, 0x000000008e300000| Untracked 
|  58|0x000000008e400000, 0x000000008e400000, 0x000000008e500000|  0%| F|  |TAMS 0x000000008e400000, 0x000000008e400000| Untracked 
|  59|0x000000008e500000, 0x000000008e500000, 0x000000008e600000|  0%| F|  |TAMS 0x000000008e500000, 0x000000008e500000| Untracked 
|  60|0x000000008e600000, 0x000000008e600000, 0x000000008e700000|  0%| F|  |TAMS 0x000000008e600000, 0x000000008e600000| Untracked 
|  61|0x000000008e700000, 0x000000008e700000, 0x000000008e800000|  0%| F|  |TAMS 0x000000008e700000, 0x000000008e700000| Untracked 
|  62|0x000000008e800000, 0x000000008e800000, 0x000000008e900000|  0%| F|  |TAMS 0x000000008e800000, 0x000000008e800000| Untracked 
|  63|0x000000008e900000, 0x000000008e900000, 0x000000008ea00000|  0%| F|  |TAMS 0x000000008e900000, 0x000000008e900000| Untracked 
|  64|0x000000008ea00000, 0x000000008ea00000, 0x000000008eb00000|  0%| F|  |TAMS 0x000000008ea00000, 0x000000008ea00000| Untracked 
|  65|0x000000008eb00000, 0x000000008eb00000, 0x000000008ec00000|  0%| F|  |TAMS 0x000000008eb00000, 0x000000008eb00000| Untracked 
|  66|0x000000008ec00000, 0x000000008ec00000, 0x000000008ed00000|  0%| F|  |TAMS 0x000000008ec00000, 0x000000008ec00000| Untracked 
|  67|0x000000008ed00000, 0x000000008ed00000, 0x000000008ee00000|  0%| F|  |TAMS 0x000000008ed00000, 0x000000008ed00000| Untracked 
|  68|0x000000008ee00000, 0x000000008ee00000, 0x000000008ef00000|  0%| F|  |TAMS 0x000000008ee00000, 0x000000008ee00000| Untracked 
|  69|0x000000008ef00000, 0x000000008ef00000, 0x000000008f000000|  0%| F|  |TAMS 0x000000008ef00000, 0x000000008ef00000| Untracked 
|  70|0x000000008f000000, 0x000000008f000000, 0x000000008f100000|  0%| F|  |TAMS 0x000000008f000000, 0x000000008f000000| Untracked 
|  71|0x000000008f100000, 0x000000008f100000, 0x000000008f200000|  0%| F|  |TAMS 0x000000008f100000, 0x000000008f100000| Untracked 
|  72|0x000000008f200000, 0x000000008f200000, 0x000000008f300000|  0%| F|  |TAMS 0x000000008f200000, 0x000000008f200000| Untracked 
|  73|0x000000008f300000, 0x000000008f300000, 0x000000008f400000|  0%| F|  |TAMS 0x000000008f300000, 0x000000008f300000| Untracked 
|  74|0x000000008f400000, 0x000000008f400000, 0x000000008f500000|  0%| F|  |TAMS 0x000000008f400000, 0x000000008f400000| Untracked 
|  75|0x000000008f500000, 0x000000008f500000, 0x000000008f600000|  0%| F|  |TAMS 0x000000008f500000, 0x000000008f500000| Untracked 
|  76|0x000000008f600000, 0x000000008f700000, 0x000000008f700000|100%|HS|  |TAMS 0x000000008f700000, 0x000000008f600000| Complete 
|  77|0x000000008f700000, 0x000000008f800000, 0x000000008f800000|100%|HC|  |TAMS 0x000000008f800000, 0x000000008f700000| Complete 
|  78|0x000000008f800000, 0x000000008f900000, 0x000000008f900000|100%|HC|  |TAMS 0x000000008f900000, 0x000000008f800000| Complete 
|  79|0x000000008f900000, 0x000000008fa00000, 0x000000008fa00000|100%|HC|  |TAMS 0x000000008fa00000, 0x000000008f900000| Complete 
|  80|0x000000008fa00000, 0x000000008fb00000, 0x000000008fb00000|100%|HC|  |TAMS 0x000000008fb00000, 0x000000008fa00000| Complete 
|  81|0x000000008fb00000, 0x000000008fc00000, 0x000000008fc00000|100%|HC|  |TAMS 0x000000008fc00000, 0x000000008fb00000| Complete 
|  82|0x000000008fc00000, 0x000000008fd00000, 0x000000008fd00000|100%|HC|  |TAMS 0x000000008fd00000, 0x000000008fc00000| Complete 
|  83|0x000000008fd00000, 0x000000008fe00000, 0x000000008fe00000|100%|HC|  |TAMS 0x000000008fe00000, 0x000000008fd00000| Complete 
|  84|0x000000008fe00000, 0x000000008ff00000, 0x000000008ff00000|100%|HC|  |TAMS 0x000000008ff00000, 0x000000008fe00000| Complete 
|  85|0x000000008ff00000, 0x0000000090000000, 0x0000000090000000|100%|HC|  |TAMS 0x0000000090000000, 0x000000008ff00000| Complete 
|  86|0x0000000090000000, 0x0000000090100000, 0x0000000090100000|100%|HC|  |TAMS 0x0000000090100000, 0x0000000090000000| Complete 
|  87|0x0000000090100000, 0x0000000090200000, 0x0000000090200000|100%|HC|  |TAMS 0x0000000090200000, 0x0000000090100000| Complete 
|  88|0x0000000090200000, 0x0000000090300000, 0x0000000090300000|100%|HC|  |TAMS 0x0000000090300000, 0x0000000090200000| Complete 
|  89|0x0000000090300000, 0x0000000090400000, 0x0000000090400000|100%|HC|  |TAMS 0x0000000090400000, 0x0000000090300000| Complete 
|  90|0x0000000090400000, 0x0000000090500000, 0x0000000090500000|100%|HC|  |TAMS 0x0000000090500000, 0x0000000090400000| Complete 
|  91|0x0000000090500000, 0x0000000090600000, 0x0000000090600000|100%|HC|  |TAMS 0x0000000090600000, 0x0000000090500000| Complete 
|  92|0x0000000090600000, 0x0000000090700000, 0x0000000090700000|100%|HC|  |TAMS 0x0000000090700000, 0x0000000090600000| Complete 
|  93|0x0000000090700000, 0x0000000090800000, 0x0000000090800000|100%|HC|  |TAMS 0x0000000090800000, 0x0000000090700000| Complete 
|  94|0x0000000090800000, 0x0000000090900000, 0x0000000090900000|100%|HC|  |TAMS 0x0000000090900000, 0x0000000090800000| Complete 
|  95|0x0000000090900000, 0x0000000090a00000, 0x0000000090a00000|100%|HC|  |TAMS 0x0000000090a00000, 0x0000000090900000| Complete 
|  96|0x0000000090a00000, 0x0000000090b00000, 0x0000000090b00000|100%|HC|  |TAMS 0x0000000090b00000, 0x0000000090a00000| Complete 
|  97|0x0000000090b00000, 0x0000000090c00000, 0x0000000090c00000|100%|HC|  |TAMS 0x0000000090c00000, 0x0000000090b00000| Complete 
|  98|0x0000000090c00000, 0x0000000090d00000, 0x0000000090d00000|100%|HC|  |TAMS 0x0000000090d00000, 0x0000000090c00000| Complete 
|  99|0x0000000090d00000, 0x0000000090e00000, 0x0000000090e00000|100%|HC|  |TAMS 0x0000000090e00000, 0x0000000090d00000| Complete 
| 100|0x0000000090e00000, 0x0000000090f00000, 0x0000000090f00000|100%|HC|  |TAMS 0x0000000090f00000, 0x0000000090e00000| Complete 
| 101|0x0000000090f00000, 0x0000000091000000, 0x0000000091000000|100%|HC|  |TAMS 0x0000000091000000, 0x0000000090f00000| Complete 
| 102|0x0000000091000000, 0x0000000091100000, 0x0000000091100000|100%|HC|  |TAMS 0x0000000091100000, 0x0000000091000000| Complete 
| 103|0x0000000091100000, 0x0000000091200000, 0x0000000091200000|100%|HC|  |TAMS 0x0000000091200000, 0x0000000091100000| Complete 
| 104|0x0000000091200000, 0x0000000091300000, 0x0000000091300000|100%|HC|  |TAMS 0x0000000091300000, 0x0000000091200000| Complete 
| 105|0x0000000091300000, 0x0000000091400000, 0x0000000091400000|100%|HC|  |TAMS 0x0000000091400000, 0x0000000091300000| Complete 
| 106|0x0000000091400000, 0x0000000091500000, 0x0000000091500000|100%|HC|  |TAMS 0x0000000091500000, 0x0000000091400000| Complete 
| 107|0x0000000091500000, 0x0000000091600000, 0x0000000091600000|100%|HC|  |TAMS 0x0000000091600000, 0x0000000091500000| Complete 
| 108|0x0000000091600000, 0x0000000091700000, 0x0000000091700000|100%|HC|  |TAMS 0x0000000091700000, 0x0000000091600000| Complete 
| 109|0x0000000091700000, 0x0000000091800000, 0x0000000091800000|100%|HC|  |TAMS 0x0000000091800000, 0x0000000091700000| Complete 
| 110|0x0000000091800000, 0x0000000091900000, 0x0000000091900000|100%|HC|  |TAMS 0x0000000091900000, 0x0000000091800000| Complete 
| 111|0x0000000091900000, 0x0000000091a00000, 0x0000000091a00000|100%|HC|  |TAMS 0x0000000091a00000, 0x0000000091900000| Complete 
| 112|0x0000000091a00000, 0x0000000091b00000, 0x0000000091b00000|100%|HS|  |TAMS 0x0000000091a00000, 0x0000000091a00000| Complete 
| 113|0x0000000091b00000, 0x0000000091c00000, 0x0000000091c00000|100%|HC|  |TAMS 0x0000000091b00000, 0x0000000091b00000| Complete 
| 114|0x0000000091c00000, 0x0000000091d00000, 0x0000000091d00000|100%|HC|  |TAMS 0x0000000091c00000, 0x0000000091c00000| Complete 
| 115|0x0000000091d00000, 0x0000000091e00000, 0x0000000091e00000|100%|HC|  |TAMS 0x0000000091d00000, 0x0000000091d00000| Complete 
| 116|0x0000000091e00000, 0x0000000091f00000, 0x0000000091f00000|100%|HC|  |TAMS 0x0000000091e00000, 0x0000000091e00000| Complete 
| 117|0x0000000091f00000, 0x0000000092000000, 0x0000000092000000|100%|HC|  |TAMS 0x0000000091f00000, 0x0000000091f00000| Complete 
| 118|0x0000000092000000, 0x0000000092100000, 0x0000000092100000|100%|HC|  |TAMS 0x0000000092000000, 0x0000000092000000| Complete 
| 119|0x0000000092100000, 0x0000000092200000, 0x0000000092200000|100%|HC|  |TAMS 0x0000000092100000, 0x0000000092100000| Complete 
| 120|0x0000000092200000, 0x0000000092300000, 0x0000000092300000|100%|HC|  |TAMS 0x0000000092200000, 0x0000000092200000| Complete 
| 121|0x0000000092300000, 0x0000000092400000, 0x0000000092400000|100%|HC|  |TAMS 0x0000000092300000, 0x0000000092300000| Complete 
| 122|0x0000000092400000, 0x0000000092500000, 0x0000000092500000|100%|HC|  |TAMS 0x0000000092400000, 0x0000000092400000| Complete 
| 123|0x0000000092500000, 0x0000000092600000, 0x0000000092600000|100%|HC|  |TAMS 0x0000000092500000, 0x0000000092500000| Complete 
| 124|0x0000000092600000, 0x0000000092700000, 0x0000000092700000|100%|HC|  |TAMS 0x0000000092600000, 0x0000000092600000| Complete 
| 125|0x0000000092700000, 0x0000000092800000, 0x0000000092800000|100%|HC|  |TAMS 0x0000000092700000, 0x0000000092700000| Complete 
| 126|0x0000000092800000, 0x0000000092900000, 0x0000000092900000|100%|HC|  |TAMS 0x0000000092800000, 0x0000000092800000| Complete 
| 127|0x0000000092900000, 0x0000000092a00000, 0x0000000092a00000|100%|HC|  |TAMS 0x0000000092900000, 0x0000000092900000| Complete 
| 128|0x0000000092a00000, 0x0000000092b00000, 0x0000000092b00000|100%|HC|  |TAMS 0x0000000092a00000, 0x0000000092a00000| Complete 
| 129|0x0000000092b00000, 0x0000000092c00000, 0x0000000092c00000|100%|HC|  |TAMS 0x0000000092b00000, 0x0000000092b00000| Complete 
| 130|0x0000000092c00000, 0x0000000092d00000, 0x0000000092d00000|100%|HC|  |TAMS 0x0000000092c00000, 0x0000000092c00000| Complete 
| 131|0x0000000092d00000, 0x0000000092e00000, 0x0000000092e00000|100%|HC|  |TAMS 0x0000000092d00000, 0x0000000092d00000| Complete 
| 132|0x0000000092e00000, 0x0000000092f00000, 0x0000000092f00000|100%|HC|  |TAMS 0x0000000092e00000, 0x0000000092e00000| Complete 
| 133|0x0000000092f00000, 0x0000000093000000, 0x0000000093000000|100%|HC|  |TAMS 0x0000000092f00000, 0x0000000092f00000| Complete 
| 134|0x0000000093000000, 0x0000000093100000, 0x0000000093100000|100%|HC|  |TAMS 0x0000000093000000, 0x0000000093000000| Complete 
| 135|0x0000000093100000, 0x0000000093200000, 0x0000000093200000|100%|HC|  |TAMS 0x0000000093100000, 0x0000000093100000| Complete 
| 136|0x0000000093200000, 0x0000000093300000, 0x0000000093300000|100%|HC|  |TAMS 0x0000000093200000, 0x0000000093200000| Complete 
| 137|0x0000000093300000, 0x0000000093400000, 0x0000000093400000|100%|HC|  |TAMS 0x0000000093300000, 0x0000000093300000| Complete 
| 138|0x0000000093400000, 0x0000000093500000, 0x0000000093500000|100%|HC|  |TAMS 0x0000000093400000, 0x0000000093400000| Complete 
| 139|0x0000000093500000, 0x0000000093600000, 0x0000000093600000|100%|HC|  |TAMS 0x0000000093500000, 0x0000000093500000| Complete 
| 140|0x0000000093600000, 0x0000000093700000, 0x0000000093700000|100%|HC|  |TAMS 0x0000000093600000, 0x0000000093600000| Complete 
| 141|0x0000000093700000, 0x0000000093800000, 0x0000000093800000|100%|HC|  |TAMS 0x0000000093700000, 0x0000000093700000| Complete 
| 142|0x0000000093800000, 0x0000000093900000, 0x0000000093900000|100%|HC|  |TAMS 0x0000000093800000, 0x0000000093800000| Complete 
| 143|0x0000000093900000, 0x0000000093a00000, 0x0000000093a00000|100%|HC|  |TAMS 0x0000000093900000, 0x0000000093900000| Complete 
| 144|0x0000000093a00000, 0x0000000093b00000, 0x0000000093b00000|100%|HC|  |TAMS 0x0000000093a00000, 0x0000000093a00000| Complete 
| 145|0x0000000093b00000, 0x0000000093c00000, 0x0000000093c00000|100%|HC|  |TAMS 0x0000000093b00000, 0x0000000093b00000| Complete 
| 146|0x0000000093c00000, 0x0000000093d00000, 0x0000000093d00000|100%|HC|  |TAMS 0x0000000093c00000, 0x0000000093c00000| Complete 
| 147|0x0000000093d00000, 0x0000000093e00000, 0x0000000093e00000|100%|HC|  |TAMS 0x0000000093d00000, 0x0000000093d00000| Complete 
| 148|0x0000000093e00000, 0x0000000093f00000, 0x0000000093f00000|100%|HC|  |TAMS 0x0000000093e00000, 0x0000000093e00000| Complete 
| 149|0x0000000093f00000, 0x0000000094000000, 0x0000000094000000|100%|HC|  |TAMS 0x0000000093f00000, 0x0000000093f00000| Complete 
| 150|0x0000000094000000, 0x0000000094100000, 0x0000000094100000|100%|HC|  |TAMS 0x0000000094000000, 0x0000000094000000| Complete 
| 151|0x0000000094100000, 0x0000000094200000, 0x0000000094200000|100%|HC|  |TAMS 0x0000000094100000, 0x0000000094100000| Complete 
| 152|0x0000000094200000, 0x0000000094300000, 0x0000000094300000|100%|HC|  |TAMS 0x0000000094200000, 0x0000000094200000| Complete 
| 153|0x0000000094300000, 0x0000000094400000, 0x0000000094400000|100%|HC|  |TAMS 0x0000000094300000, 0x0000000094300000| Complete 
| 154|0x0000000094400000, 0x0000000094500000, 0x0000000094500000|100%|HC|  |TAMS 0x0000000094400000, 0x0000000094400000| Complete 
| 155|0x0000000094500000, 0x0000000094600000, 0x0000000094600000|100%|HC|  |TAMS 0x0000000094500000, 0x0000000094500000| Complete 
| 156|0x0000000094600000, 0x0000000094700000, 0x0000000094700000|100%|HC|  |TAMS 0x0000000094600000, 0x0000000094600000| Complete 
| 157|0x0000000094700000, 0x0000000094800000, 0x0000000094800000|100%|HC|  |TAMS 0x0000000094700000, 0x0000000094700000| Complete 
| 158|0x0000000094800000, 0x0000000094900000, 0x0000000094900000|100%|HC|  |TAMS 0x0000000094800000, 0x0000000094800000| Complete 
| 159|0x0000000094900000, 0x0000000094a00000, 0x0000000094a00000|100%|HC|  |TAMS 0x0000000094900000, 0x0000000094900000| Complete 
| 160|0x0000000094a00000, 0x0000000094b00000, 0x0000000094b00000|100%|HC|  |TAMS 0x0000000094a00000, 0x0000000094a00000| Complete 
| 161|0x0000000094b00000, 0x0000000094c00000, 0x0000000094c00000|100%|HC|  |TAMS 0x0000000094b00000, 0x0000000094b00000| Complete 
| 162|0x0000000094c00000, 0x0000000094d00000, 0x0000000094d00000|100%|HC|  |TAMS 0x0000000094c00000, 0x0000000094c00000| Complete 
| 163|0x0000000094d00000, 0x0000000094e00000, 0x0000000094e00000|100%|HC|  |TAMS 0x0000000094d00000, 0x0000000094d00000| Complete 
| 164|0x0000000094e00000, 0x0000000094f00000, 0x0000000094f00000|100%|HC|  |TAMS 0x0000000094e00000, 0x0000000094e00000| Complete 
| 165|0x0000000094f00000, 0x0000000094f00000, 0x0000000095000000|  0%| F|  |TAMS 0x0000000094f00000, 0x0000000094f00000| Untracked 
| 166|0x0000000095000000, 0x0000000095000000, 0x0000000095100000|  0%| F|  |TAMS 0x0000000095000000, 0x0000000095000000| Untracked 
| 167|0x0000000095100000, 0x0000000095100000, 0x0000000095200000|  0%| F|  |TAMS 0x0000000095100000, 0x0000000095100000| Untracked 
| 168|0x0000000095200000, 0x0000000095200000, 0x0000000095300000|  0%| F|  |TAMS 0x0000000095200000, 0x0000000095200000| Untracked 
| 169|0x0000000095300000, 0x0000000095300000, 0x0000000095400000|  0%| F|  |TAMS 0x0000000095300000, 0x0000000095300000| Untracked 
| 170|0x0000000095400000, 0x0000000095400000, 0x0000000095500000|  0%| F|  |TAMS 0x0000000095400000, 0x0000000095400000| Untracked 
| 171|0x0000000095500000, 0x0000000095500000, 0x0000000095600000|  0%| F|  |TAMS 0x0000000095500000, 0x0000000095500000| Untracked 
| 172|0x0000000095600000, 0x0000000095600000, 0x0000000095700000|  0%| F|  |TAMS 0x0000000095600000, 0x0000000095600000| Untracked 
| 173|0x0000000095700000, 0x0000000095700000, 0x0000000095800000|  0%| F|  |TAMS 0x0000000095700000, 0x0000000095700000| Untracked 
| 174|0x0000000095800000, 0x0000000095800000, 0x0000000095900000|  0%| F|  |TAMS 0x0000000095800000, 0x0000000095800000| Untracked 
| 175|0x0000000095900000, 0x0000000095900000, 0x0000000095a00000|  0%| F|  |TAMS 0x0000000095900000, 0x0000000095900000| Untracked 
| 176|0x0000000095a00000, 0x0000000095a00000, 0x0000000095b00000|  0%| F|  |TAMS 0x0000000095a00000, 0x0000000095a00000| Untracked 
| 177|0x0000000095b00000, 0x0000000095b00000, 0x0000000095c00000|  0%| F|  |TAMS 0x0000000095b00000, 0x0000000095b00000| Untracked 
| 178|0x0000000095c00000, 0x0000000095c00000, 0x0000000095d00000|  0%| F|  |TAMS 0x0000000095c00000, 0x0000000095c00000| Untracked 
| 179|0x0000000095d00000, 0x0000000095d00000, 0x0000000095e00000|  0%| F|  |TAMS 0x0000000095d00000, 0x0000000095d00000| Untracked 
| 180|0x0000000095e00000, 0x0000000095e00000, 0x0000000095f00000|  0%| F|  |TAMS 0x0000000095e00000, 0x0000000095e00000| Untracked 
| 181|0x0000000095f00000, 0x0000000095f00000, 0x0000000096000000|  0%| F|  |TAMS 0x0000000095f00000, 0x0000000095f00000| Untracked 
| 182|0x0000000096000000, 0x0000000096000000, 0x0000000096100000|  0%| F|  |TAMS 0x0000000096000000, 0x0000000096000000| Untracked 
| 183|0x0000000096100000, 0x0000000096100000, 0x0000000096200000|  0%| F|  |TAMS 0x0000000096100000, 0x0000000096100000| Untracked 
| 184|0x0000000096200000, 0x0000000096200000, 0x0000000096300000|  0%| F|  |TAMS 0x0000000096200000, 0x0000000096200000| Untracked 
| 185|0x0000000096300000, 0x0000000096300000, 0x0000000096400000|  0%| F|  |TAMS 0x0000000096300000, 0x0000000096300000| Untracked 
| 186|0x0000000096400000, 0x0000000096400000, 0x0000000096500000|  0%| F|  |TAMS 0x0000000096400000, 0x0000000096400000| Untracked 
| 187|0x0000000096500000, 0x0000000096500000, 0x0000000096600000|  0%| F|  |TAMS 0x0000000096500000, 0x0000000096500000| Untracked 
| 188|0x0000000096600000, 0x0000000096600000, 0x0000000096700000|  0%| F|  |TAMS 0x0000000096600000, 0x0000000096600000| Untracked 
| 189|0x0000000096700000, 0x0000000096700000, 0x0000000096800000|  0%| F|  |TAMS 0x0000000096700000, 0x0000000096700000| Untracked 
| 190|0x0000000096800000, 0x0000000096800000, 0x0000000096900000|  0%| F|  |TAMS 0x0000000096800000, 0x0000000096800000| Untracked 
| 191|0x0000000096900000, 0x0000000096900000, 0x0000000096a00000|  0%| F|  |TAMS 0x0000000096900000, 0x0000000096900000| Untracked 
| 192|0x0000000096a00000, 0x0000000096a00000, 0x0000000096b00000|  0%| F|  |TAMS 0x0000000096a00000, 0x0000000096a00000| Untracked 
| 193|0x0000000096b00000, 0x0000000096b00000, 0x0000000096c00000|  0%| F|  |TAMS 0x0000000096b00000, 0x0000000096b00000| Untracked 
| 194|0x0000000096c00000, 0x0000000096c00000, 0x0000000096d00000|  0%| F|  |TAMS 0x0000000096c00000, 0x0000000096c00000| Untracked 
| 195|0x0000000096d00000, 0x0000000096d00000, 0x0000000096e00000|  0%| F|  |TAMS 0x0000000096d00000, 0x0000000096d00000| Untracked 
| 196|0x0000000096e00000, 0x0000000096e00000, 0x0000000096f00000|  0%| F|  |TAMS 0x0000000096e00000, 0x0000000096e00000| Untracked 
| 197|0x0000000096f00000, 0x0000000096f00000, 0x0000000097000000|  0%| F|  |TAMS 0x0000000096f00000, 0x0000000096f00000| Untracked 
| 198|0x0000000097000000, 0x0000000097000000, 0x0000000097100000|  0%| F|  |TAMS 0x0000000097000000, 0x0000000097000000| Untracked 
| 199|0x0000000097100000, 0x0000000097100000, 0x0000000097200000|  0%| F|  |TAMS 0x0000000097100000, 0x0000000097100000| Untracked 
| 200|0x0000000097200000, 0x0000000097200000, 0x0000000097300000|  0%| F|  |TAMS 0x0000000097200000, 0x0000000097200000| Untracked 
| 201|0x0000000097300000, 0x0000000097300000, 0x0000000097400000|  0%| F|  |TAMS 0x0000000097300000, 0x0000000097300000| Untracked 
| 202|0x0000000097400000, 0x0000000097400000, 0x0000000097500000|  0%| F|  |TAMS 0x0000000097400000, 0x0000000097400000| Untracked 
| 203|0x0000000097500000, 0x0000000097500000, 0x0000000097600000|  0%| F|  |TAMS 0x0000000097500000, 0x0000000097500000| Untracked 
| 204|0x0000000097600000, 0x0000000097600000, 0x0000000097700000|  0%| F|  |TAMS 0x0000000097600000, 0x0000000097600000| Untracked 
| 205|0x0000000097700000, 0x0000000097700000, 0x0000000097800000|  0%| F|  |TAMS 0x0000000097700000, 0x0000000097700000| Untracked 
| 206|0x0000000097800000, 0x0000000097800000, 0x0000000097900000|  0%| F|  |TAMS 0x0000000097800000, 0x0000000097800000| Untracked 
| 207|0x0000000097900000, 0x0000000097900000, 0x0000000097a00000|  0%| F|  |TAMS 0x0000000097900000, 0x0000000097900000| Untracked 
| 208|0x0000000097a00000, 0x0000000097a00000, 0x0000000097b00000|  0%| F|  |TAMS 0x0000000097a00000, 0x0000000097a00000| Untracked 
| 209|0x0000000097b00000, 0x0000000097b00000, 0x0000000097c00000|  0%| F|  |TAMS 0x0000000097b00000, 0x0000000097b00000| Untracked 
| 210|0x0000000097c00000, 0x0000000097c00000, 0x0000000097d00000|  0%| F|  |TAMS 0x0000000097c00000, 0x0000000097c00000| Untracked 
| 211|0x0000000097d00000, 0x0000000097d00000, 0x0000000097e00000|  0%| F|  |TAMS 0x0000000097d00000, 0x0000000097d00000| Untracked 
| 212|0x0000000097e00000, 0x0000000097e00000, 0x0000000097f00000|  0%| F|  |TAMS 0x0000000097e00000, 0x0000000097e00000| Untracked 
| 213|0x0000000097f00000, 0x0000000097f00000, 0x0000000098000000|  0%| F|  |TAMS 0x0000000097f00000, 0x0000000097f00000| Untracked 
| 214|0x0000000098000000, 0x0000000098000000, 0x0000000098100000|  0%| F|  |TAMS 0x0000000098000000, 0x0000000098000000| Untracked 
| 215|0x0000000098100000, 0x0000000098100000, 0x0000000098200000|  0%| F|  |TAMS 0x0000000098100000, 0x0000000098100000| Untracked 
| 216|0x0000000098200000, 0x0000000098200000, 0x0000000098300000|  0%| F|  |TAMS 0x0000000098200000, 0x0000000098200000| Untracked 
| 217|0x0000000098300000, 0x0000000098300000, 0x0000000098400000|  0%| F|  |TAMS 0x0000000098300000, 0x0000000098300000| Untracked 
| 218|0x0000000098400000, 0x0000000098400000, 0x0000000098500000|  0%| F|  |TAMS 0x0000000098400000, 0x0000000098400000| Untracked 
| 219|0x0000000098500000, 0x0000000098500000, 0x0000000098600000|  0%| F|  |TAMS 0x0000000098500000, 0x0000000098500000| Untracked 
| 220|0x0000000098600000, 0x0000000098600000, 0x0000000098700000|  0%| F|  |TAMS 0x0000000098600000, 0x0000000098600000| Untracked 
| 221|0x0000000098700000, 0x0000000098700000, 0x0000000098800000|  0%| F|  |TAMS 0x0000000098700000, 0x0000000098700000| Untracked 
| 222|0x0000000098800000, 0x0000000098800000, 0x0000000098900000|  0%| F|  |TAMS 0x0000000098800000, 0x0000000098800000| Untracked 
| 223|0x0000000098900000, 0x0000000098900000, 0x0000000098a00000|  0%| F|  |TAMS 0x0000000098900000, 0x0000000098900000| Untracked 
| 224|0x0000000098a00000, 0x0000000098a00000, 0x0000000098b00000|  0%| F|  |TAMS 0x0000000098a00000, 0x0000000098a00000| Untracked 
| 225|0x0000000098b00000, 0x0000000098b00000, 0x0000000098c00000|  0%| F|  |TAMS 0x0000000098b00000, 0x0000000098b00000| Untracked 
| 226|0x0000000098c00000, 0x0000000098c00000, 0x0000000098d00000|  0%| F|  |TAMS 0x0000000098c00000, 0x0000000098c00000| Untracked 
| 227|0x0000000098d00000, 0x0000000098d00000, 0x0000000098e00000|  0%| F|  |TAMS 0x0000000098d00000, 0x0000000098d00000| Untracked 
| 228|0x0000000098e00000, 0x0000000098e00000, 0x0000000098f00000|  0%| F|  |TAMS 0x0000000098e00000, 0x0000000098e00000| Untracked 
| 229|0x0000000098f00000, 0x0000000098f00000, 0x0000000099000000|  0%| F|  |TAMS 0x0000000098f00000, 0x0000000098f00000| Untracked 
| 230|0x0000000099000000, 0x0000000099000000, 0x0000000099100000|  0%| F|  |TAMS 0x0000000099000000, 0x0000000099000000| Untracked 
| 231|0x0000000099100000, 0x0000000099100000, 0x0000000099200000|  0%| F|  |TAMS 0x0000000099100000, 0x0000000099100000| Untracked 
| 232|0x0000000099200000, 0x0000000099200000, 0x0000000099300000|  0%| F|  |TAMS 0x0000000099200000, 0x0000000099200000| Untracked 
| 233|0x0000000099300000, 0x0000000099300000, 0x0000000099400000|  0%| F|  |TAMS 0x0000000099300000, 0x0000000099300000| Untracked 
| 234|0x0000000099400000, 0x0000000099400000, 0x0000000099500000|  0%| F|  |TAMS 0x0000000099400000, 0x0000000099400000| Untracked 
| 235|0x0000000099500000, 0x0000000099500000, 0x0000000099600000|  0%| F|  |TAMS 0x0000000099500000, 0x0000000099500000| Untracked 
| 236|0x0000000099600000, 0x0000000099600000, 0x0000000099700000|  0%| F|  |TAMS 0x0000000099600000, 0x0000000099600000| Untracked 
| 237|0x0000000099700000, 0x0000000099700000, 0x0000000099800000|  0%| F|  |TAMS 0x0000000099700000, 0x0000000099700000| Untracked 
| 238|0x0000000099800000, 0x0000000099800000, 0x0000000099900000|  0%| F|  |TAMS 0x0000000099800000, 0x0000000099800000| Untracked 
| 239|0x0000000099900000, 0x0000000099900000, 0x0000000099a00000|  0%| F|  |TAMS 0x0000000099900000, 0x0000000099900000| Untracked 
| 240|0x0000000099a00000, 0x0000000099a00000, 0x0000000099b00000|  0%| F|  |TAMS 0x0000000099a00000, 0x0000000099a00000| Untracked 
| 241|0x0000000099b00000, 0x0000000099b00000, 0x0000000099c00000|  0%| F|  |TAMS 0x0000000099b00000, 0x0000000099b00000| Untracked 
| 242|0x0000000099c00000, 0x0000000099c00000, 0x0000000099d00000|  0%| F|  |TAMS 0x0000000099c00000, 0x0000000099c00000| Untracked 
| 243|0x0000000099d00000, 0x0000000099d00000, 0x0000000099e00000|  0%| F|  |TAMS 0x0000000099d00000, 0x0000000099d00000| Untracked 
| 244|0x0000000099e00000, 0x0000000099e00000, 0x0000000099f00000|  0%| F|  |TAMS 0x0000000099e00000, 0x0000000099e00000| Untracked 
| 245|0x0000000099f00000, 0x0000000099f00000, 0x000000009a000000|  0%| F|  |TAMS 0x0000000099f00000, 0x0000000099f00000| Untracked 
| 246|0x000000009a000000, 0x000000009a000000, 0x000000009a100000|  0%| F|  |TAMS 0x000000009a000000, 0x000000009a000000| Untracked 
| 247|0x000000009a100000, 0x000000009a100000, 0x000000009a200000|  0%| F|  |TAMS 0x000000009a100000, 0x000000009a100000| Untracked 
| 248|0x000000009a200000, 0x000000009a200000, 0x000000009a300000|  0%| F|  |TAMS 0x000000009a200000, 0x000000009a200000| Untracked 
| 249|0x000000009a300000, 0x000000009a300000, 0x000000009a400000|  0%| F|  |TAMS 0x000000009a300000, 0x000000009a300000| Untracked 
| 250|0x000000009a400000, 0x000000009a400000, 0x000000009a500000|  0%| F|  |TAMS 0x000000009a400000, 0x000000009a400000| Untracked 
| 251|0x000000009a500000, 0x000000009a500000, 0x000000009a600000|  0%| F|  |TAMS 0x000000009a500000, 0x000000009a500000| Untracked 
| 252|0x000000009a600000, 0x000000009a600000, 0x000000009a700000|  0%| F|  |TAMS 0x000000009a600000, 0x000000009a600000| Untracked 
| 253|0x000000009a700000, 0x000000009a700000, 0x000000009a800000|  0%| F|  |TAMS 0x000000009a700000, 0x000000009a700000| Untracked 
| 254|0x000000009a800000, 0x000000009a800000, 0x000000009a900000|  0%| F|  |TAMS 0x000000009a800000, 0x000000009a800000| Untracked 
| 255|0x000000009a900000, 0x000000009a900000, 0x000000009aa00000|  0%| F|  |TAMS 0x000000009a900000, 0x000000009a900000| Untracked 
| 256|0x000000009aa00000, 0x000000009aa00000, 0x000000009ab00000|  0%| F|  |TAMS 0x000000009aa00000, 0x000000009aa00000| Untracked 
| 257|0x000000009ab00000, 0x000000009ab00000, 0x000000009ac00000|  0%| F|  |TAMS 0x000000009ab00000, 0x000000009ab00000| Untracked 
| 258|0x000000009ac00000, 0x000000009ac00000, 0x000000009ad00000|  0%| F|  |TAMS 0x000000009ac00000, 0x000000009ac00000| Untracked 
| 259|0x000000009ad00000, 0x000000009ad00000, 0x000000009ae00000|  0%| F|  |TAMS 0x000000009ad00000, 0x000000009ad00000| Untracked 
| 260|0x000000009ae00000, 0x000000009ae00000, 0x000000009af00000|  0%| F|  |TAMS 0x000000009ae00000, 0x000000009ae00000| Untracked 
| 261|0x000000009af00000, 0x000000009af00000, 0x000000009b000000|  0%| F|  |TAMS 0x000000009af00000, 0x000000009af00000| Untracked 
|1876|0x00000000ffe00000, 0x00000000ffe52000, 0x00000000fff00000| 32%|OA|  |TAMS 0x00000000ffe52000, 0x00000000ffe00000| Untracked 
|1877|0x00000000fff00000, 0x00000000fff7f000, 0x0000000100000000| 49%|CA|  |TAMS 0x00000000fff7f000, 0x00000000fff00000| Untracked 

Card table byte_map: [0x00007f19386b4000,0x00007f1938a5f000] _byte_map_base: 0x00007f193825f000

Marking Bits (Prev, Next): (CMBitMap*) 0x00007f193406a858, (CMBitMap*) 0x00007f193406a898
 Prev Bits: [0x00007f191a97c000, 0x00007f191c6d4000)
 Next Bits: [0x00007f1918c24000, 0x00007f191a97c000)

Polling page: 0x00007f193acba000

Metaspace:

Usage:
  Non-class:      7.01 MB capacity,     5.72 MB ( 82%) used,     1.28 MB ( 18%) free+waste,    14.44 KB ( <1%) overhead. 
      Class:    881.00 KB capacity,   743.70 KB ( 84%) used,   129.74 KB ( 15%) free+waste,     7.56 KB ( <1%) overhead. 
       Both:      7.87 MB capacity,     6.44 MB ( 82%) used,     1.40 MB ( 18%) free+waste,    22.00 KB ( <1%) overhead. 

Virtual space:
  Non-class space:        8.00 MB reserved,       7.25 MB ( 91%) committed 
      Class space:        1.00 GB reserved,       1.00 MB ( <1%) committed 
             Both:        1.01 GB reserved,       8.25 MB ( <1%) committed 

Chunk freelists:
   Non-Class:  1.00 KB
       Class:  19.00 KB
        Both:  20.00 KB

MaxMetaspaceSize: unlimited
CompressedClassSpaceSize: 1.00 GB

CodeHeap 'non-profiled nmethods': size=120032Kb used=310Kb max_used=310Kb free=119721Kb
 bounds [0x00007f192419c000, 0x00007f192440c000, 0x00007f192b6d4000]
CodeHeap 'profiled nmethods': size=120028Kb used=1688Kb max_used=1688Kb free=118339Kb
 bounds [0x00007f191cc65000, 0x00007f191ced5000, 0x00007f192419c000]
CodeHeap 'non-nmethods': size=5700Kb used=1177Kb max_used=1201Kb free=4522Kb
 bounds [0x00007f191c6d4000, 0x00007f191c944000, 0x00007f191cc65000]
 total_blobs=1492 nmethods=829 adapters=355
 compilation: enabled
              stopped_count=0, restarted_count=0
 full_count=0

Compilation events (20 events):
Event: 1.284 Thread 0x00007f1934174800  807       4       java.lang.String::indexOf (113 bytes)
Event: 1.287 Thread 0x00007f1934174800 nmethod 807 0x00007f19241e1990 code [0x00007f19241e1b80, 0x00007f19241e1fb8]
Event: 1.287 Thread 0x00007f1934174800  811       4       java.lang.String::subSequence (7 bytes)
Event: 1.293 Thread 0x00007f1934174800 nmethod 811 0x00007f19241e2210 code [0x00007f19241e2400, 0x00007f19241e2978]
Event: 1.293 Thread 0x00007f1934174800  809       4       kotlin.io.LinesSequence$iterator$1::hasNext (53 bytes)
Event: 1.344 Thread 0x00007f1934174800 nmethod 809 0x00007f19241e2c10 code [0x00007f19241e2ee0, 0x00007f19241e4890]
Event: 1.344 Thread 0x00007f1934176800  832       3       kotlin.jvm.internal.Intrinsics::checkExpressionValueIsNotNull (38 bytes)
Event: 1.345 Thread 0x00007f1934176800 nmethod 832 0x00007f191ce08710 code [0x00007f191ce08920, 0x00007f191ce08e20]
Event: 1.345 Thread 0x00007f1934176800  831       3       muehle.Muehle::nodesAppend (48 bytes)
Event: 1.345 Thread 0x00007f1934174800  834       4       kotlin.jvm.internal.Intrinsics::checkExpressionValueIsNotNull (38 bytes)
Event: 1.345 Thread 0x00007f1934176800 nmethod 831 0x00007f191ce09090 code [0x00007f191ce09240, 0x00007f191ce09540]
Event: 1.345 Thread 0x00007f1934176800  833       3       muehle.Muehle::buildEndgame (189 bytes)
Event: 1.346 Thread 0x00007f1934174800 nmethod 834 0x00007f19241e5210 code [0x00007f19241e5380, 0x00007f19241e53f8]
Event: 1.346 Thread 0x00007f1934174800  835       4       muehle.Muehle::nodesAppend (48 bytes)
Event: 1.347 Thread 0x00007f1934176800 nmethod 833 0x00007f191ce09710 code [0x00007f191ce09a20, 0x00007f191ce0ab20]
Event: 1.347 Thread 0x00007f1934174800 nmethod 835 0x00007f19241e5510 code [0x00007f19241e56a0, 0x00007f19241e5778]
Event: 1.347 Thread 0x00007f1934174800  836       4       muehle.Muehle::buildEndgame (189 bytes)
Event: 1.414 Thread 0x00007f1934174800 nmethod 836 0x00007f19241e5890 code [0x00007f19241e5c80, 0x00007f19241e8398]
Event: 1.976 Thread 0x00007f1934174800  838       4       java.lang.invoke.MethodType::parameterType (7 bytes)
Event: 1.977 Thread 0x00007f1934174800 nmethod 838 0x00007f19241e9710 code [0x00007f19241e98a0, 0x00007f19241e9978]

GC Heap History (19 events):
Event: 0.920 GC heap before
{Heap before GC invocations=0 (full 0):
 garbage-first heap   total 122880K, used 14148K [0x000000008aa00000, 0x0000000100000000)
  region size 1024K, 13 young (13312K), 0 survivors (0K)
 Metaspace       used 4539K, capacity 7082K, committed 7168K, reserved 1056768K
  class space    used 504K, capacity 727K, committed 768K, reserved 1048576K
}
Event: 0.929 GC heap after
{Heap after GC invocations=1 (full 0):
 garbage-first heap   total 122880K, used 2732K [0x000000008aa00000, 0x0000000100000000)
  region size 1024K, 2 young (2048K), 2 survivors (2048K)
 Metaspace       used 4539K, capacity 7082K, committed 7168K, reserved 1056768K
  class space    used 504K, capacity 727K, committed 768K, reserved 1048576K
}
Event: 1.237 GC heap before
{Heap before GC invocations=1 (full 0):
 garbage-first heap   total 122880K, used 24236K [0x000000008aa00000, 0x0000000100000000)
  region size 1024K, 23 young (23552K), 2 survivors (2048K)
 Metaspace       used 6597K, capacity 8060K, committed 8448K, reserved 1056768K
  class space    used 743K, capacity 881K, committed 1024K, reserved 1048576K
}
Event: 1.249 GC heap after
{Heap after GC invocations=2 (full 0):
 garbage-first heap   total 122880K, used 5988K [0x000000008aa00000, 0x0000000100000000)
  region size 1024K, 3 young (3072K), 3 survivors (3072K)
 Metaspace       used 6597K, capacity 8060K, committed 8448K, reserved 1056768K
  class space    used 743K, capacity 881K, committed 1024K, reserved 1048576K
}
Event: 1.445 GC heap before
{Heap before GC invocations=2 (full 0):
 garbage-first heap   total 122880K, used 97124K [0x000000008aa00000, 0x0000000100000000)
  region size 1024K, 70 young (71680K), 3 survivors (3072K)
 Metaspace       used 6597K, capacity 8060K, committed 8448K, reserved 1056768K
  class space    used 743K, capacity 881K, committed 1024K, reserved 1048576K
}
Event: 1.498 GC heap after
{Heap after GC invocations=3 (full 0):
 garbage-first heap   total 122880K, used 28737K [0x000000008aa00000, 0x0000000100000000)
  region size 1024K, 3 young (3072K), 3 survivors (3072K)
 Metaspace       used 6597K, capacity 8060K, committed 8448K, reserved 1056768K
  class space    used 743K, capacity 881K, committed 1024K, reserved 1048576K
}
Event: 1.574 GC heap before
{Heap before GC invocations=3 (full 0):
 garbage-first heap   total 122880K, used 94273K [0x000000008aa00000, 0x0000000100000000)
  region size 1024K, 57 young (58368K), 3 survivors (3072K)
 Metaspace       used 6597K, capacity 8060K, committed 8448K, reserved 1056768K
  class space    used 743K, capacity 881K, committed 1024K, reserved 1048576K
}
Event: 1.650 GC heap after
{Heap after GC invocations=4 (full 0):
 garbage-first heap   total 122880K, used 39924K [0x000000008aa00000, 0x0000000100000000)
  region size 1024K, 3 young (3072K), 3 survivors (3072K)
 Metaspace       used 6597K, capacity 8060K, committed 8448K, reserved 1056768K
  class space    used 743K, capacity 881K, committed 1024K, reserved 1048576K
}
Event: 1.757 GC heap before
{Heap before GC invocations=5 (full 0):
 garbage-first heap   total 122880K, used 96244K [0x000000008aa00000, 0x0000000100000000)
  region size 1024K, 65 young (66560K), 3 survivors (3072K)
 Metaspace       used 6597K, capacity 8060K, committed 8448K, reserved 1056768K
  class space    used 743K, capacity 881K, committed 1024K, reserved 1048576K
}
Event: 1.824 GC heap after
{Heap after GC invocations=6 (full 0):
 garbage-first heap   total 122880K, used 32776K [0x000000008aa00000, 0x0000000100000000)
  region size 1024K, 3 young (3072K), 3 survivors (3072K)
 Metaspace       used 6597K, capacity 8060K, committed 8448K, reserved 1056768K
  class space    used 743K, capacity 881K, committed 1024K, reserved 1048576K
}
Event: 1.832 GC heap before
{Heap before GC invocations=6 (full 0):
 garbage-first heap   total 122880K, used 33800K [0x000000008aa00000, 0x0000000100000000)
  region size 1024K, 5 young (5120K), 3 survivors (3072K)
 Metaspace       used 6597K, capacity 8060K, committed 8448K, reserved 1056768K
  class space    used 743K, capacity 881K, committed 1024K, reserved 1048576K
}
Event: 1.900 GC heap after
{Heap after GC invocations=7 (full 0):
 garbage-first heap   total 270336K, used 32762K [0x000000008aa00000, 0x0000000100000000)
  region size 1024K, 3 young (3072K), 3 survivors (3072K)
 Metaspace       used 6597K, capacity 8060K, committed 8448K, reserved 1056768K
  class space    used 743K, capacity 881K, committed 1024K, reserved 1048576K
}
Event: 2.108 GC heap before
{Heap before GC invocations=8 (full 0):
 garbage-first heap   total 163840K, used 142330K [0x000000008aa00000, 0x0000000100000000)
  region size 1024K, 98 young (100352K), 3 survivors (3072K)
 Metaspace       used 6599K, capacity 8060K, committed 8448K, reserved 1056768K
  class space    used 743K, capacity 881K, committed 1024K, reserved 1048576K
}
Event: 2.205 GC heap after
{Heap after GC invocations=9 (full 0):
 garbage-first heap   total 163840K, used 46089K [0x000000008aa00000, 0x0000000100000000)
  region size 1024K, 3 young (3072K), 3 survivors (3072K)
 Metaspace       used 6599K, capacity 8060K, committed 8448K, reserved 1056768K
  class space    used 743K, capacity 881K, committed 1024K, reserved 1048576K
}
Event: 2.404 GC heap before
{Heap before GC invocations=10 (full 0):
 garbage-first heap   total 163840K, used 161801K [0x000000008aa00000, 0x0000000100000000)
  region size 1024K, 96 young (98304K), 3 survivors (3072K)
 Metaspace       used 6599K, capacity 8060K, committed 8448K, reserved 1056768K
  class space    used 743K, capacity 881K, committed 1024K, reserved 1048576K
}
Event: 2.543 GC heap after
{Heap after GC invocations=11 (full 0):
 garbage-first heap   total 166912K, used 66571K [0x000000008aa00000, 0x0000000100000000)
  region size 1024K, 3 young (3072K), 3 survivors (3072K)
 Metaspace       used 6599K, capacity 8060K, committed 8448K, reserved 1056768K
  class space    used 743K, capacity 881K, committed 1024K, reserved 1048576K
}
Event: 2.611 GC heap before
{Heap before GC invocations=11 (full 0):
 garbage-first heap   total 166912K, used 115723K [0x000000008aa00000, 0x0000000100000000)
  region size 1024K, 52 young (53248K), 3 survivors (3072K)
 Metaspace       used 6599K, capacity 8060K, committed 8448K, reserved 1056768K
  class space    used 743K, capacity 881K, committed 1024K, reserved 1048576K
}
Event: 2.758 GC heap after
{Heap after GC invocations=12 (full 0):
 garbage-first heap   total 166912K, used 66459K [0x000000008aa00000, 0x0000000100000000)
  region size 1024K, 3 young (3072K), 3 survivors (3072K)
 Metaspace       used 6599K, capacity 8060K, committed 8448K, reserved 1056768K
  class space    used 743K, capacity 881K, committed 1024K, reserved 1048576K
}
Event: 2.998 GC heap before
{Heap before GC invocations=12 (full 0):
 garbage-first heap   total 221184K, used 173979K [0x000000008aa00000, 0x0000000100000000)
  region size 1024K, 79 young (80896K), 3 survivors (3072K)
 Metaspace       used 6599K, capacity 8060K, committed 8448K, reserved 1056768K
  class space    used 743K, capacity 881K, committed 1024K, reserved 1048576K
}

Deoptimization events (20 events):
Event: 1.212 Thread 0x00007f193402b800 DEOPT PACKING pc=0x00007f191ce0330f sp=0x00007f1939571d30
Event: 1.212 Thread 0x00007f193402b800 DEOPT UNPACKING pc=0x00007f191c71d63a sp=0x00007f19395712f0 mode 0
Event: 1.213 Thread 0x00007f193402b800 DEOPT PACKING pc=0x00007f191ce0330f sp=0x00007f1939571d30
Event: 1.213 Thread 0x00007f193402b800 DEOPT UNPACKING pc=0x00007f191c71d63a sp=0x00007f19395712f0 mode 0
Event: 1.214 Thread 0x00007f193402b800 DEOPT PACKING pc=0x00007f191ce0330f sp=0x00007f1939571d30
Event: 1.214 Thread 0x00007f193402b800 DEOPT UNPACKING pc=0x00007f191c71d63a sp=0x00007f19395712f0 mode 0
Event: 1.215 Thread 0x00007f193402b800 DEOPT PACKING pc=0x00007f191ce0330f sp=0x00007f1939571d30
Event: 1.215 Thread 0x00007f193402b800 DEOPT UNPACKING pc=0x00007f191c71d63a sp=0x00007f19395712f0 mode 0
Event: 1.215 Thread 0x00007f193402b800 DEOPT PACKING pc=0x00007f191ce0330f sp=0x00007f1939571d30
Event: 1.215 Thread 0x00007f193402b800 DEOPT UNPACKING pc=0x00007f191c71d63a sp=0x00007f19395712f0 mode 0
Event: 1.216 Thread 0x00007f193402b800 DEOPT PACKING pc=0x00007f191ce0330f sp=0x00007f1939571d30
Event: 1.216 Thread 0x00007f193402b800 DEOPT UNPACKING pc=0x00007f191c71d63a sp=0x00007f19395712f0 mode 0
Event: 1.217 Thread 0x00007f193402b800 DEOPT PACKING pc=0x00007f191ce0330f sp=0x00007f1939571d30
Event: 1.217 Thread 0x00007f193402b800 DEOPT UNPACKING pc=0x00007f191c71d63a sp=0x00007f19395712f0 mode 0
Event: 1.218 Thread 0x00007f193402b800 DEOPT PACKING pc=0x00007f191ce0330f sp=0x00007f1939571d30
Event: 1.218 Thread 0x00007f193402b800 DEOPT UNPACKING pc=0x00007f191c71d63a sp=0x00007f19395712f0 mode 0
Event: 1.219 Thread 0x00007f193402b800 Uncommon trap: trap_request=0xffffff45 fr.pc=0x00007f19241dbda8 relative=0x0000000000000de8
Event: 1.219 Thread 0x00007f193402b800 Uncommon trap: reason=unstable_if action=reinterpret pc=0x00007f19241dbda8 method=java.io.BufferedReader.readLine(Z)Ljava/lang/String; @ 55 c2
Event: 1.219 Thread 0x00007f193402b800 DEOPT PACKING pc=0x00007f19241dbda8 sp=0x00007f1939572240
Event: 1.219 Thread 0x00007f193402b800 DEOPT UNPACKING pc=0x00007f191c71d125 sp=0x00007f19395721d0 mode 2

Classes unloaded (0 events):
No events

Classes redefined (0 events):
No events

Internal exceptions (10 events):
Event: 0.401 Thread 0x00007f193402b800 Exception <a 'java/lang/NoSuchMethodError'{0x0000000091dd5eb8}: 'void java.lang.invoke.DirectMethodHandle$Holder.invokeStaticInit(java.lang.Object, java.lang.Object)'> (0x0000000091dd5eb8) 
thrown [open/src/hotspot/share/interpreter/linkResolver.cpp, line 766]
Event: 0.408 Thread 0x00007f193402b800 Exception <a 'java/lang/NoSuchMethodError'{0x0000000091dff3a8}: 'void java.lang.invoke.DirectMethodHandle$Holder.invokeStatic(java.lang.Object, java.lang.Object, java.lang.Object, java.lang.Object)'> (0x0000000091dff3a8) 
thrown [open/src/hotspot/share/interpreter/linkResolver.cpp, line 766]
Event: 0.409 Thread 0x00007f193402b800 Exception <a 'java/lang/NoSuchMethodError'{0x0000000091c0ad10}: 'void java.lang.invoke.DirectMethodHandle$Holder.invokeStaticInit(java.lang.Object, java.lang.Object, java.lang.Object, java.lang.Object)'> (0x0000000091c0ad10) 
thrown [open/src/hotspot/share/interpreter/linkResolver.cpp, line 766]
Event: 0.578 Thread 0x00007f193402b800 Exception <a 'java/lang/NoSuchMethodError'{0x0000000091bcd558}: 'java.lang.Object java.lang.invoke.DirectMethodHandle$Holder.invokeStaticInit(java.lang.Object, java.lang.Object, java.lang.Object)'> (0x0000000091bcd558) 
thrown [open/src/hotspot/share/interpreter/linkResolver.cpp, line 766]
Event: 0.639 Thread 0x00007f193402b800 Exception <a 'java/lang/NoSuchMethodError'{0x0000000091ad5888}: 'void java.lang.invoke.DirectMethodHandle$Holder.invokeStaticInit(java.lang.Object)'> (0x0000000091ad5888) 
thrown [open/src/hotspot/share/interpreter/linkResolver.cpp, line 766]
Event: 0.741 Thread 0x00007f193402b800 Exception <a 'java/lang/NoSuchMethodError'{0x000000009171aec0}: 'int java.lang.invoke.DirectMethodHandle$Holder.invokeStaticInit(java.lang.Object, java.lang.Object)'> (0x000000009171aec0) 
thrown [open/src/hotspot/share/interpreter/linkResolver.cpp, line 766]
Event: 0.742 Thread 0x00007f193402b800 Exception <a 'java/lang/NoSuchMethodError'{0x00000000917200a0}: 'void java.lang.invoke.DirectMethodHandle$Holder.invokeStaticInit(java.lang.Object, java.lang.Object, java.lang.Object)'> (0x00000000917200a0) 
thrown [open/src/hotspot/share/interpreter/linkResolver.cpp, line 766]
Event: 0.911 Thread 0x00007f193402b800 Exception <a 'java/lang/NoSuchMethodError'{0x0000000091383ad0}: 'int java.lang.invoke.DirectMethodHandle$Holder.invokeInterface(java.lang.Object, java.lang.Object)'> (0x0000000091383ad0) 
thrown [open/src/hotspot/share/interpreter/linkResolver.cpp, line 766]
Event: 0.942 Thread 0x00007f193402b800 Exception <a 'java/lang/NoSuchMethodError'{0x0000000091f10208}: 'int java.lang.invoke.DirectMethodHandle$Holder.invokeSpecialIFC(java.lang.Object, java.lang.Object, int)'> (0x0000000091f10208) 
thrown [open/src/hotspot/share/interpreter/linkResolver.cpp, line 766]
Event: 1.095 Thread 0x00007f193402b800 Exception <a 'java/lang/NoSuchMethodError'{0x0000000091cf85e8}: 'void java.lang.invoke.DirectMethodHandle$Holder.invokeInterface(java.lang.Object, java.lang.Object)'> (0x0000000091cf85e8) 
thrown [open/src/hotspot/share/interpreter/linkResolver.cpp, line 766]

Events (20 events):
Event: 1.971 Executing VM operation: HandshakeOneThread done
Event: 1.971 Executing VM operation: HandshakeOneThread
Event: 1.972 Executing VM operation: HandshakeOneThread done
Event: 1.972 Executing VM operation: HandshakeOneThread
Event: 1.972 Executing VM operation: HandshakeOneThread done
Event: 2.045 Executing VM operation: G1Concurrent
Event: 2.045 Executing VM operation: G1Concurrent done
Event: 2.108 Executing VM operation: G1TryInitiateConcMark
Event: 2.205 Executing VM operation: G1TryInitiateConcMark done
Event: 2.239 Executing VM operation: G1Concurrent
Event: 2.240 Executing VM operation: G1Concurrent done
Event: 2.377 Executing VM operation: G1Concurrent
Event: 2.377 Executing VM operation: G1Concurrent done
Event: 2.404 Executing VM operation: G1CollectForAllocation
Event: 2.543 Executing VM operation: G1CollectForAllocation done
Event: 2.611 Executing VM operation: G1TryInitiateConcMark
Event: 2.758 Executing VM operation: G1TryInitiateConcMark done
Event: 2.807 Executing VM operation: G1Concurrent
Event: 2.814 Executing VM operation: G1Concurrent done
Event: 2.997 Executing VM operation: G1CollectForAllocation


Dynamic libraries:
8aa00000-9b000000 rw-p 00000000 00:00 0 
b3000000-ffe00000 ---p 00000000 00:00 0 
ffe00000-ffe52000 rw-p 00bbc000 08:06 930343                             /home/benedikt/openjdk/lib/server/classes.jsa
ffe52000-fff00000 rw-p 00000000 00:00 0 
fff00000-fff7f000 rw-p 00b3d000 08:06 930343                             /home/benedikt/openjdk/lib/server/classes.jsa
fff7f000-100000000 rw-p 00000000 00:00 0 
800000000-800003000 rwxp 00001000 08:06 930343                           /home/benedikt/openjdk/lib/server/classes.jsa
800003000-8003e3000 rw-p 00004000 08:06 930343                           /home/benedikt/openjdk/lib/server/classes.jsa
8003e3000-800b0e000 r--p 003e4000 08:06 930343                           /home/benedikt/openjdk/lib/server/classes.jsa
800b0e000-800b0f000 rw-p 00b0f000 08:06 930343                           /home/benedikt/openjdk/lib/server/classes.jsa
800b0f000-800c0f000 rw-p 00000000 00:00 0 
800c0f000-840b0f000 ---p 00000000 00:00 0 
557fe6640000-557fe6641000 r-xp 00000000 08:06 788593                     /home/benedikt/openjdk/bin/java
557fe6642000-557fe6643000 r--p 00001000 08:06 788593                     /home/benedikt/openjdk/bin/java
557fe6643000-557fe6644000 rw-p 00002000 08:06 788593                     /home/benedikt/openjdk/bin/java
557fe71c0000-557fe71e1000 rw-p 00000000 00:00 0                          [heap]
7f1890000000-7f1890025000 rw-p 00000000 00:00 0 
7f1890025000-7f1894000000 ---p 00000000 00:00 0 
7f1898000000-7f1898021000 rw-p 00000000 00:00 0 
7f1898021000-7f189c000000 ---p 00000000 00:00 0 
7f189c000000-7f189c021000 rw-p 00000000 00:00 0 
7f189c021000-7f18a0000000 ---p 00000000 00:00 0 
7f18a0000000-7f18a0021000 rw-p 00000000 00:00 0 
7f18a0021000-7f18a4000000 ---p 00000000 00:00 0 
7f18a4000000-7f18a4021000 rw-p 00000000 00:00 0 
7f18a4021000-7f18a8000000 ---p 00000000 00:00 0 
7f18a8000000-7f18a8038000 rw-p 00000000 00:00 0 
7f18a8038000-7f18ac000000 ---p 00000000 00:00 0 
7f18ac000000-7f18ac03b000 rw-p 00000000 00:00 0 
7f18ac03b000-7f18b0000000 ---p 00000000 00:00 0 
7f18b0000000-7f18b0021000 rw-p 00000000 00:00 0 
7f18b0021000-7f18b4000000 ---p 00000000 00:00 0 
7f18b4000000-7f18b403f000 rw-p 00000000 00:00 0 
7f18b403f000-7f18b8000000 ---p 00000000 00:00 0 
7f18b8000000-7f18b8021000 rw-p 00000000 00:00 0 
7f18b8021000-7f18bc000000 ---p 00000000 00:00 0 
7f18bc000000-7f18bc021000 rw-p 00000000 00:00 0 
7f18bc021000-7f18c0000000 ---p 00000000 00:00 0 
7f18c0000000-7f18c0021000 rw-p 00000000 00:00 0 
7f18c0021000-7f18c4000000 ---p 00000000 00:00 0 
7f18c4000000-7f18c4021000 rw-p 00000000 00:00 0 
7f18c4021000-7f18c8000000 ---p 00000000 00:00 0 
7f18c8000000-7f18c8021000 rw-p 00000000 00:00 0 
7f18c8021000-7f18cc000000 ---p 00000000 00:00 0 
7f18cc000000-7f18cc021000 rw-p 00000000 00:00 0 
7f18cc021000-7f18d0000000 ---p 00000000 00:00 0 
7f18d0000000-7f18d0021000 rw-p 00000000 00:00 0 
7f18d0021000-7f18d4000000 ---p 00000000 00:00 0 
7f18d4000000-7f18d4021000 rw-p 00000000 00:00 0 
7f18d4021000-7f18d8000000 ---p 00000000 00:00 0 
7f18d8000000-7f18d83af000 rw-p 00000000 00:00 0 
7f18d83af000-7f18dc000000 ---p 00000000 00:00 0 
7f18dc000000-7f18dc021000 rw-p 00000000 00:00 0 
7f18dc021000-7f18e0000000 ---p 00000000 00:00 0 
7f18e0000000-7f18e0021000 rw-p 00000000 00:00 0 
7f18e0021000-7f18e4000000 ---p 00000000 00:00 0 
7f18e4000000-7f18e431c000 rw-p 00000000 00:00 0 
7f18e431c000-7f18e8000000 ---p 00000000 00:00 0 
7f18e8000000-7f18e8021000 rw-p 00000000 00:00 0 
7f18e8021000-7f18ec000000 ---p 00000000 00:00 0 
7f18ef549000-7f18ef8c6000 rw-p 00000000 00:00 0 
7f18ef8c6000-7f18ef8c7000 ---p 00000000 00:00 0 
7f18ef8c7000-7f18ef9c8000 rw-p 00000000 00:00 0 
7f18ef9c8000-7f18ef9c9000 ---p 00000000 00:00 0 
7f18ef9c9000-7f18efaca000 rw-p 00000000 00:00 0 
7f18efaca000-7f18efacb000 ---p 00000000 00:00 0 
7f18efacb000-7f18efbcc000 rw-p 00000000 00:00 0 
7f18efbcc000-7f18f4000000 r--p 00000000 08:06 663093                     /usr/lib/locale/locale-archive
7f18f4000000-7f18f4021000 rw-p 00000000 00:00 0 
7f18f4021000-7f18f8000000 ---p 00000000 00:00 0 
7f18f8000000-7f18f8021000 rw-p 00000000 00:00 0 
7f18f8021000-7f18fc000000 ---p 00000000 00:00 0 
7f18fc000000-7f18fc021000 rw-p 00000000 00:00 0 
7f18fc021000-7f1900000000 ---p 00000000 00:00 0 
7f1900000000-7f1900086000 rw-p 00000000 00:00 0 
7f1900086000-7f1904000000 ---p 00000000 00:00 0 
7f1904000000-7f1904021000 rw-p 00000000 00:00 0 
7f1904021000-7f1908000000 ---p 00000000 00:00 0 
7f19080e5000-7f19080e9000 ---p 00000000 00:00 0 
7f19080e9000-7f19081e6000 rw-p 00000000 00:00 0 
7f19081e6000-7f19081ea000 ---p 00000000 00:00 0 
7f19081ea000-7f19082e7000 rw-p 00000000 00:00 0 
7f19082e7000-7f19082eb000 ---p 00000000 00:00 0 
7f19082eb000-7f19083e8000 rw-p 00000000 00:00 0 
7f19083e8000-7f19083ec000 ---p 00000000 00:00 0 
7f19083ec000-7f19084e9000 rw-p 00000000 00:00 0 
7f19084e9000-7f19084ed000 ---p 00000000 00:00 0 
7f19084ed000-7f19085ea000 rw-p 00000000 00:00 0 
7f19085ea000-7f19085ee000 ---p 00000000 00:00 0 
7f19085ee000-7f19086eb000 rw-p 00000000 00:00 0 
7f19086eb000-7f19086ef000 ---p 00000000 00:00 0 
7f19086ef000-7f19087ec000 rw-p 00000000 00:00 0 
7f19087ec000-7f19087ed000 ---p 00000000 00:00 0 
7f19087ed000-7f19088ee000 rw-p 00000000 00:00 0 
7f19088ee000-7f19088ef000 ---p 00000000 00:00 0 
7f19088ef000-7f19089f0000 rw-p 00000000 00:00 0 
7f19089f0000-7f19089f1000 ---p 00000000 00:00 0 
7f19089f1000-7f1908af2000 rw-p 00000000 00:00 0 
7f1908af2000-7f1908af6000 ---p 00000000 00:00 0 
7f1908af6000-7f1908bf3000 rw-p 00000000 00:00 0 
7f1908bf3000-7f1908bf7000 ---p 00000000 00:00 0 
7f1908bf7000-7f1908cf4000 rw-p 00000000 00:00 0 
7f1908cf4000-7f1908cf8000 ---p 00000000 00:00 0 
7f1908cf8000-7f1908df5000 rw-p 00000000 00:00 0 
7f1908df5000-7f1908df9000 ---p 00000000 00:00 0 
7f1908df9000-7f1908ef6000 rw-p 00000000 00:00 0 
7f1908ef6000-7f1908efa000 ---p 00000000 00:00 0 
7f1908efa000-7f1908ff7000 rw-p 00000000 00:00 0 
7f1908ff7000-7f1908ff8000 ---p 00000000 00:00 0 
7f1908ff8000-7f19090f9000 rw-p 00000000 00:00 0 
7f19090f9000-7f19090fd000 ---p 00000000 00:00 0 
7f19090fd000-7f19091fa000 rw-p 00000000 00:00 0 
7f19091fa000-7f19091fe000 ---p 00000000 00:00 0 
7f19091fe000-7f19092fb000 rw-p 00000000 00:00 0 
7f19092fb000-7f19092ff000 ---p 00000000 00:00 0 
7f19092ff000-7f19093fc000 rw-p 00000000 00:00 0 
7f19093fc000-7f1909400000 ---p 00000000 00:00 0 
7f1909400000-7f19094fd000 rw-p 00000000 00:00 0 
7f19094fd000-7f1909501000 ---p 00000000 00:00 0 
7f1909501000-7f19095fe000 rw-p 00000000 00:00 0 
7f19095fe000-7f1909602000 ---p 00000000 00:00 0 
7f1909602000-7f19096ff000 rw-p 00000000 00:00 0 
7f19096ff000-7f1909703000 ---p 00000000 00:00 0 
7f1909703000-7f1909f40000 rw-p 00000000 00:00 0 
7f1909f40000-7f190a000000 ---p 00000000 00:00 0 
7f190a000000-7f190c000000 rw-p 00000000 00:00 0 
7f190c000000-7f190c021000 rw-p 00000000 00:00 0 
7f190c021000-7f1910000000 ---p 00000000 00:00 0 
7f1910000000-7f1910021000 rw-p 00000000 00:00 0 
7f1910021000-7f1914000000 ---p 00000000 00:00 0 
7f1914000000-7f191403b000 rw-p 00000000 00:00 0 
7f191403b000-7f1918000000 ---p 00000000 00:00 0 
7f191805c000-7f1918061000 r-xp 00000000 08:06 930322                     /home/benedikt/openjdk/lib/libmanagement_ext.so
7f1918061000-7f1918062000 r--p 00004000 08:06 930322                     /home/benedikt/openjdk/lib/libmanagement_ext.so
7f1918062000-7f1918063000 rw-p 00005000 08:06 930322                     /home/benedikt/openjdk/lib/libmanagement_ext.so
7f1918064000-7f1918068000 r-xp 00000000 08:06 930320                     /home/benedikt/openjdk/lib/libmanagement.so
7f1918068000-7f1918069000 r--p 00003000 08:06 930320                     /home/benedikt/openjdk/lib/libmanagement.so
7f1918069000-7f191806a000 rw-p 00004000 08:06 930320                     /home/benedikt/openjdk/lib/libmanagement.so
7f191806c000-7f1918079000 r-xp 00000000 08:06 930332                     /home/benedikt/openjdk/lib/libverify.so
7f1918079000-7f191807b000 r--p 0000c000 08:06 930332                     /home/benedikt/openjdk/lib/libverify.so
7f191807b000-7f191807c000 rw-p 0000e000 08:06 930332                     /home/benedikt/openjdk/lib/libverify.so
7f191807c000-7f1918091000 r-xp 00000000 08:06 930324                     /home/benedikt/openjdk/lib/libnet.so
7f1918091000-7f1918092000 r--p 00014000 08:06 930324                     /home/benedikt/openjdk/lib/libnet.so
7f1918092000-7f1918093000 rw-p 00015000 08:06 930324                     /home/benedikt/openjdk/lib/libnet.so
7f1918094000-7f1918098000 ---p 00000000 00:00 0 
7f1918098000-7f1918195000 rw-p 00000000 00:00 0 
7f1918195000-7f1918199000 ---p 00000000 00:00 0 
7f1918199000-7f1918296000 rw-p 00000000 00:00 0 
7f1918296000-7f191829a000 ---p 00000000 00:00 0 
7f191829a000-7f1918397000 rw-p 00000000 00:00 0 
7f1918397000-7f1918398000 ---p 00000000 00:00 0 
7f1918398000-7f191851a000 rw-p 00000000 00:00 0 
7f191851a000-7f191851b000 ---p 00000000 00:00 0 
7f191851b000-7f191861c000 rw-p 00000000 00:00 0 
7f191861c000-7f191861d000 ---p 00000000 00:00 0 
7f191861d000-7f1918b22000 rw-p 00000000 00:00 0 
7f1918b22000-7f1918b23000 ---p 00000000 00:00 0 
7f1918b23000-7f191903c000 rw-p 00000000 00:00 0 
7f191903c000-7f191a974000 ---p 00000000 00:00 0 
7f191a974000-7f191ad94000 rw-p 00000000 00:00 0 
7f191ad94000-7f191c6cc000 ---p 00000000 00:00 0 
7f191c6cc000-7f191c6d4000 rw-p 00000000 00:00 0 
7f191c6d4000-7f191c944000 rwxp 00000000 00:00 0 
7f191c944000-7f191cc65000 ---p 00000000 00:00 0 
7f191cc65000-7f191ced5000 rwxp 00000000 00:00 0 
7f191ced5000-7f192419c000 ---p 00000000 00:00 0 
7f192419c000-7f192440c000 rwxp 00000000 00:00 0 
7f192440c000-7f192b6d4000 ---p 00000000 00:00 0 
7f192b6d4000-7f1933ff9000 r--s 00000000 08:06 930334                     /home/benedikt/openjdk/lib/modules
7f1934000000-7f1934650000 rw-p 00000000 00:00 0 
7f1934650000-7f1938000000 ---p 00000000 00:00 0 
7f193800c000-7f193800e000 r-xp 00000000 08:06 930304                     /home/benedikt/openjdk/lib/libextnet.so
7f193800e000-7f193800f000 r--p 00001000 08:06 930304                     /home/benedikt/openjdk/lib/libextnet.so
7f193800f000-7f1938010000 rw-p 00002000 08:06 930304                     /home/benedikt/openjdk/lib/libextnet.so
7f1938014000-7f1938025000 r-xp 00000000 08:06 930325                     /home/benedikt/openjdk/lib/libnio.so
7f1938025000-7f1938026000 ---p 00011000 08:06 930325                     /home/benedikt/openjdk/lib/libnio.so
7f1938026000-7f1938027000 r--p 00011000 08:06 930325                     /home/benedikt/openjdk/lib/libnio.so
7f1938027000-7f1938028000 rw-p 00012000 08:06 930325                     /home/benedikt/openjdk/lib/libnio.so
7f193802a000-7f19380c6000 rw-p 00000000 00:00 0 
7f19380c6000-7f19380c7000 ---p 00000000 00:00 0 
7f19380c7000-7f19381c8000 rw-p 00000000 00:00 0 
7f19381c8000-7f19381c9000 ---p 00000000 00:00 0 
7f19381c9000-7f193838c000 rw-p 00000000 00:00 0 
7f193838c000-7f19386b3000 ---p 00000000 00:00 0 
7f19386b3000-7f1938737000 rw-p 00000000 00:00 0 
7f1938737000-7f1938a5e000 ---p 00000000 00:00 0 
7f1938a5e000-7f1938ae2000 rw-p 00000000 00:00 0 
7f1938ae2000-7f1938e09000 ---p 00000000 00:00 0 
7f1938e09000-7f1939213000 rw-p 00000000 00:00 0 
7f1939213000-7f19392f9000 ---p 00000000 00:00 0 
7f19392f9000-7f19392fe000 rw-p 00000000 00:00 0 
7f19392fe000-7f19393e4000 ---p 00000000 00:00 0 
7f19393e4000-7f19393e7000 r--p 00000000 08:06 1053683                    /usr/lib/x86_64-linux-gnu/libnss_files-2.28.so
7f19393e7000-7f19393ee000 r-xp 00003000 08:06 1053683                    /usr/lib/x86_64-linux-gnu/libnss_files-2.28.so
7f19393ee000-7f19393f0000 r--p 0000a000 08:06 1053683                    /usr/lib/x86_64-linux-gnu/libnss_files-2.28.so
7f19393f0000-7f19393f1000 ---p 0000c000 08:06 1053683                    /usr/lib/x86_64-linux-gnu/libnss_files-2.28.so
7f19393f1000-7f19393f2000 r--p 0000c000 08:06 1053683                    /usr/lib/x86_64-linux-gnu/libnss_files-2.28.so
7f19393f2000-7f19393f3000 rw-p 0000d000 08:06 1053683                    /usr/lib/x86_64-linux-gnu/libnss_files-2.28.so
7f19393f3000-7f19393f9000 rw-p 00000000 00:00 0 
7f1939400000-7f1939405000 rw-p 00000000 00:00 0 
7f1939405000-7f193940c000 ---p 00000000 00:00 0 
7f193940c000-7f1939413000 r-xp 00000000 08:06 930333                     /home/benedikt/openjdk/lib/libzip.so
7f1939413000-7f1939414000 r--p 00006000 08:06 930333                     /home/benedikt/openjdk/lib/libzip.so
7f1939414000-7f1939415000 rw-p 00007000 08:06 930333                     /home/benedikt/openjdk/lib/libzip.so
7f193941c000-7f1939440000 r-xp 00000000 08:06 930311                     /home/benedikt/openjdk/lib/libjava.so
7f1939440000-7f1939441000 r--p 00023000 08:06 930311                     /home/benedikt/openjdk/lib/libjava.so
7f1939441000-7f1939443000 rw-p 00024000 08:06 930311                     /home/benedikt/openjdk/lib/libjava.so
7f1939444000-7f193945f000 r-xp 00000000 08:06 930315                     /home/benedikt/openjdk/lib/libjimage.so
7f193945f000-7f1939461000 r--p 0001a000 08:06 930315                     /home/benedikt/openjdk/lib/libjimage.so
7f1939461000-7f1939462000 rw-p 0001c000 08:06 930315                     /home/benedikt/openjdk/lib/libjimage.so
7f1939464000-7f1939466000 r--p 00000000 08:06 1053956                    /usr/lib/x86_64-linux-gnu/librt-2.28.so
7f1939466000-7f193946a000 r-xp 00002000 08:06 1053956                    /usr/lib/x86_64-linux-gnu/librt-2.28.so
7f193946a000-7f193946c000 r--p 00006000 08:06 1053956                    /usr/lib/x86_64-linux-gnu/librt-2.28.so
7f193946c000-7f193946d000 r--p 00007000 08:06 1053956                    /usr/lib/x86_64-linux-gnu/librt-2.28.so
7f193946d000-7f193946e000 rw-p 00008000 08:06 1053956                    /usr/lib/x86_64-linux-gnu/librt-2.28.so
7f1939473000-7f1939477000 ---p 00000000 00:00 0 
7f1939477000-7f1939574000 rw-p 00000000 00:00 0 
7f1939574000-7f1939581000 r--p 00000000 08:06 1053510                    /usr/lib/x86_64-linux-gnu/libm-2.28.so
7f1939581000-7f1939620000 r-xp 0000d000 08:06 1053510                    /usr/lib/x86_64-linux-gnu/libm-2.28.so
7f1939620000-7f19396f5000 r--p 000ac000 08:06 1053510                    /usr/lib/x86_64-linux-gnu/libm-2.28.so
7f19396f5000-7f19396f6000 r--p 00180000 08:06 1053510                    /usr/lib/x86_64-linux-gnu/libm-2.28.so
7f19396f6000-7f19396f7000 rw-p 00181000 08:06 1053510                    /usr/lib/x86_64-linux-gnu/libm-2.28.so
7f19396fc000-7f193a70b000 r-xp 00000000 08:06 930345                     /home/benedikt/openjdk/lib/server/libjvm.so
7f193a70b000-7f193a70c000 ---p 0100f000 08:06 930345                     /home/benedikt/openjdk/lib/server/libjvm.so
7f193a70c000-7f193a7b0000 r--p 0100f000 08:06 930345                     /home/benedikt/openjdk/lib/server/libjvm.so
7f193a7b0000-7f193a7e8000 rw-p 010b3000 08:06 930345                     /home/benedikt/openjdk/lib/server/libjvm.so
7f193a7e8000-7f193a869000 rw-p 00000000 00:00 0 
7f193a86c000-7f193a88e000 r--p 00000000 08:06 1052703                    /usr/lib/x86_64-linux-gnu/libc-2.28.so
7f193a88e000-7f193a9d6000 r-xp 00022000 08:06 1052703                    /usr/lib/x86_64-linux-gnu/libc-2.28.so
7f193a9d6000-7f193aa22000 r--p 0016a000 08:06 1052703                    /usr/lib/x86_64-linux-gnu/libc-2.28.so
7f193aa22000-7f193aa23000 ---p 001b6000 08:06 1052703                    /usr/lib/x86_64-linux-gnu/libc-2.28.so
7f193aa23000-7f193aa27000 r--p 001b6000 08:06 1052703                    /usr/lib/x86_64-linux-gnu/libc-2.28.so
7f193aa27000-7f193aa29000 rw-p 001ba000 08:06 1052703                    /usr/lib/x86_64-linux-gnu/libc-2.28.so
7f193aa29000-7f193aa2d000 rw-p 00000000 00:00 0 
7f193aa34000-7f193aa35000 r--p 00000000 08:06 1052852                    /usr/lib/x86_64-linux-gnu/libdl-2.28.so
7f193aa35000-7f193aa36000 r-xp 00001000 08:06 1052852                    /usr/lib/x86_64-linux-gnu/libdl-2.28.so
7f193aa36000-7f193aa37000 r--p 00002000 08:06 1052852                    /usr/lib/x86_64-linux-gnu/libdl-2.28.so
7f193aa37000-7f193aa38000 r--p 00002000 08:06 1052852                    /usr/lib/x86_64-linux-gnu/libdl-2.28.so
7f193aa38000-7f193aa39000 rw-p 00003000 08:06 1052852                    /usr/lib/x86_64-linux-gnu/libdl-2.28.so
7f193aa3c000-7f193aa42000 r--p 00000000 08:06 1053880                    /usr/lib/x86_64-linux-gnu/libpthread-2.28.so
7f193aa42000-7f193aa51000 r-xp 00006000 08:06 1053880                    /usr/lib/x86_64-linux-gnu/libpthread-2.28.so
7f193aa51000-7f193aa57000 r--p 00015000 08:06 1053880                    /usr/lib/x86_64-linux-gnu/libpthread-2.28.so
7f193aa57000-7f193aa58000 r--p 0001a000 08:06 1053880                    /usr/lib/x86_64-linux-gnu/libpthread-2.28.so
7f193aa58000-7f193aa59000 rw-p 0001b000 08:06 1053880                    /usr/lib/x86_64-linux-gnu/libpthread-2.28.so
7f193aa59000-7f193aa5d000 rw-p 00000000 00:00 0 
7f193aa64000-7f193aa72000 r-xp 00000000 08:06 930316                     /home/benedikt/openjdk/lib/libjli.so
7f193aa72000-7f193aa73000 ---p 0000e000 08:06 930316                     /home/benedikt/openjdk/lib/libjli.so
7f193aa73000-7f193aa74000 r--p 0000e000 08:06 930316                     /home/benedikt/openjdk/lib/libjli.so
7f193aa74000-7f193aa75000 rw-p 0000f000 08:06 930316                     /home/benedikt/openjdk/lib/libjli.so
7f193aa7c000-7f193aa98000 r-xp 00000000 08:06 1054387                    /usr/lib/x86_64-linux-gnu/libz.so.1.2.11
7f193aa98000-7f193ac98000 ---p 0001c000 08:06 1054387                    /usr/lib/x86_64-linux-gnu/libz.so.1.2.11
7f193ac98000-7f193ac99000 r--p 0001c000 08:06 1054387                    /usr/lib/x86_64-linux-gnu/libz.so.1.2.11
7f193ac99000-7f193ac9a000 rw-p 0001d000 08:06 1054387                    /usr/lib/x86_64-linux-gnu/libz.so.1.2.11
7f193aca4000-7f193acac000 rw-s 00000000 08:06 1574566                    /tmp/hsperfdata_benedikt/20882
7f193acac000-7f193acb6000 r-xp 00000000 08:06 930306                     /home/benedikt/openjdk/lib/libinstrument.so
7f193acb6000-7f193acb7000 r--p 00009000 08:06 930306                     /home/benedikt/openjdk/lib/libinstrument.so
7f193acb7000-7f193acb8000 rw-p 0000a000 08:06 930306                     /home/benedikt/openjdk/lib/libinstrument.so
7f193acba000-7f193acbb000 ---p 00000000 00:00 0 
7f193acbb000-7f193acbc000 r--p 00000000 00:00 0 
7f193acbc000-7f193acbd000 r--p 00000000 08:06 1052138                    /usr/lib/x86_64-linux-gnu/ld-2.28.so
7f193acbd000-7f193acdb000 r-xp 00001000 08:06 1052138                    /usr/lib/x86_64-linux-gnu/ld-2.28.so
7f193acdb000-7f193ace3000 r--p 0001f000 08:06 1052138                    /usr/lib/x86_64-linux-gnu/ld-2.28.so
7f193ace3000-7f193ace4000 r--p 00026000 08:06 1052138                    /usr/lib/x86_64-linux-gnu/ld-2.28.so
7f193ace4000-7f193ace5000 rw-p 00027000 08:06 1052138                    /usr/lib/x86_64-linux-gnu/ld-2.28.so
7f193ace5000-7f193ace6000 rw-p 00000000 00:00 0 
7f193ace6000-7f193ace7000 ---p 00000000 00:00 0 
7f193ace7000-7f193aceb000 rw-p 00000000 00:00 0 
7ffe6f18d000-7ffe6f1af000 rw-p 00000000 00:00 0                          [stack]
7ffe6f1cc000-7ffe6f1cf000 r--p 00000000 00:00 0                          [vvar]
7ffe6f1cf000-7ffe6f1d1000 r-xp 00000000 00:00 0                          [vdso]


VM Arguments:
jvm_args: -javaagent:/home/benedikt/IntelliJ/lib/idea_rt.jar=42247:/home/benedikt/IntelliJ/bin -Dfile.encoding=UTF-8 
java_command: muehle.AppKt
java_class_path (initial): /home/benedikt/Desktop/Uni/PiS/ProjektarbeitPiS2020/build/classes/kotlin/main:/home/benedikt/Desktop/Uni/PiS/ProjektarbeitPiS2020/build/resources/main:/home/benedikt/.gradle/caches/modules-2/files-2.1/io.javalin/javalin/3.7.0/a357d0953f52691f2a7d1b6037174ed6592c6de1/javalin-3.7.0.jar:/home/benedikt/.gradle/caches/modules-2/files-2.1/org.slf4j/slf4j-simple/1.7.28/cf5f2cf3c31e0e41b68d932d756398a1238d4456/slf4j-simple-1.7.28.jar:/home/benedikt/.gradle/caches/modules-2/files-2.1/org.jetbrains.kotlin/kotlin-stdlib-jdk8/1.3.72/916d54b9eb6442b615e6f1488978f551c0674720/kotlin-stdlib-jdk8-1.3.72.jar:/home/benedikt/.gradle/caches/modules-2/files-2.1/org.slf4j/slf4j-api/1.7.28/2cd9b264f76e3d087ee21bfc99305928e1bdb443/slf4j-api-1.7.28.jar:/home/benedikt/.gradle/caches/modules-2/files-2.1/org.eclipse.jetty/jetty-webapp/9.4.25.v20191220/d9f0c70493252c7cf9b2952b88051c999cf9f53c/jetty-webapp-9.4.25.v20191220.jar:/home/benedikt/.gradle/caches/modules-2/files-2.1/org.eclipse.jetty.websocket/websocket-server/9.4.25.v20191220/642fea5ce3946ba3654d27b516c2315a0d939f7c/websocket-server-9.4.25.v20191220.jar:/home/benedikt/.gradle/caches/modules-2/files-2.1/org.eclipse.jetty/jetty-server/9.4.25.v20191220/5b352c9f9135a1c20e4808e5cb1d84fbddfdc460/jetty-server-9.4.25.v20191220.jar:/home/benedikt/.gradle/caches/modules-2/files-2.1/org.jetbrains.kotlin/kotlin-stdlib-jdk7/1.3.72/3adfc2f4ea4243e01204be8081fe63bde6b12815/kotlin-stdlib-jdk7-1.3.72.jar:/home/benedikt/.gradle/caches/modules-2/files-2.1/org.jetbrains.kotlin/kotlin-stdlib/1.3.72/8032138f12c0180bc4e51fe139d4c52b46db6109/kotlin-stdlib-1.3.72.jar:/home/benedikt/.gradle/caches/modules-2/files-2.1/org.eclipse.jetty/jetty-servlet/9.4.25.v20191220/bee77d6a4f87dc90d5bc142cbd6cef470ec46aae/jetty-servlet-9.4.25.v20191220.jar:/home/benedikt/.gradle/caches/modules-2/files-2.1/org.eclipse.jetty/jetty-xml/9.4.25.v20191220/697a266475607faf3633cea196654feaf40a2ff8/jetty-xml-9.4.25.v20191220.jar:/home/benedikt/.gradle/caches
Launcher Type: SUN_STANDARD

[Global flags]
     intx CICompilerCount                          = 3                                         {product} {ergonomic}
     uint ConcGCThreads                            = 1                                         {product} {ergonomic}
     uint G1ConcRefinementThreads                  = 4                                         {product} {ergonomic}
   size_t G1HeapRegionSize                         = 1048576                                   {product} {ergonomic}
    uintx GCDrainStackTargetSize                   = 64                                        {product} {ergonomic}
   size_t InitialHeapSize                          = 123731968                                 {product} {ergonomic}
   size_t MarkStackSize                            = 4194304                                   {product} {ergonomic}
   size_t MaxHeapSize                              = 1969225728                                {product} {ergonomic}
   size_t MaxNewSize                               = 1180696576                                {product} {ergonomic}
   size_t MinHeapDeltaBytes                        = 1048576                                   {product} {ergonomic}
   size_t MinHeapSize                              = 8388608                                   {product} {ergonomic}
    uintx NonNMethodCodeHeapSize                   = 5832780                                {pd product} {ergonomic}
    uintx NonProfiledCodeHeapSize                  = 122912730                              {pd product} {ergonomic}
    uintx ProfiledCodeHeapSize                     = 122912730                              {pd product} {ergonomic}
    uintx ReservedCodeCacheSize                    = 251658240                              {pd product} {ergonomic}
     bool SegmentedCodeCache                       = true                                      {product} {ergonomic}
   size_t SoftMaxHeapSize                          = 1969225728                             {manageable} {ergonomic}
     bool UseCompressedClassPointers               = true                                 {lp64_product} {ergonomic}
     bool UseCompressedOops                        = true                                 {lp64_product} {ergonomic}
     bool UseG1GC                                  = true                                      {product} {ergonomic}

Logging:
Log output configuration:
 #0: stdout all=warning uptime,level,tags
 #1: stderr all=off uptime,level,tags

Environment Variables:
PATH=/usr/local/bin:/usr/bin:/bin:/usr/local/games:/usr/games
SHELL=/bin/bash
DISPLAY=:0.0

Signal Handlers:
SIGSEGV: [libjvm.so+0xd315c0], sa_mask[0]=11111111011111111101111111111110, sa_flags=SA_RESTART|SA_SIGINFO
SIGBUS: [libjvm.so+0xd315c0], sa_mask[0]=11111111011111111101111111111110, sa_flags=SA_RESTART|SA_SIGINFO
SIGFPE: [libjvm.so+0xd315c0], sa_mask[0]=11111111011111111101111111111110, sa_flags=SA_RESTART|SA_SIGINFO
SIGPIPE: [libjvm.so+0xb1c1d0], sa_mask[0]=11111111011111111101111111111110, sa_flags=SA_RESTART|SA_SIGINFO
SIGXFSZ: [libjvm.so+0xb1c1d0], sa_mask[0]=11111111011111111101111111111110, sa_flags=SA_RESTART|SA_SIGINFO
SIGILL: [libjvm.so+0xd315c0], sa_mask[0]=11111111011111111101111111111110, sa_flags=SA_RESTART|SA_SIGINFO
SIGUSR2: [libjvm.so+0xb1c060], sa_mask[0]=00100000000000000000000000000000, sa_flags=SA_RESTART|SA_SIGINFO
SIGHUP: [libjvm.so+0xb1c7d0], sa_mask[0]=11111111011111111101111111111110, sa_flags=SA_RESTART|SA_SIGINFO
SIGINT: [libjvm.so+0xb1c7d0], sa_mask[0]=11111111011111111101111111111110, sa_flags=SA_RESTART|SA_SIGINFO
SIGTERM: [libjvm.so+0xb1c7d0], sa_mask[0]=11111111011111111101111111111110, sa_flags=SA_RESTART|SA_SIGINFO
SIGQUIT: [libjvm.so+0xb1c7d0], sa_mask[0]=11111111011111111101111111111110, sa_flags=SA_RESTART|SA_SIGINFO


---------------  S Y S T E M  ---------------

OS:PRETTY_NAME="MX 19.2 patito feo"
DISTRIB_ID=MX
DISTRIB_RELEASE=19.2 
DISTRIB_CODENAME="patito feo"
DISTRIB_DESCRIPTION="MX 19.2 patito feo"
uname:Linux 4.19.0-6-amd64 #1 SMP Debian 4.19.67-2+deb10u2 (2019-11-11) x86_64
OS uptime: 1 days 7:48 hours
libc:glibc 2.28 NPTL 2.28 
rlimit: STACK 8192k, CORE 0k, NPROC 29275, NOFILE 1048576, AS infinity, DATA infinity, FSIZE infinity
load average:2.31 2.18 1.69

/proc/meminfo:
MemTotal:        7686448 kB
MemFree:          119308 kB
MemAvailable:      63220 kB
Buffers:            4560 kB
Cached:           176064 kB
SwapCached:            0 kB
Active:          7088596 kB
Inactive:         127424 kB
Active(anon):    7038144 kB
Inactive(anon):    75260 kB
Active(file):      50452 kB
Inactive(file):    52164 kB
Unevictable:          96 kB
Mlocked:              96 kB
SwapTotal:             0 kB
SwapFree:              0 kB
Dirty:                44 kB
Writeback:             0 kB
AnonPages:       7034500 kB
Mapped:           161532 kB
Shmem:             77540 kB
Slab:             144820 kB
SReclaimable:      54856 kB
SUnreclaim:        89964 kB
KernelStack:       16768 kB
PageTables:        41912 kB
NFS_Unstable:          0 kB
Bounce:                0 kB
WritebackTmp:          0 kB
CommitLimit:     3843224 kB
Committed_AS:   11068972 kB
VmallocTotal:   34359738367 kB
VmallocUsed:           0 kB
VmallocChunk:          0 kB
Percpu:             2080 kB
HardwareCorrupted:     0 kB
AnonHugePages:   2875392 kB
ShmemHugePages:        0 kB
ShmemPmdMapped:        0 kB
HugePages_Total:       0
HugePages_Free:        0
HugePages_Rsvd:        0
HugePages_Surp:        0
Hugepagesize:       2048 kB
Hugetlb:               0 kB
DirectMap4k:      337408 kB
DirectMap2M:     6445056 kB
DirectMap1G:     2097152 kB


/proc/sys/kernel/threads-max (system-wide limit on the number of threads):
58550


/proc/sys/vm/max_map_count (maximum number of memory map areas a process may have):
65530


/proc/sys/kernel/pid_max (system-wide limit on number of process identifiers):
32768



container (cgroup) information:
container_type: cgroupv1
cpu_cpuset_cpus: 0-3
cpu_memory_nodes: 0
active_processor_count: 4
cpu_quota: no quota
cpu_period: 100000
cpu_shares: no shares
memory_limit_in_bytes: unlimited
memory_and_swap_limit_in_bytes: not supported
memory_soft_limit_in_bytes: unlimited
memory_usage_in_bytes: 7217098752
memory_max_usage_in_bytes: 7252127744

Steal ticks since vm start: 0
Steal ticks percentage since vm start:  0.000

CPU:total 4 (initial active 4) (4 cores per cpu, 1 threads per core) family 21 model 101 stepping 1, cmov, cx8, fxsr, mmx, sse, sse2, sse3, ssse3, sse4.1, sse4.2, popcnt, avx, avx2, aes, clmul, mmxext, 3dnowpref, lzcnt, sse4a, tsc, tscinvbit, tscinv, bmi1, bmi2, fma
CPU Model and flags from /proc/cpuinfo:
model name	: AMD A10-9600P RADEON R5, 10 COMPUTE CORES 4C+6G
flags		: fpu vme de pse tsc msr pae mce cx8 apic sep mtrr pge mca cmov pat pse36 clflush mmx fxsr sse sse2 ht syscall nx mmxext fxsr_opt pdpe1gb rdtscp lm constant_tsc rep_good acc_power nopl nonstop_tsc cpuid extd_apicid aperfmperf pni pclmulqdq monitor ssse3 fma cx16 sse4_1 sse4_2 movbe popcnt aes xsave avx f16c rdrand lahf_lm cmp_legacy svm extapic cr8_legacy abm sse4a misalignsse 3dnowprefetch osvw ibs xop skinit wdt lwp fma4 tce nodeid_msr tbm topoext perfctr_core perfctr_nb bpext ptsc mwaitx cpb hw_pstate ssbd vmmcall fsgsbase bmi1 avx2 smep bmi2 xsaveopt arat npt lbrv svm_lock nrip_save tsc_scale vmcb_clean flushbyasid decodeassists pausefilter pfthreshold avic v_vmsave_vmload vgif overflow_recov

Memory: 4k page, physical 7686448k(119308k free), swap 0k(0k free)

vm_info: OpenJDK 64-Bit Server VM (14.0.1+7) for linux-amd64 JRE (14.0.1+7), built on Mar  5 2020 10:33:03 by "mach5one" with gcc 8.3.0

END.
